Unity Editor version:    2022.3.42f1 (2dcb6a0abc42)
Branch:                  2022.3/staging
Build type:              Release
Batch mode:              YES
macOS version:           Version 15.0.1 (Build 24A348)
Darwin version:          24.0.0
Architecture:            x86_64
Running under Rosetta:   NO
Available memory:        32768 MB
Using pre-set license
Pro License: YES

COMMAND LINE ARGUMENTS:
/Applications/Unity/2022.3.42f1/Unity.app/Contents/MacOS/Unity
-adb2
-batchMode
-noUpm
-name
AssetImportWorker3
-projectPath
/Users/antonbandarenka/UnityProjects/Unity_FS_Dev/Space Invaders
-logFile
Logs/AssetImportWorker3.log
-srvPort
61128
Successfully changed project path to: /Users/antonbandarenka/UnityProjects/Unity_FS_Dev/Space Invaders
/Users/antonbandarenka/UnityProjects/Unity_FS_Dev/Space Invaders
[UnityMemory] Configuration Parameters - Can be set up in boot.config
    "memorysetup-bucket-allocator-granularity=16"
    "memorysetup-bucket-allocator-bucket-count=8"
    "memorysetup-bucket-allocator-block-size=33554432"
    "memorysetup-bucket-allocator-block-count=8"
    "memorysetup-main-allocator-block-size=16777216"
    "memorysetup-thread-allocator-block-size=16777216"
    "memorysetup-gfx-main-allocator-block-size=16777216"
    "memorysetup-gfx-thread-allocator-block-size=16777216"
    "memorysetup-cache-allocator-block-size=4194304"
    "memorysetup-typetree-allocator-block-size=2097152"
    "memorysetup-profiler-bucket-allocator-granularity=16"
    "memorysetup-profiler-bucket-allocator-bucket-count=8"
    "memorysetup-profiler-bucket-allocator-block-size=33554432"
    "memorysetup-profiler-bucket-allocator-block-count=8"
    "memorysetup-profiler-allocator-block-size=16777216"
    "memorysetup-profiler-editor-allocator-block-size=1048576"
    "memorysetup-temp-allocator-size-main=16777216"
    "memorysetup-job-temp-allocator-block-size=2097152"
    "memorysetup-job-temp-allocator-block-size-background=1048576"
    "memorysetup-job-temp-allocator-reduction-small-platforms=262144"
    "memorysetup-allocator-temp-initial-block-size-main=262144"
    "memorysetup-allocator-temp-initial-block-size-worker=262144"
    "memorysetup-temp-allocator-size-background-worker=32768"
    "memorysetup-temp-allocator-size-job-worker=262144"
    "memorysetup-temp-allocator-size-preload-manager=33554432"
    "memorysetup-temp-allocator-size-nav-mesh-worker=65536"
    "memorysetup-temp-allocator-size-audio-worker=65536"
    "memorysetup-temp-allocator-size-cloud-worker=32768"
    "memorysetup-temp-allocator-size-gi-baking-worker=262144"
    "memorysetup-temp-allocator-size-gfx=262144"
Player connection [140704561870464]  Target information:

Player connection [140704561870464]  * "[IP] 10.0.1.10 [Port] 0 [Flags] 2 [Guid] 539521630 [EditorId] 539521630 [Version] 1048832 [Id] OSXEditor(0,iMac-Anton.local) [Debug] 1 [PackageName] OSXEditor [ProjectName] Editor" 

Player connection [140704561870464]  * "[IP] 10.0.1.20 [Port] 0 [Flags] 2 [Guid] 539521630 [EditorId] 539521630 [Version] 1048832 [Id] OSXEditor(0,iMac-Anton.local) [Debug] 1 [PackageName] OSXEditor [ProjectName] Editor" 

Player connection [140704561870464]  * "[IP] 10.5.0.2 [Port] 0 [Flags] 2 [Guid] 539521630 [EditorId] 539521630 [Version] 1048832 [Id] OSXEditor(0,iMac-Anton.local) [Debug] 1 [PackageName] OSXEditor [ProjectName] Editor" 

Player connection [140704561870464] Host joined multi-casting on [225.0.0.222:54997]...
Player connection [140704561870464] Host joined alternative multi-casting on [225.0.0.222:34997]...
[PhysX] Initialized MultithreadedTaskDispatcher with 12 workers.
Refreshing native plugins compatible for Editor in 11.60 ms, found 2 plugins.
Preloading 0 native plugins for Editor in 0.00 ms.
Initialize engine version: 2022.3.42f1 (2dcb6a0abc42)
[Subsystems] Discovering subsystems at path /Applications/Unity/2022.3.42f1/Unity.app/Contents/Resources/UnitySubsystems
[Subsystems] Discovering subsystems at path /Users/antonbandarenka/UnityProjects/Unity_FS_Dev/Space Invaders/Assets
GfxDevice: creating device client; threaded=0; jobified=0
iMac preferred device: AMD Radeon Pro 5300 (high power)
Metal devices available: 1
0: AMD Radeon Pro 5300 (high power)
Using device AMD Radeon Pro 5300 (high power)
Initializing Metal device caps: AMD Radeon Pro 5300
Initialize mono
Mono path[0] = '/Applications/Unity/2022.3.42f1/Unity.app/Contents/Managed'
Mono path[1] = '/Applications/Unity/2022.3.42f1/Unity.app/Contents/MonoBleedingEdge/lib/mono/unityjit-macos'
Mono config path = '/Applications/Unity/2022.3.42f1/Unity.app/Contents/MonoBleedingEdge/etc'
Using monoOptions --debugger-agent=transport=dt_socket,embedding=1,server=y,suspend=n,address=127.0.0.1:56467
Begin MonoManager ReloadAssembly
Registering precompiled unity dll's ...
Register platform support module: /Applications/Unity/2022.3.42f1/Unity.app/Contents/PlaybackEngines/MacStandaloneSupport/UnityEditor.OSXStandalone.Extensions.dll
Register platform support module: /Applications/Unity/2022.3.42f1/PlaybackEngines/AndroidPlayer/UnityEditor.Android.Extensions.dll
Register platform support module: /Applications/Unity/2022.3.42f1/PlaybackEngines/iOSSupport/UnityEditor.iOS.Extensions.dll
Registered in 0.001969 seconds.
- Loaded All Assemblies, in  0.375 seconds
[usbmuxd] Start listen thread
[usbmuxd] Listen thread started
[usbmuxd] Send listen message
Native extension for iOS target not found
Native extension for Android target not found
Android Extension - Scanning For ADB Devices 169 ms
Native extension for OSXStandalone target not found
Mono: successfully reloaded assembly
- Finished resetting the current domain, in  0.651 seconds
Domain Reload Profiling: 1027ms
	BeginReloadAssembly (98ms)
		ExecutionOrderSort (0ms)
		DisableScriptedObjects (0ms)
		BackupInstance (0ms)
		ReleaseScriptingObjects (0ms)
		CreateAndSetChildDomain (1ms)
	RebuildCommonClasses (40ms)
	RebuildNativeTypeToScriptingClass (12ms)
	initialDomainReloadingComplete (52ms)
	LoadAllAssembliesAndSetupDomain (173ms)
		LoadAssemblies (98ms)
		RebuildTransferFunctionScriptingTraits (0ms)
		AnalyzeDomain (170ms)
			TypeCache.Refresh (168ms)
				TypeCache.ScanAssembly (153ms)
			ScanForSourceGeneratedMonoScriptInfo (0ms)
			ResolveRequiredComponents (0ms)
	FinalizeReload (652ms)
		ReleaseScriptCaches (0ms)
		RebuildScriptCaches (0ms)
		SetupLoadedEditorAssemblies (601ms)
			LogAssemblyErrors (0ms)
			InitializePlatformSupportModulesInManaged (422ms)
			SetLoadedEditorAssemblies (4ms)
			RefreshPlugins (0ms)
			BeforeProcessingInitializeOnLoad (3ms)
			ProcessInitializeOnLoadAttributes (122ms)
			ProcessInitializeOnLoadMethodAttributes (49ms)
			AfterProcessingInitializeOnLoad (0ms)
			EditorAssembliesLoaded (0ms)
		ExecutionOrderSort2 (0ms)
		AwakeInstancesAfterBackupRestoration (0ms)
========================================================================
Worker process is ready to serve import requests
Caller must complete domain reload
Begin MonoManager ReloadAssembly
Symbol file LoadedFromMemory is not a mono symbol file
- Loaded All Assemblies, in  0.692 seconds
Native extension for iOS target not found
Native extension for Android target not found
Native extension for OSXStandalone target not found
Package Manager log level set to [2]
[Package Manager] Server::EnsureServerProcessIsRunning -- launch failed, reason: Unity was launched with the -noUpm command-line argument
[Package Manager] UpmClient::Send -- Unable to send message (not connected to UPM process).
[Package Manager] Cannot connect to Unity Package Manager local server
Mono: successfully reloaded assembly
- Finished resetting the current domain, in  0.897 seconds
Domain Reload Profiling: 1580ms
	BeginReloadAssembly (167ms)
		ExecutionOrderSort (0ms)
		DisableScriptedObjects (6ms)
		BackupInstance (0ms)
		ReleaseScriptingObjects (0ms)
		CreateAndSetChildDomain (39ms)
	RebuildCommonClasses (42ms)
	RebuildNativeTypeToScriptingClass (13ms)
	initialDomainReloadingComplete (46ms)
	LoadAllAssembliesAndSetupDomain (414ms)
		LoadAssemblies (339ms)
		RebuildTransferFunctionScriptingTraits (0ms)
		AnalyzeDomain (163ms)
			TypeCache.Refresh (137ms)
				TypeCache.ScanAssembly (114ms)
			ScanForSourceGeneratedMonoScriptInfo (20ms)
			ResolveRequiredComponents (4ms)
	FinalizeReload (898ms)
		ReleaseScriptCaches (0ms)
		RebuildScriptCaches (0ms)
		SetupLoadedEditorAssemblies (683ms)
			LogAssemblyErrors (0ms)
			InitializePlatformSupportModulesInManaged (73ms)
			SetLoadedEditorAssemblies (5ms)
			RefreshPlugins (0ms)
			BeforeProcessingInitializeOnLoad (65ms)
			ProcessInitializeOnLoadAttributes (361ms)
			ProcessInitializeOnLoadMethodAttributes (177ms)
			AfterProcessingInitializeOnLoad (1ms)
			EditorAssembliesLoaded (0ms)
		ExecutionOrderSort2 (0ms)
		AwakeInstancesAfterBackupRestoration (4ms)
Launching external process: /Applications/Unity/2022.3.42f1/Unity.app/Contents/Tools/UnityShaderCompiler
Launched and connected shader compiler UnityShaderCompiler after 0.06 seconds
Refreshing native plugins compatible for Editor in 5.25 ms, found 2 plugins.
Preloading 0 native plugins for Editor in 0.00 ms.
Unloading 2504 Unused Serialized files (Serialized files now loaded: 0)
Unloading 22 unused Assets / (47.2 KB). Loaded Objects now: 2982.
Memory consumption went from 120.7 MB to 120.7 MB.
Total: 6.738593 ms (FindLiveObjects: 0.210197 ms CreateObjectMapping: 0.171682 ms MarkObjects: 6.237469 ms  DeleteObjects: 0.118159 ms)

AssetImportParameters requested are different than current active one (requested -> active):
  custom:video-decoder-webm-vp8: 9c59270c3fd7afecdb556c50c9e8de78 -> 
  custom:scripting/monoscript/fileName/Spawner.cs: bb808fe5ba46e80f45756954ecbedb2a -> 90647cc400823b41df847a6cbfc29026
  custom:scripting/monoscript/fileName/IPoolReleasable.cs: cee9ced9ab4121fd17704fbe349d8cd9 -> 90647cc400823b41df847a6cbfc29026
  custom:SearchIndexIgnoredProperties: e643bd26f0fe6173181afceb89e7c659 -> 
  custom:container-demuxer-ogg: 62fdf1f143b41e24485cea50d1cbac27 -> 
  custom:AudioImporter_EditorPlatform: 3918e3fc78b5a79bad01e8451be0beb8 -> 
  custom:scripting/monoscript/fileName/GameManager.cs: 7cbdab9c4177b646065340f98a1bb89e -> 
  custom:scripting/monoscript/fileName/BulletSpawner.cs: 07f4d43d5afce3bf1a1f5d4cebdaa402 -> 8a90a9ec341e444208dea5fc31a0933f
  custom:video-decoder-ogg-theora: a1e56fd34408186e4bbccfd4996cb3dc -> 
  custom:scripting/monoscript/fileName/EnemySpaceship.cs: 41a55b57737353fb9fccd9b5bdfd6f1f -> 
  custom:scripting/monoscript/fileName/LayerMaskToIntExtension.cs: b2221b9da2139f7d1e6c3194640006c1 -> 6961948ffe58dd3c1db5ec0b74815dfd
  custom:scripting/monoscript/fileName/SpaceshipFactory.cs: a336b4230a52f9ffd092a914239c15c7 -> 
  custom:framework-osx-AVFoundation: e770b220cccbd017edd2c1fefb359320 -> 
  custom:scripting/monoscript/fileName/BulletFactory.cs: faf67a7f4535467c3e75de1d068c66b5 -> 
  custom:video-encoder-webm-vp8: eb34c28f22e8b96e1ab97ce403110664 -> 
  custom:scripting/monoscript/fileName/FactoryController.cs: 1803547532a53abbbb96a9a985d883e2 -> 
  custom:scripting/monoscript/fileName/EnemyController.cs: 36f24d4e31b618e8ec9a0acf56f0adfd -> 
  custom:audio-decoder-ogg-vorbis: bf7c407c2cedff20999df2af8eb42d56 -> 
  custom:scripting/monoscript/fileName/Bullet.cs: 872cf5cad6b1a9955c23406522b9cf77 -> 6258a3063046a09b965729d4164f206b
  custom:CustomObjectIndexerAttribute: 9a22284fe3817be447336de3de66b15e -> 
  custom:scripting/monoscript/fileName/PlayerManager.cs: a77c9f80bd85d83fac231c440136003f -> 
  custom:container-demuxer-webm: 4f35f7cbe854078d1ac9338744f61a02 -> 
  custom:scripting/monoscript/fileName/IWeapon.cs: fccf9f8b881f5a6cd15657495ae102ec -> 18a68f1a963ed4b9271c312bd01d86af
  custom:audio-encoder-webm-vorbis: bf7c407c2cedff20999df2af8eb42d56 -> 
  custom:scripting/monoscript/fileName/EnemySpawner.cs: e39a243dda0d2d8cc62ad435ae8ecfae -> 
  custom:scripting/monoscript/fileName/IPoolable.cs: d18cf3b77b5562204bad4377c97fa3bb -> 
  custom:container-muxer-webm: aa71ff27fc2769a1b78a27578f13a17b -> 
========================================================================
Received Prepare
Caller must complete domain reload
Begin MonoManager ReloadAssembly
Symbol file LoadedFromMemory is not a mono symbol file
- Loaded All Assemblies, in  0.455 seconds
Native extension for iOS target not found
Native extension for Android target not found
Native extension for OSXStandalone target not found
[Package Manager] Server::EnsureServerProcessIsRunning -- launch failed, reason: Unity was launched with the -noUpm command-line argument
[Package Manager] UpmClient::Send -- Unable to send message (not connected to UPM process).
[Package Manager] Cannot connect to Unity Package Manager local server
Mono: successfully reloaded assembly
- Finished resetting the current domain, in  1.511 seconds
Domain Reload Profiling: 1966ms
	BeginReloadAssembly (170ms)
		ExecutionOrderSort (0ms)
		DisableScriptedObjects (6ms)
		BackupInstance (0ms)
		ReleaseScriptingObjects (0ms)
		CreateAndSetChildDomain (58ms)
	RebuildCommonClasses (40ms)
	RebuildNativeTypeToScriptingClass (12ms)
	initialDomainReloadingComplete (26ms)
	LoadAllAssembliesAndSetupDomain (207ms)
		LoadAssemblies (273ms)
		RebuildTransferFunctionScriptingTraits (0ms)
		AnalyzeDomain (11ms)
			TypeCache.Refresh (5ms)
				TypeCache.ScanAssembly (0ms)
			ScanForSourceGeneratedMonoScriptInfo (0ms)
			ResolveRequiredComponents (4ms)
	FinalizeReload (1511ms)
		ReleaseScriptCaches (0ms)
		RebuildScriptCaches (0ms)
		SetupLoadedEditorAssemblies (723ms)
			LogAssemblyErrors (0ms)
			InitializePlatformSupportModulesInManaged (77ms)
			SetLoadedEditorAssemblies (4ms)
			RefreshPlugins (0ms)
			BeforeProcessingInitializeOnLoad (66ms)
			ProcessInitializeOnLoadAttributes (352ms)
			ProcessInitializeOnLoadMethodAttributes (223ms)
			AfterProcessingInitializeOnLoad (1ms)
			EditorAssembliesLoaded (0ms)
		ExecutionOrderSort2 (0ms)
		AwakeInstancesAfterBackupRestoration (5ms)
Refreshing native plugins compatible for Editor in 7.79 ms, found 2 plugins.
Preloading 0 native plugins for Editor in 0.00 ms.
Unloading 2484 Unused Serialized files (Serialized files now loaded: 0)
Unloading 13 unused Assets / (26.9 KB). Loaded Objects now: 2985.
Memory consumption went from 124.2 MB to 124.2 MB.
Total: 6.732641 ms (FindLiveObjects: 0.208915 ms CreateObjectMapping: 0.174395 ms MarkObjects: 6.307621 ms  DeleteObjects: 0.040638 ms)

Prepare: number of updated asset objects reloaded= 0
AssetImportParameters requested are different than current active one (requested -> active):
  custom:video-decoder-webm-vp8: 9c59270c3fd7afecdb556c50c9e8de78 -> 
  custom:scripting/monoscript/fileName/Spawner.cs: bb808fe5ba46e80f45756954ecbedb2a -> 90647cc400823b41df847a6cbfc29026
  custom:scripting/monoscript/fileName/IPoolReleasable.cs: cee9ced9ab4121fd17704fbe349d8cd9 -> 90647cc400823b41df847a6cbfc29026
  custom:SearchIndexIgnoredProperties: e643bd26f0fe6173181afceb89e7c659 -> 
  custom:container-demuxer-ogg: 62fdf1f143b41e24485cea50d1cbac27 -> 
  custom:AudioImporter_EditorPlatform: 3918e3fc78b5a79bad01e8451be0beb8 -> 
  custom:scripting/monoscript/fileName/GameManager.cs: 7cbdab9c4177b646065340f98a1bb89e -> 
  custom:scripting/monoscript/fileName/BulletSpawner.cs: 07f4d43d5afce3bf1a1f5d4cebdaa402 -> 8a90a9ec341e444208dea5fc31a0933f
  custom:video-decoder-ogg-theora: a1e56fd34408186e4bbccfd4996cb3dc -> 
  custom:scripting/monoscript/fileName/EnemySpaceship.cs: 41a55b57737353fb9fccd9b5bdfd6f1f -> 
  custom:scripting/monoscript/fileName/LayerMaskToIntExtension.cs: b2221b9da2139f7d1e6c3194640006c1 -> 6961948ffe58dd3c1db5ec0b74815dfd
  custom:scripting/monoscript/fileName/SpaceshipFactory.cs: a336b4230a52f9ffd092a914239c15c7 -> 
  custom:framework-osx-AVFoundation: e770b220cccbd017edd2c1fefb359320 -> 
  custom:scripting/monoscript/fileName/BulletFactory.cs: faf67a7f4535467c3e75de1d068c66b5 -> 
  custom:video-encoder-webm-vp8: eb34c28f22e8b96e1ab97ce403110664 -> 
  custom:scripting/monoscript/fileName/FactoryController.cs: 1803547532a53abbbb96a9a985d883e2 -> 
  custom:scripting/monoscript/fileName/EnemyController.cs: 36f24d4e31b618e8ec9a0acf56f0adfd -> 
  custom:audio-decoder-ogg-vorbis: bf7c407c2cedff20999df2af8eb42d56 -> 
  custom:scripting/monoscript/fileName/Bullet.cs: 872cf5cad6b1a9955c23406522b9cf77 -> 6258a3063046a09b965729d4164f206b
  custom:CustomObjectIndexerAttribute: 9a22284fe3817be447336de3de66b15e -> 
  custom:scripting/monoscript/fileName/PlayerManager.cs: a77c9f80bd85d83fac231c440136003f -> 
  custom:container-demuxer-webm: 4f35f7cbe854078d1ac9338744f61a02 -> 
  custom:scripting/monoscript/fileName/IWeapon.cs: fccf9f8b881f5a6cd15657495ae102ec -> 18a68f1a963ed4b9271c312bd01d86af
  custom:audio-encoder-webm-vorbis: bf7c407c2cedff20999df2af8eb42d56 -> 
  custom:scripting/monoscript/fileName/EnemySpawner.cs: e39a243dda0d2d8cc62ad435ae8ecfae -> 
  custom:scripting/monoscript/fileName/IPoolable.cs: d18cf3b77b5562204bad4377c97fa3bb -> 
  custom:container-muxer-webm: aa71ff27fc2769a1b78a27578f13a17b -> 
========================================================================
Received Prepare
Caller must complete domain reload
Begin MonoManager ReloadAssembly
Symbol file LoadedFromMemory is not a mono symbol file
- Loaded All Assemblies, in  0.554 seconds
Native extension for iOS target not found
Native extension for Android target not found
Native extension for OSXStandalone target not found
[Package Manager] Server::EnsureServerProcessIsRunning -- launch failed, reason: Unity was launched with the -noUpm command-line argument
[Package Manager] UpmClient::Send -- Unable to send message (not connected to UPM process).
[Package Manager] Cannot connect to Unity Package Manager local server
Mono: successfully reloaded assembly
- Finished resetting the current domain, in  1.442 seconds
Domain Reload Profiling: 1996ms
	BeginReloadAssembly (139ms)
		ExecutionOrderSort (0ms)
		DisableScriptedObjects (6ms)
		BackupInstance (0ms)
		ReleaseScriptingObjects (0ms)
		CreateAndSetChildDomain (44ms)
	RebuildCommonClasses (48ms)
	RebuildNativeTypeToScriptingClass (19ms)
	initialDomainReloadingComplete (23ms)
	LoadAllAssembliesAndSetupDomain (324ms)
		LoadAssemblies (353ms)
		RebuildTransferFunctionScriptingTraits (0ms)
		AnalyzeDomain (31ms)
			TypeCache.Refresh (12ms)
				TypeCache.ScanAssembly (1ms)
			ScanForSourceGeneratedMonoScriptInfo (12ms)
			ResolveRequiredComponents (5ms)
	FinalizeReload (1442ms)
		ReleaseScriptCaches (0ms)
		RebuildScriptCaches (0ms)
		SetupLoadedEditorAssemblies (623ms)
			LogAssemblyErrors (0ms)
			InitializePlatformSupportModulesInManaged (72ms)
			SetLoadedEditorAssemblies (4ms)
			RefreshPlugins (0ms)
			BeforeProcessingInitializeOnLoad (60ms)
			ProcessInitializeOnLoadAttributes (314ms)
			ProcessInitializeOnLoadMethodAttributes (171ms)
			AfterProcessingInitializeOnLoad (1ms)
			EditorAssembliesLoaded (0ms)
		ExecutionOrderSort2 (0ms)
		AwakeInstancesAfterBackupRestoration (6ms)
Refreshing native plugins compatible for Editor in 5.45 ms, found 2 plugins.
Preloading 0 native plugins for Editor in 0.00 ms.
Unloading 2484 Unused Serialized files (Serialized files now loaded: 0)
Unloading 13 unused Assets / (26.9 KB). Loaded Objects now: 2988.
Memory consumption went from 132.5 MB to 132.5 MB.
Total: 6.000009 ms (FindLiveObjects: 0.214889 ms CreateObjectMapping: 0.155050 ms MarkObjects: 5.584117 ms  DeleteObjects: 0.045354 ms)

Prepare: number of updated asset objects reloaded= 0
AssetImportParameters requested are different than current active one (requested -> active):
  custom:video-decoder-webm-vp8: 9c59270c3fd7afecdb556c50c9e8de78 -> 
  custom:scripting/monoscript/fileName/Spawner.cs: bb808fe5ba46e80f45756954ecbedb2a -> 90647cc400823b41df847a6cbfc29026
  custom:scripting/monoscript/fileName/IPoolReleasable.cs: cee9ced9ab4121fd17704fbe349d8cd9 -> 90647cc400823b41df847a6cbfc29026
  custom:SearchIndexIgnoredProperties: e643bd26f0fe6173181afceb89e7c659 -> 
  custom:container-demuxer-ogg: 62fdf1f143b41e24485cea50d1cbac27 -> 
  custom:AudioImporter_EditorPlatform: 3918e3fc78b5a79bad01e8451be0beb8 -> 
  custom:scripting/monoscript/fileName/GameManager.cs: 7cbdab9c4177b646065340f98a1bb89e -> 
  custom:scripting/monoscript/fileName/BulletSpawner.cs: 07f4d43d5afce3bf1a1f5d4cebdaa402 -> 8a90a9ec341e444208dea5fc31a0933f
  custom:video-decoder-ogg-theora: a1e56fd34408186e4bbccfd4996cb3dc -> 
  custom:scripting/monoscript/fileName/EnemySpaceship.cs: 41a55b57737353fb9fccd9b5bdfd6f1f -> 
  custom:scripting/monoscript/fileName/LayerMaskToIntExtension.cs: b2221b9da2139f7d1e6c3194640006c1 -> 6961948ffe58dd3c1db5ec0b74815dfd
  custom:scripting/monoscript/fileName/SpaceshipFactory.cs: a336b4230a52f9ffd092a914239c15c7 -> 
  custom:framework-osx-AVFoundation: e770b220cccbd017edd2c1fefb359320 -> 
  custom:scripting/monoscript/fileName/BulletFactory.cs: faf67a7f4535467c3e75de1d068c66b5 -> 
  custom:video-encoder-webm-vp8: eb34c28f22e8b96e1ab97ce403110664 -> 
  custom:scripting/monoscript/fileName/FactoryController.cs: 1803547532a53abbbb96a9a985d883e2 -> 
  custom:scripting/monoscript/fileName/EnemyController.cs: 36f24d4e31b618e8ec9a0acf56f0adfd -> 
  custom:audio-decoder-ogg-vorbis: bf7c407c2cedff20999df2af8eb42d56 -> 
  custom:scripting/monoscript/fileName/Bullet.cs: 872cf5cad6b1a9955c23406522b9cf77 -> 6258a3063046a09b965729d4164f206b
  custom:CustomObjectIndexerAttribute: 9a22284fe3817be447336de3de66b15e -> 
  custom:scripting/monoscript/fileName/PlayerManager.cs: a77c9f80bd85d83fac231c440136003f -> 
  custom:container-demuxer-webm: 4f35f7cbe854078d1ac9338744f61a02 -> 
  custom:scripting/monoscript/fileName/IWeapon.cs: fccf9f8b881f5a6cd15657495ae102ec -> 18a68f1a963ed4b9271c312bd01d86af
  custom:audio-encoder-webm-vorbis: bf7c407c2cedff20999df2af8eb42d56 -> 
  custom:scripting/monoscript/fileName/EnemySpawner.cs: e39a243dda0d2d8cc62ad435ae8ecfae -> 
  custom:scripting/monoscript/fileName/IPoolable.cs: d18cf3b77b5562204bad4377c97fa3bb -> 
  custom:container-muxer-webm: aa71ff27fc2769a1b78a27578f13a17b -> 
========================================================================
Received Prepare
Caller must complete domain reload
Begin MonoManager ReloadAssembly
Symbol file LoadedFromMemory is not a mono symbol file
- Loaded All Assemblies, in  0.486 seconds
Native extension for iOS target not found
Native extension for Android target not found
Native extension for OSXStandalone target not found
[Package Manager] Server::EnsureServerProcessIsRunning -- launch failed, reason: Unity was launched with the -noUpm command-line argument
[Package Manager] UpmClient::Send -- Unable to send message (not connected to UPM process).
[Package Manager] Cannot connect to Unity Package Manager local server
Mono: successfully reloaded assembly
- Finished resetting the current domain, in  1.493 seconds
Domain Reload Profiling: 1978ms
	BeginReloadAssembly (141ms)
		ExecutionOrderSort (0ms)
		DisableScriptedObjects (6ms)
		BackupInstance (0ms)
		ReleaseScriptingObjects (0ms)
		CreateAndSetChildDomain (45ms)
	RebuildCommonClasses (39ms)
	RebuildNativeTypeToScriptingClass (12ms)
	initialDomainReloadingComplete (26ms)
	LoadAllAssembliesAndSetupDomain (267ms)
		LoadAssemblies (306ms)
		RebuildTransferFunctionScriptingTraits (0ms)
		AnalyzeDomain (25ms)
			TypeCache.Refresh (11ms)
				TypeCache.ScanAssembly (0ms)
			ScanForSourceGeneratedMonoScriptInfo (8ms)
			ResolveRequiredComponents (4ms)
	FinalizeReload (1493ms)
		ReleaseScriptCaches (0ms)
		RebuildScriptCaches (0ms)
		SetupLoadedEditorAssemblies (699ms)
			LogAssemblyErrors (0ms)
			InitializePlatformSupportModulesInManaged (87ms)
			SetLoadedEditorAssemblies (5ms)
			RefreshPlugins (0ms)
			BeforeProcessingInitializeOnLoad (86ms)
			ProcessInitializeOnLoadAttributes (349ms)
			ProcessInitializeOnLoadMethodAttributes (170ms)
			AfterProcessingInitializeOnLoad (1ms)
			EditorAssembliesLoaded (0ms)
		ExecutionOrderSort2 (0ms)
		AwakeInstancesAfterBackupRestoration (5ms)
Refreshing native plugins compatible for Editor in 6.61 ms, found 2 plugins.
Preloading 0 native plugins for Editor in 0.00 ms.
Unloading 2484 Unused Serialized files (Serialized files now loaded: 0)
Unloading 13 unused Assets / (27.0 KB). Loaded Objects now: 2991.
Memory consumption went from 140.8 MB to 140.8 MB.
Total: 6.236067 ms (FindLiveObjects: 0.198944 ms CreateObjectMapping: 0.182429 ms MarkObjects: 5.741442 ms  DeleteObjects: 0.107232 ms)

Prepare: number of updated asset objects reloaded= 0
AssetImportParameters requested are different than current active one (requested -> active):
  custom:video-decoder-webm-vp8: 9c59270c3fd7afecdb556c50c9e8de78 -> 
  custom:scripting/monoscript/fileName/Spawner.cs: bb808fe5ba46e80f45756954ecbedb2a -> 90647cc400823b41df847a6cbfc29026
  custom:scripting/monoscript/fileName/IPoolReleasable.cs: cee9ced9ab4121fd17704fbe349d8cd9 -> 90647cc400823b41df847a6cbfc29026
  custom:SearchIndexIgnoredProperties: e643bd26f0fe6173181afceb89e7c659 -> 
  custom:container-demuxer-ogg: 62fdf1f143b41e24485cea50d1cbac27 -> 
  custom:AudioImporter_EditorPlatform: 3918e3fc78b5a79bad01e8451be0beb8 -> 
  custom:scripting/monoscript/fileName/GameManager.cs: 7cbdab9c4177b646065340f98a1bb89e -> 
  custom:scripting/monoscript/fileName/BulletSpawner.cs: 07f4d43d5afce3bf1a1f5d4cebdaa402 -> 8a90a9ec341e444208dea5fc31a0933f
  custom:video-decoder-ogg-theora: a1e56fd34408186e4bbccfd4996cb3dc -> 
  custom:scripting/monoscript/fileName/EnemySpaceship.cs: 41a55b57737353fb9fccd9b5bdfd6f1f -> 
  custom:scripting/monoscript/fileName/LayerMaskToIntExtension.cs: b2221b9da2139f7d1e6c3194640006c1 -> 6961948ffe58dd3c1db5ec0b74815dfd
  custom:scripting/monoscript/fileName/SpaceshipFactory.cs: a336b4230a52f9ffd092a914239c15c7 -> 
  custom:framework-osx-AVFoundation: e770b220cccbd017edd2c1fefb359320 -> 
  custom:scripting/monoscript/fileName/BulletFactory.cs: faf67a7f4535467c3e75de1d068c66b5 -> 
  custom:video-encoder-webm-vp8: eb34c28f22e8b96e1ab97ce403110664 -> 
  custom:scripting/monoscript/fileName/FactoryController.cs: 1803547532a53abbbb96a9a985d883e2 -> 
  custom:scripting/monoscript/fileName/EnemyController.cs: 36f24d4e31b618e8ec9a0acf56f0adfd -> 
  custom:audio-decoder-ogg-vorbis: bf7c407c2cedff20999df2af8eb42d56 -> 
  custom:scripting/monoscript/fileName/Bullet.cs: 872cf5cad6b1a9955c23406522b9cf77 -> 6258a3063046a09b965729d4164f206b
  custom:CustomObjectIndexerAttribute: 9a22284fe3817be447336de3de66b15e -> 
  custom:scripting/monoscript/fileName/PlayerManager.cs: a77c9f80bd85d83fac231c440136003f -> 
  custom:container-demuxer-webm: 4f35f7cbe854078d1ac9338744f61a02 -> 
  custom:scripting/monoscript/fileName/IWeapon.cs: fccf9f8b881f5a6cd15657495ae102ec -> 18a68f1a963ed4b9271c312bd01d86af
  custom:audio-encoder-webm-vorbis: bf7c407c2cedff20999df2af8eb42d56 -> 
  custom:scripting/monoscript/fileName/EnemySpawner.cs: e39a243dda0d2d8cc62ad435ae8ecfae -> 
  custom:scripting/monoscript/fileName/IPoolable.cs: d18cf3b77b5562204bad4377c97fa3bb -> 
  custom:container-muxer-webm: aa71ff27fc2769a1b78a27578f13a17b -> 
========================================================================
Received Prepare
Caller must complete domain reload
Begin MonoManager ReloadAssembly
Symbol file LoadedFromMemory is not a mono symbol file
- Loaded All Assemblies, in  0.494 seconds
Native extension for iOS target not found
Native extension for Android target not found
Native extension for OSXStandalone target not found
[Package Manager] Server::EnsureServerProcessIsRunning -- launch failed, reason: Unity was launched with the -noUpm command-line argument
[Package Manager] UpmClient::Send -- Unable to send message (not connected to UPM process).
[Package Manager] Cannot connect to Unity Package Manager local server
Mono: successfully reloaded assembly
- Finished resetting the current domain, in  1.464 seconds
Domain Reload Profiling: 1958ms
	BeginReloadAssembly (144ms)
		ExecutionOrderSort (0ms)
		DisableScriptedObjects (7ms)
		BackupInstance (0ms)
		ReleaseScriptingObjects (0ms)
		CreateAndSetChildDomain (47ms)
	RebuildCommonClasses (40ms)
	RebuildNativeTypeToScriptingClass (13ms)
	initialDomainReloadingComplete (27ms)
	LoadAllAssembliesAndSetupDomain (270ms)
		LoadAssemblies (307ms)
		RebuildTransferFunctionScriptingTraits (0ms)
		AnalyzeDomain (25ms)
			TypeCache.Refresh (9ms)
				TypeCache.ScanAssembly (0ms)
			ScanForSourceGeneratedMonoScriptInfo (9ms)
			ResolveRequiredComponents (4ms)
	FinalizeReload (1464ms)
		ReleaseScriptCaches (0ms)
		RebuildScriptCaches (0ms)
		SetupLoadedEditorAssemblies (677ms)
			LogAssemblyErrors (0ms)
			InitializePlatformSupportModulesInManaged (77ms)
			SetLoadedEditorAssemblies (4ms)
			RefreshPlugins (0ms)
			BeforeProcessingInitializeOnLoad (62ms)
			ProcessInitializeOnLoadAttributes (352ms)
			ProcessInitializeOnLoadMethodAttributes (180ms)
			AfterProcessingInitializeOnLoad (1ms)
			EditorAssembliesLoaded (0ms)
		ExecutionOrderSort2 (0ms)
		AwakeInstancesAfterBackupRestoration (5ms)
Refreshing native plugins compatible for Editor in 7.21 ms, found 2 plugins.
Preloading 0 native plugins for Editor in 0.00 ms.
Unloading 2484 Unused Serialized files (Serialized files now loaded: 0)
Unloading 13 unused Assets / (27.0 KB). Loaded Objects now: 2994.
Memory consumption went from 149.1 MB to 149.1 MB.
Total: 6.494684 ms (FindLiveObjects: 0.224361 ms CreateObjectMapping: 0.176855 ms MarkObjects: 6.048235 ms  DeleteObjects: 0.043844 ms)

Prepare: number of updated asset objects reloaded= 0
AssetImportParameters requested are different than current active one (requested -> active):
  custom:video-decoder-webm-vp8: 9c59270c3fd7afecdb556c50c9e8de78 -> 
  custom:scripting/monoscript/fileName/Spawner.cs: bb808fe5ba46e80f45756954ecbedb2a -> 90647cc400823b41df847a6cbfc29026
  custom:scripting/monoscript/fileName/IPoolReleasable.cs: cee9ced9ab4121fd17704fbe349d8cd9 -> 90647cc400823b41df847a6cbfc29026
  custom:SearchIndexIgnoredProperties: e643bd26f0fe6173181afceb89e7c659 -> 
  custom:container-demuxer-ogg: 62fdf1f143b41e24485cea50d1cbac27 -> 
  custom:AudioImporter_EditorPlatform: 3918e3fc78b5a79bad01e8451be0beb8 -> 
  custom:scripting/monoscript/fileName/GameManager.cs: 7cbdab9c4177b646065340f98a1bb89e -> 
  custom:scripting/monoscript/fileName/AttackComponent.cs: 38fcce2ee99a6c75881146fe69a3e942 -> 94c266d7c80e25d37d30245d87ceaa31
  custom:scripting/monoscript/fileName/BulletSpawner.cs: 07f4d43d5afce3bf1a1f5d4cebdaa402 -> 8a90a9ec341e444208dea5fc31a0933f
  custom:video-decoder-ogg-theora: a1e56fd34408186e4bbccfd4996cb3dc -> 
  custom:scripting/monoscript/fileName/MoveComponent.cs: e675081d9303b8f79985c992c7de3fc0 -> 8cea3fbf55f22f52508d594fbb5143c0
  custom:scripting/monoscript/fileName/EnemySpaceship.cs: 41a55b57737353fb9fccd9b5bdfd6f1f -> 
  custom:scripting/monoscript/fileName/LayerMaskToIntExtension.cs: b2221b9da2139f7d1e6c3194640006c1 -> 6961948ffe58dd3c1db5ec0b74815dfd
  custom:scripting/monoscript/fileName/CollisionDataComponent.cs: d666257c05347923bb2d3ca3d3264cd7 -> e97da0a46727cfbc30790c5c236e06f3
  custom:scripting/monoscript/fileName/HealthComponent.cs: 64cb2d734fec54010bb0911be970704f -> 90d9e4dd1bf0d59b821a8e2571d0c502
  custom:scripting/monoscript/fileName/SpaceshipFactory.cs: a336b4230a52f9ffd092a914239c15c7 -> 
  custom:framework-osx-AVFoundation: e770b220cccbd017edd2c1fefb359320 -> 
  custom:scripting/monoscript/fileName/BulletFactory.cs: faf67a7f4535467c3e75de1d068c66b5 -> 
  custom:scripting/monoscript/fileName/SpaceshipSpawner.cs: e595896969e0459607e9a4ab09452c6f -> 3d75d840b0573376ce039a3c62b466a2
  custom:video-encoder-webm-vp8: eb34c28f22e8b96e1ab97ce403110664 -> 
  custom:scripting/precompiled-assembly-types:Gameplay: 04517a78053abf88c7873e09381f8437 -> 8765d663b878d3a0ce28c71d8234d1b4
  custom:scripting/monoscript/fileName/FactoryController.cs: 1803547532a53abbbb96a9a985d883e2 -> 
  custom:scripting/monoscript/fileName/EnemyController.cs: 36f24d4e31b618e8ec9a0acf56f0adfd -> 
  custom:audio-decoder-ogg-vorbis: bf7c407c2cedff20999df2af8eb42d56 -> 
  custom:scripting/monoscript/fileName/EnemyDriverComponent.cs: 571dfcdde74f607a3eaca10cf205403c -> d318aa1a00ef90fcc11664e176180813
  custom:scripting/monoscript/fileName/Bullet.cs: 872cf5cad6b1a9955c23406522b9cf77 -> 6258a3063046a09b965729d4164f206b
  custom:CustomObjectIndexerAttribute: 9a22284fe3817be447336de3de66b15e -> 
  custom:scripting/monoscript/fileName/PlayerManager.cs: a77c9f80bd85d83fac231c440136003f -> 
  custom:container-demuxer-webm: 4f35f7cbe854078d1ac9338744f61a02 -> 
  custom:scripting/monoscript/fileName/DamageComponent.cs: ad3de152cea9d9883546921b5e720680 -> 500f859f6e72a29e2e978c3e472046b5
  custom:scripting/monoscript/fileName/IWeapon.cs: fccf9f8b881f5a6cd15657495ae102ec -> 18a68f1a963ed4b9271c312bd01d86af
  custom:audio-encoder-webm-vorbis: bf7c407c2cedff20999df2af8eb42d56 -> 
  custom:scripting/monoscript/fileName/EnemySpawner.cs: e39a243dda0d2d8cc62ad435ae8ecfae -> 
  custom:scripting/monoscript/fileName/Spaceship.cs: 4f44b68d286098b73f6113d6c5776924 -> 92bdb62baec5f16f686f08e21923e9cf
  custom:scripting/monoscript/fileName/IPoolable.cs: d18cf3b77b5562204bad4377c97fa3bb -> 
  custom:container-muxer-webm: aa71ff27fc2769a1b78a27578f13a17b -> 
========================================================================
Received Prepare
Caller must complete domain reload
Begin MonoManager ReloadAssembly
Symbol file LoadedFromMemory is not a mono symbol file
- Loaded All Assemblies, in  0.527 seconds
Native extension for iOS target not found
Native extension for Android target not found
Native extension for OSXStandalone target not found
[Package Manager] Server::EnsureServerProcessIsRunning -- launch failed, reason: Unity was launched with the -noUpm command-line argument
[Package Manager] UpmClient::Send -- Unable to send message (not connected to UPM process).
[Package Manager] Cannot connect to Unity Package Manager local server
Mono: successfully reloaded assembly
- Finished resetting the current domain, in  1.485 seconds
Domain Reload Profiling: 2013ms
	BeginReloadAssembly (194ms)
		ExecutionOrderSort (0ms)
		DisableScriptedObjects (6ms)
		BackupInstance (0ms)
		ReleaseScriptingObjects (0ms)
		CreateAndSetChildDomain (86ms)
	RebuildCommonClasses (39ms)
	RebuildNativeTypeToScriptingClass (13ms)
	initialDomainReloadingComplete (28ms)
	LoadAllAssembliesAndSetupDomain (253ms)
		LoadAssemblies (297ms)
		RebuildTransferFunctionScriptingTraits (0ms)
		AnalyzeDomain (22ms)
			TypeCache.Refresh (9ms)
				TypeCache.ScanAssembly (0ms)
			ScanForSourceGeneratedMonoScriptInfo (7ms)
			ResolveRequiredComponents (4ms)
	FinalizeReload (1486ms)
		ReleaseScriptCaches (0ms)
		RebuildScriptCaches (0ms)
		SetupLoadedEditorAssemblies (662ms)
			LogAssemblyErrors (0ms)
			InitializePlatformSupportModulesInManaged (71ms)
			SetLoadedEditorAssemblies (4ms)
			RefreshPlugins (0ms)
			BeforeProcessingInitializeOnLoad (69ms)
			ProcessInitializeOnLoadAttributes (332ms)
			ProcessInitializeOnLoadMethodAttributes (184ms)
			AfterProcessingInitializeOnLoad (1ms)
			EditorAssembliesLoaded (0ms)
		ExecutionOrderSort2 (0ms)
		AwakeInstancesAfterBackupRestoration (5ms)
Refreshing native plugins compatible for Editor in 8.29 ms, found 2 plugins.
Preloading 0 native plugins for Editor in 0.00 ms.
Unloading 2484 Unused Serialized files (Serialized files now loaded: 0)
Unloading 13 unused Assets / (28.3 KB). Loaded Objects now: 2997.
Memory consumption went from 157.4 MB to 157.4 MB.
Total: 7.740527 ms (FindLiveObjects: 0.427425 ms CreateObjectMapping: 0.259890 ms MarkObjects: 6.967884 ms  DeleteObjects: 0.084183 ms)

Prepare: number of updated asset objects reloaded= 0
AssetImportParameters requested are different than current active one (requested -> active):
  custom:video-decoder-webm-vp8: 9c59270c3fd7afecdb556c50c9e8de78 -> 
  custom:scripting/monoscript/fileName/Spawner.cs: bb808fe5ba46e80f45756954ecbedb2a -> 90647cc400823b41df847a6cbfc29026
  custom:scripting/monoscript/fileName/IPoolReleasable.cs: cee9ced9ab4121fd17704fbe349d8cd9 -> 90647cc400823b41df847a6cbfc29026
  custom:SearchIndexIgnoredProperties: e643bd26f0fe6173181afceb89e7c659 -> 
  custom:container-demuxer-ogg: 62fdf1f143b41e24485cea50d1cbac27 -> 
  custom:AudioImporter_EditorPlatform: 3918e3fc78b5a79bad01e8451be0beb8 -> 
  custom:scripting/monoscript/fileName/GameManager.cs: 7cbdab9c4177b646065340f98a1bb89e -> 
  custom:scripting/monoscript/fileName/AttackComponent.cs: 58072ce04f4fb8facbfe11907df29ac3 -> 94c266d7c80e25d37d30245d87ceaa31
  custom:scripting/monoscript/fileName/BulletSpawner.cs: 07f4d43d5afce3bf1a1f5d4cebdaa402 -> 8a90a9ec341e444208dea5fc31a0933f
  custom:video-decoder-ogg-theora: a1e56fd34408186e4bbccfd4996cb3dc -> 
  custom:scripting/monoscript/fileName/MoveComponent.cs: c5abaf6bb23ebda85ee9171b49b20dfd -> 8cea3fbf55f22f52508d594fbb5143c0
  custom:scripting/monoscript/fileName/EnemySpaceship.cs: 41a55b57737353fb9fccd9b5bdfd6f1f -> 
  custom:scripting/monoscript/fileName/LayerMaskToIntExtension.cs: b2221b9da2139f7d1e6c3194640006c1 -> 6961948ffe58dd3c1db5ec0b74815dfd
  custom:scripting/monoscript/fileName/CollisionDataComponent.cs: ea89e3a9ad11111669c6ee4ba4364566 -> e97da0a46727cfbc30790c5c236e06f3
  custom:scripting/monoscript/fileName/HealthComponent.cs: 6c5502887da7b153978d26f33c9f1e7e -> 90d9e4dd1bf0d59b821a8e2571d0c502
  custom:scripting/monoscript/fileName/SpaceshipFactory.cs: a336b4230a52f9ffd092a914239c15c7 -> 
  custom:framework-osx-AVFoundation: e770b220cccbd017edd2c1fefb359320 -> 
  custom:scripting/monoscript/fileName/BulletFactory.cs: faf67a7f4535467c3e75de1d068c66b5 -> 
  custom:scripting/monoscript/fileName/SpaceshipSpawner.cs: 417ad2857056265ff1168df3333774d9 -> 3d75d840b0573376ce039a3c62b466a2
  custom:video-encoder-webm-vp8: eb34c28f22e8b96e1ab97ce403110664 -> 
  custom:scripting/precompiled-assembly-types:Gameplay: 8892a25b22101a3d5f60a16b9df231fc -> 8765d663b878d3a0ce28c71d8234d1b4
  custom:scripting/monoscript/fileName/FactoryController.cs: 1803547532a53abbbb96a9a985d883e2 -> 
  custom:scripting/monoscript/fileName/EnemyController.cs: 36f24d4e31b618e8ec9a0acf56f0adfd -> 
  custom:audio-decoder-ogg-vorbis: bf7c407c2cedff20999df2af8eb42d56 -> 
  custom:scripting/monoscript/fileName/EnemyDriverComponent.cs: bd96e8f2f4b75c9a70644dc914546748 -> d318aa1a00ef90fcc11664e176180813
  custom:scripting/monoscript/fileName/Bullet.cs: 872cf5cad6b1a9955c23406522b9cf77 -> 6258a3063046a09b965729d4164f206b
  custom:CustomObjectIndexerAttribute: 9a22284fe3817be447336de3de66b15e -> 
  custom:scripting/monoscript/fileName/PlayerManager.cs: a77c9f80bd85d83fac231c440136003f -> 
  custom:container-demuxer-webm: 4f35f7cbe854078d1ac9338744f61a02 -> 
  custom:scripting/monoscript/fileName/DamageComponent.cs: 657c6d7b9e2cca078d1f0b9910bf16a7 -> 500f859f6e72a29e2e978c3e472046b5
  custom:scripting/monoscript/fileName/IWeapon.cs: fccf9f8b881f5a6cd15657495ae102ec -> 18a68f1a963ed4b9271c312bd01d86af
  custom:audio-encoder-webm-vorbis: bf7c407c2cedff20999df2af8eb42d56 -> 
  custom:scripting/monoscript/fileName/EnemySpawner.cs: e39a243dda0d2d8cc62ad435ae8ecfae -> 
  custom:scripting/monoscript/fileName/Spaceship.cs: 3af465ac2f27ef1b7ff6ebdab7d76acb -> 92bdb62baec5f16f686f08e21923e9cf
  custom:scripting/monoscript/fileName/IPoolable.cs: d18cf3b77b5562204bad4377c97fa3bb -> 
  custom:container-muxer-webm: aa71ff27fc2769a1b78a27578f13a17b -> 
========================================================================
Received Prepare
Caller must complete domain reload
Begin MonoManager ReloadAssembly
Symbol file LoadedFromMemory is not a mono symbol file
- Loaded All Assemblies, in  0.498 seconds
Native extension for iOS target not found
Native extension for Android target not found
Native extension for OSXStandalone target not found
[Package Manager] Server::EnsureServerProcessIsRunning -- launch failed, reason: Unity was launched with the -noUpm command-line argument
[Package Manager] UpmClient::Send -- Unable to send message (not connected to UPM process).
[Package Manager] Cannot connect to Unity Package Manager local server
Mono: successfully reloaded assembly
- Finished resetting the current domain, in  1.101 seconds
Domain Reload Profiling: 1599ms
	BeginReloadAssembly (184ms)
		ExecutionOrderSort (0ms)
		DisableScriptedObjects (11ms)
		BackupInstance (0ms)
		ReleaseScriptingObjects (0ms)
		CreateAndSetChildDomain (55ms)
	RebuildCommonClasses (40ms)
	RebuildNativeTypeToScriptingClass (12ms)
	initialDomainReloadingComplete (27ms)
	LoadAllAssembliesAndSetupDomain (235ms)
		LoadAssemblies (295ms)
		RebuildTransferFunctionScriptingTraits (0ms)
		AnalyzeDomain (23ms)
			TypeCache.Refresh (8ms)
				TypeCache.ScanAssembly (0ms)
			ScanForSourceGeneratedMonoScriptInfo (8ms)
			ResolveRequiredComponents (4ms)
	FinalizeReload (1101ms)
		ReleaseScriptCaches (0ms)
		RebuildScriptCaches (0ms)
		SetupLoadedEditorAssemblies (639ms)
			LogAssemblyErrors (0ms)
			InitializePlatformSupportModulesInManaged (73ms)
			SetLoadedEditorAssemblies (4ms)
			RefreshPlugins (0ms)
			BeforeProcessingInitializeOnLoad (61ms)
			ProcessInitializeOnLoadAttributes (330ms)
			ProcessInitializeOnLoadMethodAttributes (169ms)
			AfterProcessingInitializeOnLoad (1ms)
			EditorAssembliesLoaded (0ms)
		ExecutionOrderSort2 (0ms)
		AwakeInstancesAfterBackupRestoration (5ms)
Refreshing native plugins compatible for Editor in 5.56 ms, found 2 plugins.
Preloading 0 native plugins for Editor in 0.00 ms.
Unloading 2484 Unused Serialized files (Serialized files now loaded: 0)
Unloading 13 unused Assets / (27.0 KB). Loaded Objects now: 3000.
Memory consumption went from 165.8 MB to 165.7 MB.
Total: 6.111850 ms (FindLiveObjects: 0.209872 ms CreateObjectMapping: 0.163696 ms MarkObjects: 5.690072 ms  DeleteObjects: 0.047464 ms)

Prepare: number of updated asset objects reloaded= 0
AssetImportParameters requested are different than current active one (requested -> active):
  custom:video-decoder-webm-vp8: 9c59270c3fd7afecdb556c50c9e8de78 -> 
  custom:scripting/monoscript/fileName/Spawner.cs: bb808fe5ba46e80f45756954ecbedb2a -> 90647cc400823b41df847a6cbfc29026
  custom:scripting/monoscript/fileName/IPoolReleasable.cs: cee9ced9ab4121fd17704fbe349d8cd9 -> 90647cc400823b41df847a6cbfc29026
  custom:SearchIndexIgnoredProperties: e643bd26f0fe6173181afceb89e7c659 -> 
  custom:container-demuxer-ogg: 62fdf1f143b41e24485cea50d1cbac27 -> 
  custom:AudioImporter_EditorPlatform: 3918e3fc78b5a79bad01e8451be0beb8 -> 
  custom:scripting/monoscript/fileName/GameManager.cs: 7cbdab9c4177b646065340f98a1bb89e -> 
  custom:scripting/monoscript/fileName/AttackComponent.cs: 58072ce04f4fb8facbfe11907df29ac3 -> 94c266d7c80e25d37d30245d87ceaa31
  custom:scripting/monoscript/fileName/BulletSpawner.cs: 07f4d43d5afce3bf1a1f5d4cebdaa402 -> 8a90a9ec341e444208dea5fc31a0933f
  custom:video-decoder-ogg-theora: a1e56fd34408186e4bbccfd4996cb3dc -> 
  custom:scripting/monoscript/fileName/MoveComponent.cs: c5abaf6bb23ebda85ee9171b49b20dfd -> 8cea3fbf55f22f52508d594fbb5143c0
  custom:scripting/monoscript/fileName/EnemySpaceship.cs: 41a55b57737353fb9fccd9b5bdfd6f1f -> 
  custom:scripting/monoscript/fileName/LayerMaskToIntExtension.cs: b2221b9da2139f7d1e6c3194640006c1 -> 6961948ffe58dd3c1db5ec0b74815dfd
  custom:scripting/monoscript/fileName/CollisionDataComponent.cs: ea89e3a9ad11111669c6ee4ba4364566 -> e97da0a46727cfbc30790c5c236e06f3
  custom:scripting/monoscript/fileName/HealthComponent.cs: 6c5502887da7b153978d26f33c9f1e7e -> 90d9e4dd1bf0d59b821a8e2571d0c502
  custom:scripting/monoscript/fileName/SpaceshipFactory.cs: a336b4230a52f9ffd092a914239c15c7 -> 
  custom:framework-osx-AVFoundation: e770b220cccbd017edd2c1fefb359320 -> 
  custom:scripting/monoscript/fileName/BulletFactory.cs: faf67a7f4535467c3e75de1d068c66b5 -> 
  custom:scripting/monoscript/fileName/SpaceshipSpawner.cs: 417ad2857056265ff1168df3333774d9 -> 3d75d840b0573376ce039a3c62b466a2
  custom:video-encoder-webm-vp8: eb34c28f22e8b96e1ab97ce403110664 -> 
  custom:scripting/precompiled-assembly-types:Gameplay: 1e8b76e42f838b1046c92ae15395d48c -> 8765d663b878d3a0ce28c71d8234d1b4
  custom:scripting/monoscript/fileName/FactoryController.cs: 1803547532a53abbbb96a9a985d883e2 -> 
  custom:scripting/monoscript/fileName/EnemyController.cs: 36f24d4e31b618e8ec9a0acf56f0adfd -> 
  custom:audio-decoder-ogg-vorbis: bf7c407c2cedff20999df2af8eb42d56 -> 
  custom:scripting/monoscript/fileName/EnemyDriverComponent.cs: bd96e8f2f4b75c9a70644dc914546748 -> d318aa1a00ef90fcc11664e176180813
  custom:scripting/monoscript/fileName/Bullet.cs: 872cf5cad6b1a9955c23406522b9cf77 -> 6258a3063046a09b965729d4164f206b
  custom:CustomObjectIndexerAttribute: 9a22284fe3817be447336de3de66b15e -> 
  custom:scripting/monoscript/fileName/EnemyAIComponent.cs: 699b7dfc7e762989cac6ecb65635ecae -> 
  custom:scripting/monoscript/fileName/PlayerManager.cs: a77c9f80bd85d83fac231c440136003f -> 
  custom:container-demuxer-webm: 4f35f7cbe854078d1ac9338744f61a02 -> 
  custom:scripting/monoscript/fileName/DamageComponent.cs: 657c6d7b9e2cca078d1f0b9910bf16a7 -> 500f859f6e72a29e2e978c3e472046b5
  custom:scripting/monoscript/fileName/IWeapon.cs: fccf9f8b881f5a6cd15657495ae102ec -> 18a68f1a963ed4b9271c312bd01d86af
  custom:audio-encoder-webm-vorbis: bf7c407c2cedff20999df2af8eb42d56 -> 
  custom:scripting/monoscript/fileName/EnemySpawner.cs: e39a243dda0d2d8cc62ad435ae8ecfae -> 
  custom:scripting/monoscript/fileName/Spaceship.cs: 3af465ac2f27ef1b7ff6ebdab7d76acb -> 92bdb62baec5f16f686f08e21923e9cf
  custom:scripting/monoscript/fileName/IPoolable.cs: d18cf3b77b5562204bad4377c97fa3bb -> 
  custom:container-muxer-webm: aa71ff27fc2769a1b78a27578f13a17b -> 
========================================================================
Received Prepare
Caller must complete domain reload
Begin MonoManager ReloadAssembly
Symbol file LoadedFromMemory is not a mono symbol file
- Loaded All Assemblies, in  0.511 seconds
Native extension for iOS target not found
Native extension for Android target not found
Native extension for OSXStandalone target not found
[Package Manager] Server::EnsureServerProcessIsRunning -- launch failed, reason: Unity was launched with the -noUpm command-line argument
[Package Manager] UpmClient::Send -- Unable to send message (not connected to UPM process).
[Package Manager] Cannot connect to Unity Package Manager local server
Mono: successfully reloaded assembly
- Finished resetting the current domain, in  1.415 seconds
Domain Reload Profiling: 1925ms
	BeginReloadAssembly (160ms)
		ExecutionOrderSort (0ms)
		DisableScriptedObjects (7ms)
		BackupInstance (0ms)
		ReleaseScriptingObjects (0ms)
		CreateAndSetChildDomain (54ms)
	RebuildCommonClasses (40ms)
	RebuildNativeTypeToScriptingClass (13ms)
	initialDomainReloadingComplete (24ms)
	LoadAllAssembliesAndSetupDomain (273ms)
		LoadAssemblies (315ms)
		RebuildTransferFunctionScriptingTraits (0ms)
		AnalyzeDomain (27ms)
			TypeCache.Refresh (11ms)
				TypeCache.ScanAssembly (0ms)
			ScanForSourceGeneratedMonoScriptInfo (8ms)
			ResolveRequiredComponents (4ms)
	FinalizeReload (1415ms)
		ReleaseScriptCaches (0ms)
		RebuildScriptCaches (0ms)
		SetupLoadedEditorAssemblies (620ms)
			LogAssemblyErrors (0ms)
			InitializePlatformSupportModulesInManaged (71ms)
			SetLoadedEditorAssemblies (4ms)
			RefreshPlugins (0ms)
			BeforeProcessingInitializeOnLoad (61ms)
			ProcessInitializeOnLoadAttributes (317ms)
			ProcessInitializeOnLoadMethodAttributes (165ms)
			AfterProcessingInitializeOnLoad (1ms)
			EditorAssembliesLoaded (0ms)
		ExecutionOrderSort2 (0ms)
		AwakeInstancesAfterBackupRestoration (6ms)
Refreshing native plugins compatible for Editor in 6.61 ms, found 2 plugins.
Preloading 0 native plugins for Editor in 0.00 ms.
Unloading 2484 Unused Serialized files (Serialized files now loaded: 0)
Unloading 13 unused Assets / (27.0 KB). Loaded Objects now: 3003.
Memory consumption went from 174.1 MB to 174.0 MB.
Total: 6.244316 ms (FindLiveObjects: 0.217126 ms CreateObjectMapping: 0.129866 ms MarkObjects: 5.862487 ms  DeleteObjects: 0.033949 ms)

Prepare: number of updated asset objects reloaded= 0
AssetImportParameters requested are different than current active one (requested -> active):
  custom:video-decoder-webm-vp8: 9c59270c3fd7afecdb556c50c9e8de78 -> 
  custom:scripting/monoscript/fileName/Spawner.cs: bb808fe5ba46e80f45756954ecbedb2a -> 90647cc400823b41df847a6cbfc29026
  custom:scripting/monoscript/fileName/IPoolReleasable.cs: cee9ced9ab4121fd17704fbe349d8cd9 -> 90647cc400823b41df847a6cbfc29026
  custom:SearchIndexIgnoredProperties: e643bd26f0fe6173181afceb89e7c659 -> 
  custom:container-demuxer-ogg: 62fdf1f143b41e24485cea50d1cbac27 -> 
  custom:AudioImporter_EditorPlatform: 3918e3fc78b5a79bad01e8451be0beb8 -> 
  custom:scripting/monoscript/fileName/GameManager.cs: 7cbdab9c4177b646065340f98a1bb89e -> 
  custom:scripting/monoscript/fileName/AttackComponent.cs: 58072ce04f4fb8facbfe11907df29ac3 -> 94c266d7c80e25d37d30245d87ceaa31
  custom:scripting/monoscript/fileName/BulletSpawner.cs: 07f4d43d5afce3bf1a1f5d4cebdaa402 -> 8a90a9ec341e444208dea5fc31a0933f
  custom:video-decoder-ogg-theora: a1e56fd34408186e4bbccfd4996cb3dc -> 
  custom:scripting/monoscript/fileName/MoveComponent.cs: c5abaf6bb23ebda85ee9171b49b20dfd -> 8cea3fbf55f22f52508d594fbb5143c0
  custom:scripting/monoscript/fileName/EnemySpaceship.cs: 41a55b57737353fb9fccd9b5bdfd6f1f -> 
  custom:scripting/monoscript/fileName/LayerMaskToIntExtension.cs: b2221b9da2139f7d1e6c3194640006c1 -> 6961948ffe58dd3c1db5ec0b74815dfd
  custom:scripting/monoscript/fileName/CollisionDataComponent.cs: ea89e3a9ad11111669c6ee4ba4364566 -> e97da0a46727cfbc30790c5c236e06f3
  custom:scripting/monoscript/fileName/HealthComponent.cs: 6c5502887da7b153978d26f33c9f1e7e -> 90d9e4dd1bf0d59b821a8e2571d0c502
  custom:scripting/monoscript/fileName/SpaceshipFactory.cs: a336b4230a52f9ffd092a914239c15c7 -> 
  custom:framework-osx-AVFoundation: e770b220cccbd017edd2c1fefb359320 -> 
  custom:scripting/monoscript/fileName/BulletFactory.cs: faf67a7f4535467c3e75de1d068c66b5 -> 
  custom:scripting/monoscript/fileName/SpaceshipSpawner.cs: 417ad2857056265ff1168df3333774d9 -> 3d75d840b0573376ce039a3c62b466a2
  custom:video-encoder-webm-vp8: eb34c28f22e8b96e1ab97ce403110664 -> 
  custom:scripting/precompiled-assembly-types:Gameplay: 36b5eeb31919d8958ac3adfb4872a16c -> 8765d663b878d3a0ce28c71d8234d1b4
  custom:scripting/monoscript/fileName/FactoryController.cs: 1803547532a53abbbb96a9a985d883e2 -> 
  custom:scripting/monoscript/fileName/EnemyController.cs: 36f24d4e31b618e8ec9a0acf56f0adfd -> 
  custom:audio-decoder-ogg-vorbis: bf7c407c2cedff20999df2af8eb42d56 -> 
  custom:scripting/monoscript/fileName/EnemyDriverComponent.cs: bd96e8f2f4b75c9a70644dc914546748 -> d318aa1a00ef90fcc11664e176180813
  custom:scripting/monoscript/fileName/Bullet.cs: 872cf5cad6b1a9955c23406522b9cf77 -> 6258a3063046a09b965729d4164f206b
  custom:CustomObjectIndexerAttribute: 9a22284fe3817be447336de3de66b15e -> 
  custom:scripting/monoscript/fileName/EnemyAIComponent.cs: e2167f96feb6d2ffb11a4dc87e5ed1d1 -> 
  custom:scripting/monoscript/fileName/PlayerManager.cs: a77c9f80bd85d83fac231c440136003f -> 
  custom:container-demuxer-webm: 4f35f7cbe854078d1ac9338744f61a02 -> 
  custom:scripting/monoscript/fileName/DamageComponent.cs: 657c6d7b9e2cca078d1f0b9910bf16a7 -> 500f859f6e72a29e2e978c3e472046b5
  custom:scripting/monoscript/fileName/IWeapon.cs: fccf9f8b881f5a6cd15657495ae102ec -> 18a68f1a963ed4b9271c312bd01d86af
  custom:audio-encoder-webm-vorbis: bf7c407c2cedff20999df2af8eb42d56 -> 
  custom:scripting/monoscript/fileName/EnemySpawner.cs: 2c02b40d3011e9f6898d2cd47231ef02 -> 
  custom:scripting/monoscript/fileName/Spaceship.cs: 3af465ac2f27ef1b7ff6ebdab7d76acb -> 92bdb62baec5f16f686f08e21923e9cf
  custom:scripting/monoscript/fileName/IPoolable.cs: d18cf3b77b5562204bad4377c97fa3bb -> 
  custom:container-muxer-webm: aa71ff27fc2769a1b78a27578f13a17b -> 
========================================================================
Received Prepare
Caller must complete domain reload
Begin MonoManager ReloadAssembly
Symbol file LoadedFromMemory is not a mono symbol file
- Loaded All Assemblies, in  0.437 seconds
Native extension for iOS target not found
Native extension for Android target not found
Native extension for OSXStandalone target not found
[Package Manager] Server::EnsureServerProcessIsRunning -- launch failed, reason: Unity was launched with the -noUpm command-line argument
[Package Manager] UpmClient::Send -- Unable to send message (not connected to UPM process).
[Package Manager] Cannot connect to Unity Package Manager local server
Mono: successfully reloaded assembly
- Finished resetting the current domain, in  1.176 seconds
Domain Reload Profiling: 1612ms
	BeginReloadAssembly (141ms)
		ExecutionOrderSort (0ms)
		DisableScriptedObjects (6ms)
		BackupInstance (0ms)
		ReleaseScriptingObjects (0ms)
		CreateAndSetChildDomain (45ms)
	RebuildCommonClasses (38ms)
	RebuildNativeTypeToScriptingClass (12ms)
	initialDomainReloadingComplete (24ms)
	LoadAllAssembliesAndSetupDomain (221ms)
		LoadAssemblies (272ms)
		RebuildTransferFunctionScriptingTraits (0ms)
		AnalyzeDomain (11ms)
			TypeCache.Refresh (5ms)
				TypeCache.ScanAssembly (0ms)
			ScanForSourceGeneratedMonoScriptInfo (0ms)
			ResolveRequiredComponents (4ms)
	FinalizeReload (1176ms)
		ReleaseScriptCaches (0ms)
		RebuildScriptCaches (0ms)
		SetupLoadedEditorAssemblies (751ms)
			LogAssemblyErrors (0ms)
			InitializePlatformSupportModulesInManaged (77ms)
			SetLoadedEditorAssemblies (5ms)
			RefreshPlugins (0ms)
			BeforeProcessingInitializeOnLoad (68ms)
			ProcessInitializeOnLoadAttributes (390ms)
			ProcessInitializeOnLoadMethodAttributes (209ms)
			AfterProcessingInitializeOnLoad (1ms)
			EditorAssembliesLoaded (0ms)
		ExecutionOrderSort2 (0ms)
		AwakeInstancesAfterBackupRestoration (6ms)
Refreshing native plugins compatible for Editor in 7.66 ms, found 2 plugins.
Preloading 0 native plugins for Editor in 0.00 ms.
Unloading 2484 Unused Serialized files (Serialized files now loaded: 0)
Unloading 13 unused Assets / (27.0 KB). Loaded Objects now: 3006.
Memory consumption went from 182.4 MB to 182.3 MB.
Total: 6.762065 ms (FindLiveObjects: 0.221785 ms CreateObjectMapping: 0.210667 ms MarkObjects: 6.261183 ms  DeleteObjects: 0.066885 ms)

Prepare: number of updated asset objects reloaded= 0
AssetImportParameters requested are different than current active one (requested -> active):
  custom:video-decoder-webm-vp8: 9c59270c3fd7afecdb556c50c9e8de78 -> 
  custom:scripting/monoscript/fileName/Spawner.cs: bb808fe5ba46e80f45756954ecbedb2a -> 90647cc400823b41df847a6cbfc29026
  custom:scripting/monoscript/fileName/IPoolReleasable.cs: cee9ced9ab4121fd17704fbe349d8cd9 -> 90647cc400823b41df847a6cbfc29026
  custom:SearchIndexIgnoredProperties: e643bd26f0fe6173181afceb89e7c659 -> 
  custom:container-demuxer-ogg: 62fdf1f143b41e24485cea50d1cbac27 -> 
  custom:AudioImporter_EditorPlatform: 3918e3fc78b5a79bad01e8451be0beb8 -> 
  custom:scripting/monoscript/fileName/GameManager.cs: 7cbdab9c4177b646065340f98a1bb89e -> 
  custom:scripting/monoscript/fileName/AttackComponent.cs: 58072ce04f4fb8facbfe11907df29ac3 -> 94c266d7c80e25d37d30245d87ceaa31
  custom:scripting/monoscript/fileName/BulletSpawner.cs: 07f4d43d5afce3bf1a1f5d4cebdaa402 -> 8a90a9ec341e444208dea5fc31a0933f
  custom:video-decoder-ogg-theora: a1e56fd34408186e4bbccfd4996cb3dc -> 
  custom:scripting/monoscript/fileName/MoveComponent.cs: c5abaf6bb23ebda85ee9171b49b20dfd -> 8cea3fbf55f22f52508d594fbb5143c0
  custom:scripting/monoscript/fileName/EnemySpaceship.cs: 41a55b57737353fb9fccd9b5bdfd6f1f -> 
  custom:scripting/monoscript/fileName/LayerMaskToIntExtension.cs: b2221b9da2139f7d1e6c3194640006c1 -> 6961948ffe58dd3c1db5ec0b74815dfd
  custom:scripting/monoscript/fileName/CollisionDataComponent.cs: ea89e3a9ad11111669c6ee4ba4364566 -> e97da0a46727cfbc30790c5c236e06f3
  custom:scripting/monoscript/fileName/HealthComponent.cs: 6c5502887da7b153978d26f33c9f1e7e -> 90d9e4dd1bf0d59b821a8e2571d0c502
  custom:scripting/monoscript/fileName/SpaceshipFactory.cs: a336b4230a52f9ffd092a914239c15c7 -> 
  custom:framework-osx-AVFoundation: e770b220cccbd017edd2c1fefb359320 -> 
  custom:scripting/monoscript/fileName/BulletFactory.cs: faf67a7f4535467c3e75de1d068c66b5 -> 
  custom:scripting/monoscript/fileName/SpaceshipSpawner.cs: 417ad2857056265ff1168df3333774d9 -> 3d75d840b0573376ce039a3c62b466a2
  custom:video-encoder-webm-vp8: eb34c28f22e8b96e1ab97ce403110664 -> 
  custom:scripting/precompiled-assembly-types:Gameplay: 36b5eeb31919d8958ac3adfb4872a16c -> 8765d663b878d3a0ce28c71d8234d1b4
  custom:scripting/monoscript/fileName/FactoryController.cs: 1803547532a53abbbb96a9a985d883e2 -> 
  custom:scripting/monoscript/fileName/EnemyController.cs: 36f24d4e31b618e8ec9a0acf56f0adfd -> 
  custom:audio-decoder-ogg-vorbis: bf7c407c2cedff20999df2af8eb42d56 -> 
  custom:scripting/monoscript/fileName/EnemyDriverComponent.cs: bd96e8f2f4b75c9a70644dc914546748 -> d318aa1a00ef90fcc11664e176180813
  custom:scripting/monoscript/fileName/Bullet.cs: 872cf5cad6b1a9955c23406522b9cf77 -> 6258a3063046a09b965729d4164f206b
  custom:CustomObjectIndexerAttribute: 9a22284fe3817be447336de3de66b15e -> 
  custom:scripting/monoscript/fileName/EnemyAIComponent.cs: e2167f96feb6d2ffb11a4dc87e5ed1d1 -> 
  custom:scripting/monoscript/fileName/PlayerManager.cs: a77c9f80bd85d83fac231c440136003f -> 
  custom:container-demuxer-webm: 4f35f7cbe854078d1ac9338744f61a02 -> 
  custom:scripting/monoscript/fileName/DamageComponent.cs: 657c6d7b9e2cca078d1f0b9910bf16a7 -> 500f859f6e72a29e2e978c3e472046b5
  custom:scripting/monoscript/fileName/IWeapon.cs: fccf9f8b881f5a6cd15657495ae102ec -> 18a68f1a963ed4b9271c312bd01d86af
  custom:audio-encoder-webm-vorbis: bf7c407c2cedff20999df2af8eb42d56 -> 
  custom:scripting/monoscript/fileName/EnemySpawner.cs: 2c02b40d3011e9f6898d2cd47231ef02 -> 
  custom:scripting/monoscript/fileName/Spaceship.cs: 3af465ac2f27ef1b7ff6ebdab7d76acb -> 92bdb62baec5f16f686f08e21923e9cf
  custom:scripting/monoscript/fileName/IPoolable.cs: d18cf3b77b5562204bad4377c97fa3bb -> 
  custom:container-muxer-webm: aa71ff27fc2769a1b78a27578f13a17b -> 
========================================================================
Received Prepare
Caller must complete domain reload
Begin MonoManager ReloadAssembly
Symbol file LoadedFromMemory is not a mono symbol file
- Loaded All Assemblies, in  0.472 seconds
Native extension for iOS target not found
Native extension for Android target not found
Native extension for OSXStandalone target not found
[Package Manager] Server::EnsureServerProcessIsRunning -- launch failed, reason: Unity was launched with the -noUpm command-line argument
[Package Manager] UpmClient::Send -- Unable to send message (not connected to UPM process).
[Package Manager] Cannot connect to Unity Package Manager local server
Mono: successfully reloaded assembly
- Finished resetting the current domain, in  1.485 seconds
Domain Reload Profiling: 1957ms
	BeginReloadAssembly (147ms)
		ExecutionOrderSort (0ms)
		DisableScriptedObjects (6ms)
		BackupInstance (0ms)
		ReleaseScriptingObjects (0ms)
		CreateAndSetChildDomain (50ms)
	RebuildCommonClasses (41ms)
	RebuildNativeTypeToScriptingClass (12ms)
	initialDomainReloadingComplete (26ms)
	LoadAllAssembliesAndSetupDomain (245ms)
		LoadAssemblies (284ms)
		RebuildTransferFunctionScriptingTraits (0ms)
		AnalyzeDomain (22ms)
			TypeCache.Refresh (9ms)
				TypeCache.ScanAssembly (0ms)
			ScanForSourceGeneratedMonoScriptInfo (8ms)
			ResolveRequiredComponents (4ms)
	FinalizeReload (1486ms)
		ReleaseScriptCaches (0ms)
		RebuildScriptCaches (0ms)
		SetupLoadedEditorAssemblies (640ms)
			LogAssemblyErrors (0ms)
			InitializePlatformSupportModulesInManaged (86ms)
			SetLoadedEditorAssemblies (5ms)
			RefreshPlugins (0ms)
			BeforeProcessingInitializeOnLoad (62ms)
			ProcessInitializeOnLoadAttributes (319ms)
			ProcessInitializeOnLoadMethodAttributes (167ms)
			AfterProcessingInitializeOnLoad (1ms)
			EditorAssembliesLoaded (0ms)
		ExecutionOrderSort2 (0ms)
		AwakeInstancesAfterBackupRestoration (5ms)
Refreshing native plugins compatible for Editor in 6.85 ms, found 2 plugins.
Preloading 0 native plugins for Editor in 0.00 ms.
Unloading 2484 Unused Serialized files (Serialized files now loaded: 0)
Unloading 13 unused Assets / (27.0 KB). Loaded Objects now: 3009.
Memory consumption went from 190.7 MB to 190.7 MB.
Total: 6.212560 ms (FindLiveObjects: 0.190256 ms CreateObjectMapping: 0.145380 ms MarkObjects: 5.837505 ms  DeleteObjects: 0.038515 ms)

Prepare: number of updated asset objects reloaded= 0
AssetImportParameters requested are different than current active one (requested -> active):
  custom:video-decoder-webm-vp8: 9c59270c3fd7afecdb556c50c9e8de78 -> 
  custom:scripting/monoscript/fileName/Spawner.cs: bb808fe5ba46e80f45756954ecbedb2a -> 90647cc400823b41df847a6cbfc29026
  custom:scripting/monoscript/fileName/IPoolReleasable.cs: cee9ced9ab4121fd17704fbe349d8cd9 -> 90647cc400823b41df847a6cbfc29026
  custom:SearchIndexIgnoredProperties: e643bd26f0fe6173181afceb89e7c659 -> 
  custom:container-demuxer-ogg: 62fdf1f143b41e24485cea50d1cbac27 -> 
  custom:AudioImporter_EditorPlatform: 3918e3fc78b5a79bad01e8451be0beb8 -> 
  custom:scripting/monoscript/fileName/GameManager.cs: 7cbdab9c4177b646065340f98a1bb89e -> 
  custom:scripting/monoscript/fileName/AttackComponent.cs: 58072ce04f4fb8facbfe11907df29ac3 -> 94c266d7c80e25d37d30245d87ceaa31
  custom:scripting/monoscript/fileName/BulletSpawner.cs: 07f4d43d5afce3bf1a1f5d4cebdaa402 -> 8a90a9ec341e444208dea5fc31a0933f
  custom:video-decoder-ogg-theora: a1e56fd34408186e4bbccfd4996cb3dc -> 
  custom:scripting/monoscript/fileName/MoveComponent.cs: c5abaf6bb23ebda85ee9171b49b20dfd -> 8cea3fbf55f22f52508d594fbb5143c0
  custom:scripting/monoscript/fileName/EnemySpaceship.cs: 41a55b57737353fb9fccd9b5bdfd6f1f -> 
  custom:scripting/monoscript/fileName/LayerMaskToIntExtension.cs: b2221b9da2139f7d1e6c3194640006c1 -> 6961948ffe58dd3c1db5ec0b74815dfd
  custom:scripting/monoscript/fileName/CollisionDataComponent.cs: ea89e3a9ad11111669c6ee4ba4364566 -> e97da0a46727cfbc30790c5c236e06f3
  custom:scripting/monoscript/fileName/HealthComponent.cs: 6c5502887da7b153978d26f33c9f1e7e -> 90d9e4dd1bf0d59b821a8e2571d0c502
  custom:scripting/monoscript/fileName/SpaceshipFactory.cs: a336b4230a52f9ffd092a914239c15c7 -> 
  custom:framework-osx-AVFoundation: e770b220cccbd017edd2c1fefb359320 -> 
  custom:scripting/monoscript/fileName/BulletFactory.cs: faf67a7f4535467c3e75de1d068c66b5 -> 
  custom:scripting/monoscript/fileName/SpaceshipSpawner.cs: 417ad2857056265ff1168df3333774d9 -> 3d75d840b0573376ce039a3c62b466a2
  custom:video-encoder-webm-vp8: eb34c28f22e8b96e1ab97ce403110664 -> 
  custom:scripting/precompiled-assembly-types:Gameplay: a45a205a92519d8e6e21698f1f0cf177 -> 8765d663b878d3a0ce28c71d8234d1b4
  custom:scripting/monoscript/fileName/FactoryController.cs: 1803547532a53abbbb96a9a985d883e2 -> 
  custom:scripting/monoscript/fileName/EnemyController.cs: 36f24d4e31b618e8ec9a0acf56f0adfd -> 
  custom:audio-decoder-ogg-vorbis: bf7c407c2cedff20999df2af8eb42d56 -> 
  custom:scripting/monoscript/fileName/EnemyDriverComponent.cs: bd96e8f2f4b75c9a70644dc914546748 -> d318aa1a00ef90fcc11664e176180813
  custom:scripting/monoscript/fileName/Bullet.cs: 872cf5cad6b1a9955c23406522b9cf77 -> 6258a3063046a09b965729d4164f206b
  custom:CustomObjectIndexerAttribute: 9a22284fe3817be447336de3de66b15e -> 
  custom:scripting/monoscript/fileName/EnemyAIComponent.cs: e2167f96feb6d2ffb11a4dc87e5ed1d1 -> 
  custom:scripting/monoscript/fileName/PlayerManager.cs: a77c9f80bd85d83fac231c440136003f -> 
  custom:container-demuxer-webm: 4f35f7cbe854078d1ac9338744f61a02 -> 
  custom:scripting/monoscript/fileName/DamageComponent.cs: 657c6d7b9e2cca078d1f0b9910bf16a7 -> 500f859f6e72a29e2e978c3e472046b5
  custom:scripting/monoscript/fileName/IWeapon.cs: fccf9f8b881f5a6cd15657495ae102ec -> 18a68f1a963ed4b9271c312bd01d86af
  custom:audio-encoder-webm-vorbis: bf7c407c2cedff20999df2af8eb42d56 -> 
  custom:scripting/monoscript/fileName/EnemySpawner.cs: 2c02b40d3011e9f6898d2cd47231ef02 -> 
  custom:scripting/monoscript/fileName/Spaceship.cs: 3af465ac2f27ef1b7ff6ebdab7d76acb -> 92bdb62baec5f16f686f08e21923e9cf
  custom:scripting/monoscript/fileName/IPoolable.cs: d18cf3b77b5562204bad4377c97fa3bb -> 
  custom:container-muxer-webm: aa71ff27fc2769a1b78a27578f13a17b -> 
========================================================================
Received Prepare
Caller must complete domain reload
Begin MonoManager ReloadAssembly
Symbol file LoadedFromMemory is not a mono symbol file
- Loaded All Assemblies, in  0.485 seconds
Native extension for iOS target not found
Native extension for Android target not found
Native extension for OSXStandalone target not found
[Package Manager] Server::EnsureServerProcessIsRunning -- launch failed, reason: Unity was launched with the -noUpm command-line argument
[Package Manager] UpmClient::Send -- Unable to send message (not connected to UPM process).
[Package Manager] Cannot connect to Unity Package Manager local server
Mono: successfully reloaded assembly
- Finished resetting the current domain, in  1.734 seconds
Domain Reload Profiling: 2219ms
	BeginReloadAssembly (151ms)
		ExecutionOrderSort (0ms)
		DisableScriptedObjects (7ms)
		BackupInstance (0ms)
		ReleaseScriptingObjects (0ms)
		CreateAndSetChildDomain (48ms)
	RebuildCommonClasses (39ms)
	RebuildNativeTypeToScriptingClass (12ms)
	initialDomainReloadingComplete (25ms)
	LoadAllAssembliesAndSetupDomain (258ms)
		LoadAssemblies (314ms)
		RebuildTransferFunctionScriptingTraits (0ms)
		AnalyzeDomain (12ms)
			TypeCache.Refresh (6ms)
				TypeCache.ScanAssembly (0ms)
			ScanForSourceGeneratedMonoScriptInfo (0ms)
			ResolveRequiredComponents (4ms)
	FinalizeReload (1734ms)
		ReleaseScriptCaches (0ms)
		RebuildScriptCaches (0ms)
		SetupLoadedEditorAssemblies (813ms)
			LogAssemblyErrors (0ms)
			InitializePlatformSupportModulesInManaged (107ms)
			SetLoadedEditorAssemblies (7ms)
			RefreshPlugins (0ms)
			BeforeProcessingInitializeOnLoad (90ms)
			ProcessInitializeOnLoadAttributes (399ms)
			ProcessInitializeOnLoadMethodAttributes (208ms)
			AfterProcessingInitializeOnLoad (1ms)
			EditorAssembliesLoaded (0ms)
		ExecutionOrderSort2 (0ms)
		AwakeInstancesAfterBackupRestoration (5ms)
Refreshing native plugins compatible for Editor in 15.97 ms, found 2 plugins.
Preloading 0 native plugins for Editor in 0.00 ms.
Unloading 2484 Unused Serialized files (Serialized files now loaded: 0)
Unloading 13 unused Assets / (27.0 KB). Loaded Objects now: 3012.
Memory consumption went from 199.0 MB to 198.9 MB.
Total: 7.735138 ms (FindLiveObjects: 0.283524 ms CreateObjectMapping: 0.360003 ms MarkObjects: 7.050274 ms  DeleteObjects: 0.040469 ms)

Prepare: number of updated asset objects reloaded= 0
AssetImportParameters requested are different than current active one (requested -> active):
  custom:video-decoder-webm-vp8: 9c59270c3fd7afecdb556c50c9e8de78 -> 
  custom:scripting/monoscript/fileName/Spawner.cs: bb808fe5ba46e80f45756954ecbedb2a -> 90647cc400823b41df847a6cbfc29026
  custom:scripting/monoscript/fileName/IPoolReleasable.cs: cee9ced9ab4121fd17704fbe349d8cd9 -> 90647cc400823b41df847a6cbfc29026
  custom:SearchIndexIgnoredProperties: e643bd26f0fe6173181afceb89e7c659 -> 
  custom:container-demuxer-ogg: 62fdf1f143b41e24485cea50d1cbac27 -> 
  custom:AudioImporter_EditorPlatform: 3918e3fc78b5a79bad01e8451be0beb8 -> 
  custom:scripting/monoscript/fileName/GameManager.cs: 7cbdab9c4177b646065340f98a1bb89e -> 
  custom:scripting/monoscript/fileName/AttackComponent.cs: 58072ce04f4fb8facbfe11907df29ac3 -> 94c266d7c80e25d37d30245d87ceaa31
  custom:scripting/monoscript/fileName/BulletSpawner.cs: 07f4d43d5afce3bf1a1f5d4cebdaa402 -> 8a90a9ec341e444208dea5fc31a0933f
  custom:video-decoder-ogg-theora: a1e56fd34408186e4bbccfd4996cb3dc -> 
  custom:scripting/monoscript/fileName/MoveComponent.cs: c5abaf6bb23ebda85ee9171b49b20dfd -> 8cea3fbf55f22f52508d594fbb5143c0
  custom:scripting/monoscript/fileName/EnemySpaceship.cs: 41a55b57737353fb9fccd9b5bdfd6f1f -> 
  custom:scripting/monoscript/fileName/LayerMaskToIntExtension.cs: b2221b9da2139f7d1e6c3194640006c1 -> 6961948ffe58dd3c1db5ec0b74815dfd
  custom:scripting/monoscript/fileName/CollisionDataComponent.cs: ea89e3a9ad11111669c6ee4ba4364566 -> e97da0a46727cfbc30790c5c236e06f3
  custom:scripting/monoscript/fileName/HealthComponent.cs: 6c5502887da7b153978d26f33c9f1e7e -> 90d9e4dd1bf0d59b821a8e2571d0c502
  custom:scripting/monoscript/fileName/SpaceshipFactory.cs: a336b4230a52f9ffd092a914239c15c7 -> 
  custom:framework-osx-AVFoundation: e770b220cccbd017edd2c1fefb359320 -> 
  custom:scripting/monoscript/fileName/BulletFactory.cs: faf67a7f4535467c3e75de1d068c66b5 -> 
  custom:scripting/monoscript/fileName/SpaceshipSpawner.cs: 417ad2857056265ff1168df3333774d9 -> 3d75d840b0573376ce039a3c62b466a2
  custom:video-encoder-webm-vp8: eb34c28f22e8b96e1ab97ce403110664 -> 
  custom:scripting/precompiled-assembly-types:Gameplay: a45a205a92519d8e6e21698f1f0cf177 -> 8765d663b878d3a0ce28c71d8234d1b4
  custom:scripting/monoscript/fileName/FactoryController.cs: 1803547532a53abbbb96a9a985d883e2 -> 
  custom:scripting/monoscript/fileName/EnemyController.cs: 36f24d4e31b618e8ec9a0acf56f0adfd -> 
  custom:audio-decoder-ogg-vorbis: bf7c407c2cedff20999df2af8eb42d56 -> 
  custom:scripting/monoscript/fileName/EnemyDriverComponent.cs: bd96e8f2f4b75c9a70644dc914546748 -> d318aa1a00ef90fcc11664e176180813
  custom:scripting/monoscript/fileName/Bullet.cs: 872cf5cad6b1a9955c23406522b9cf77 -> 6258a3063046a09b965729d4164f206b
  custom:CustomObjectIndexerAttribute: 9a22284fe3817be447336de3de66b15e -> 
  custom:scripting/monoscript/fileName/EnemyAIComponent.cs: e2167f96feb6d2ffb11a4dc87e5ed1d1 -> 
  custom:scripting/monoscript/fileName/PlayerManager.cs: a77c9f80bd85d83fac231c440136003f -> 
  custom:container-demuxer-webm: 4f35f7cbe854078d1ac9338744f61a02 -> 
  custom:scripting/monoscript/fileName/DamageComponent.cs: 657c6d7b9e2cca078d1f0b9910bf16a7 -> 500f859f6e72a29e2e978c3e472046b5
  custom:scripting/monoscript/fileName/IWeapon.cs: fccf9f8b881f5a6cd15657495ae102ec -> 18a68f1a963ed4b9271c312bd01d86af
  custom:audio-encoder-webm-vorbis: bf7c407c2cedff20999df2af8eb42d56 -> 
  custom:scripting/monoscript/fileName/EnemySpawner.cs: 2c02b40d3011e9f6898d2cd47231ef02 -> 
  custom:scripting/monoscript/fileName/Spaceship.cs: 3af465ac2f27ef1b7ff6ebdab7d76acb -> 92bdb62baec5f16f686f08e21923e9cf
  custom:scripting/monoscript/fileName/IPoolable.cs: d18cf3b77b5562204bad4377c97fa3bb -> 
  custom:container-muxer-webm: aa71ff27fc2769a1b78a27578f13a17b -> 
