Unity Editor version:    2022.3.42f1 (2dcb6a0abc42)
Branch:                  2022.3/staging
Build type:              Release
Batch mode:              YES
macOS version:           Version 15.0.1 (Build 24A348)
Darwin version:          24.0.0
Architecture:            x86_64
Running under Rosetta:   NO
Available memory:        32768 MB
Using pre-set license
Pro License: YES

COMMAND LINE ARGUMENTS:
/Applications/Unity/2022.3.42f1/Unity.app/Contents/MacOS/Unity
-adb2
-batchMode
-noUpm
-name
AssetImportWorker2
-projectPath
/Users/antonbandarenka/UnityProjects/Unity_FS_Dev/Space Invaders
-logFile
Logs/AssetImportWorker2.log
-srvPort
61128
Successfully changed project path to: /Users/antonbandarenka/UnityProjects/Unity_FS_Dev/Space Invaders
/Users/antonbandarenka/UnityProjects/Unity_FS_Dev/Space Invaders
[UnityMemory] Configuration Parameters - Can be set up in boot.config
    "memorysetup-bucket-allocator-granularity=16"
    "memorysetup-bucket-allocator-bucket-count=8"
    "memorysetup-bucket-allocator-block-size=33554432"
    "memorysetup-bucket-allocator-block-count=8"
    "memorysetup-main-allocator-block-size=16777216"
    "memorysetup-thread-allocator-block-size=16777216"
    "memorysetup-gfx-main-allocator-block-size=16777216"
    "memorysetup-gfx-thread-allocator-block-size=16777216"
    "memorysetup-cache-allocator-block-size=4194304"
    "memorysetup-typetree-allocator-block-size=2097152"
    "memorysetup-profiler-bucket-allocator-granularity=16"
    "memorysetup-profiler-bucket-allocator-bucket-count=8"
    "memorysetup-profiler-bucket-allocator-block-size=33554432"
    "memorysetup-profiler-bucket-allocator-block-count=8"
    "memorysetup-profiler-allocator-block-size=16777216"
    "memorysetup-profiler-editor-allocator-block-size=1048576"
    "memorysetup-temp-allocator-size-main=16777216"
    "memorysetup-job-temp-allocator-block-size=2097152"
    "memorysetup-job-temp-allocator-block-size-background=1048576"
    "memorysetup-job-temp-allocator-reduction-small-platforms=262144"
    "memorysetup-allocator-temp-initial-block-size-main=262144"
    "memorysetup-allocator-temp-initial-block-size-worker=262144"
    "memorysetup-temp-allocator-size-background-worker=32768"
    "memorysetup-temp-allocator-size-job-worker=262144"
    "memorysetup-temp-allocator-size-preload-manager=33554432"
    "memorysetup-temp-allocator-size-nav-mesh-worker=65536"
    "memorysetup-temp-allocator-size-audio-worker=65536"
    "memorysetup-temp-allocator-size-cloud-worker=32768"
    "memorysetup-temp-allocator-size-gi-baking-worker=262144"
    "memorysetup-temp-allocator-size-gfx=262144"
Player connection [140704561870464]  Target information:

Player connection [140704561870464]  * "[IP] 10.0.1.10 [Port] 0 [Flags] 2 [Guid] 4186952132 [EditorId] 4186952132 [Version] 1048832 [Id] OSXEditor(0,iMac-Anton.local) [Debug] 1 [PackageName] OSXEditor [ProjectName] Editor" 

Player connection [140704561870464]  * "[IP] 10.0.1.20 [Port] 0 [Flags] 2 [Guid] 4186952132 [EditorId] 4186952132 [Version] 1048832 [Id] OSXEditor(0,iMac-Anton.local) [Debug] 1 [PackageName] OSXEditor [ProjectName] Editor" 

Player connection [140704561870464]  * "[IP] 10.5.0.2 [Port] 0 [Flags] 2 [Guid] 4186952132 [EditorId] 4186952132 [Version] 1048832 [Id] OSXEditor(0,iMac-Anton.local) [Debug] 1 [PackageName] OSXEditor [ProjectName] Editor" 

Player connection [140704561870464] Host joined multi-casting on [225.0.0.222:54997]...
Player connection [140704561870464] Host joined alternative multi-casting on [225.0.0.222:34997]...
[PhysX] Initialized MultithreadedTaskDispatcher with 12 workers.
Refreshing native plugins compatible for Editor in 9.53 ms, found 2 plugins.
Preloading 0 native plugins for Editor in 0.00 ms.
Initialize engine version: 2022.3.42f1 (2dcb6a0abc42)
[Subsystems] Discovering subsystems at path /Applications/Unity/2022.3.42f1/Unity.app/Contents/Resources/UnitySubsystems
[Subsystems] Discovering subsystems at path /Users/antonbandarenka/UnityProjects/Unity_FS_Dev/Space Invaders/Assets
GfxDevice: creating device client; threaded=0; jobified=0
iMac preferred device: AMD Radeon Pro 5300 (high power)
Metal devices available: 1
0: AMD Radeon Pro 5300 (high power)
Using device AMD Radeon Pro 5300 (high power)
Initializing Metal device caps: AMD Radeon Pro 5300
Initialize mono
Mono path[0] = '/Applications/Unity/2022.3.42f1/Unity.app/Contents/Managed'
Mono path[1] = '/Applications/Unity/2022.3.42f1/Unity.app/Contents/MonoBleedingEdge/lib/mono/unityjit-macos'
Mono config path = '/Applications/Unity/2022.3.42f1/Unity.app/Contents/MonoBleedingEdge/etc'
Using monoOptions --debugger-agent=transport=dt_socket,embedding=1,server=y,suspend=n,address=127.0.0.1:56465
Begin MonoManager ReloadAssembly
Registering precompiled unity dll's ...
Register platform support module: /Applications/Unity/2022.3.42f1/Unity.app/Contents/PlaybackEngines/MacStandaloneSupport/UnityEditor.OSXStandalone.Extensions.dll
Register platform support module: /Applications/Unity/2022.3.42f1/PlaybackEngines/AndroidPlayer/UnityEditor.Android.Extensions.dll
Register platform support module: /Applications/Unity/2022.3.42f1/PlaybackEngines/iOSSupport/UnityEditor.iOS.Extensions.dll
Registered in 0.002546 seconds.
- Loaded All Assemblies, in  0.402 seconds
[usbmuxd] Start listen thread
[usbmuxd] Listen thread started
[usbmuxd] Send listen message
Native extension for iOS target not found
Native extension for Android target not found
Android Extension - Scanning For ADB Devices 167 ms
Native extension for OSXStandalone target not found
Mono: successfully reloaded assembly
- Finished resetting the current domain, in  0.669 seconds
Domain Reload Profiling: 1071ms
	BeginReloadAssembly (116ms)
		ExecutionOrderSort (0ms)
		DisableScriptedObjects (0ms)
		BackupInstance (0ms)
		ReleaseScriptingObjects (0ms)
		CreateAndSetChildDomain (1ms)
	RebuildCommonClasses (41ms)
	RebuildNativeTypeToScriptingClass (12ms)
	initialDomainReloadingComplete (54ms)
	LoadAllAssembliesAndSetupDomain (179ms)
		LoadAssemblies (116ms)
		RebuildTransferFunctionScriptingTraits (0ms)
		AnalyzeDomain (176ms)
			TypeCache.Refresh (173ms)
				TypeCache.ScanAssembly (158ms)
			ScanForSourceGeneratedMonoScriptInfo (0ms)
			ResolveRequiredComponents (1ms)
	FinalizeReload (670ms)
		ReleaseScriptCaches (0ms)
		RebuildScriptCaches (0ms)
		SetupLoadedEditorAssemblies (617ms)
			LogAssemblyErrors (0ms)
			InitializePlatformSupportModulesInManaged (438ms)
			SetLoadedEditorAssemblies (4ms)
			RefreshPlugins (0ms)
			BeforeProcessingInitializeOnLoad (3ms)
			ProcessInitializeOnLoadAttributes (124ms)
			ProcessInitializeOnLoadMethodAttributes (48ms)
			AfterProcessingInitializeOnLoad (0ms)
			EditorAssembliesLoaded (0ms)
		ExecutionOrderSort2 (0ms)
		AwakeInstancesAfterBackupRestoration (0ms)
========================================================================
Worker process is ready to serve import requests
Caller must complete domain reload
Begin MonoManager ReloadAssembly
Symbol file LoadedFromMemory is not a mono symbol file
- Loaded All Assemblies, in  0.693 seconds
Native extension for iOS target not found
Native extension for Android target not found
Native extension for OSXStandalone target not found
Package Manager log level set to [2]
[Package Manager] Server::EnsureServerProcessIsRunning -- launch failed, reason: Unity was launched with the -noUpm command-line argument
[Package Manager] UpmClient::Send -- Unable to send message (not connected to UPM process).
[Package Manager] Cannot connect to Unity Package Manager local server
Mono: successfully reloaded assembly
- Finished resetting the current domain, in  0.912 seconds
Domain Reload Profiling: 1597ms
	BeginReloadAssembly (169ms)
		ExecutionOrderSort (0ms)
		DisableScriptedObjects (6ms)
		BackupInstance (0ms)
		ReleaseScriptingObjects (0ms)
		CreateAndSetChildDomain (37ms)
	RebuildCommonClasses (41ms)
	RebuildNativeTypeToScriptingClass (13ms)
	initialDomainReloadingComplete (46ms)
	LoadAllAssembliesAndSetupDomain (415ms)
		LoadAssemblies (342ms)
		RebuildTransferFunctionScriptingTraits (0ms)
		AnalyzeDomain (164ms)
			TypeCache.Refresh (138ms)
				TypeCache.ScanAssembly (113ms)
			ScanForSourceGeneratedMonoScriptInfo (20ms)
			ResolveRequiredComponents (4ms)
	FinalizeReload (913ms)
		ReleaseScriptCaches (0ms)
		RebuildScriptCaches (0ms)
		SetupLoadedEditorAssemblies (699ms)
			LogAssemblyErrors (0ms)
			InitializePlatformSupportModulesInManaged (74ms)
			SetLoadedEditorAssemblies (5ms)
			RefreshPlugins (0ms)
			BeforeProcessingInitializeOnLoad (88ms)
			ProcessInitializeOnLoadAttributes (355ms)
			ProcessInitializeOnLoadMethodAttributes (176ms)
			AfterProcessingInitializeOnLoad (1ms)
			EditorAssembliesLoaded (0ms)
		ExecutionOrderSort2 (0ms)
		AwakeInstancesAfterBackupRestoration (4ms)
Launching external process: /Applications/Unity/2022.3.42f1/Unity.app/Contents/Tools/UnityShaderCompiler
Launched and connected shader compiler UnityShaderCompiler after 0.06 seconds
Refreshing native plugins compatible for Editor in 5.43 ms, found 2 plugins.
Preloading 0 native plugins for Editor in 0.00 ms.
Unloading 2504 Unused Serialized files (Serialized files now loaded: 0)
Unloading 22 unused Assets / (47.2 KB). Loaded Objects now: 2982.
Memory consumption went from 120.8 MB to 120.7 MB.
Total: 6.647739 ms (FindLiveObjects: 0.212416 ms CreateObjectMapping: 0.166348 ms MarkObjects: 6.148184 ms  DeleteObjects: 0.119910 ms)

AssetImportParameters requested are different than current active one (requested -> active):
  custom:video-decoder-webm-vp8: 9c59270c3fd7afecdb556c50c9e8de78 -> 
  custom:scripting/monoscript/fileName/Spawner.cs: bb808fe5ba46e80f45756954ecbedb2a -> 90647cc400823b41df847a6cbfc29026
  custom:scripting/monoscript/fileName/IPoolReleasable.cs: cee9ced9ab4121fd17704fbe349d8cd9 -> 90647cc400823b41df847a6cbfc29026
  custom:SearchIndexIgnoredProperties: e643bd26f0fe6173181afceb89e7c659 -> 
  custom:container-demuxer-ogg: 62fdf1f143b41e24485cea50d1cbac27 -> 
  custom:AudioImporter_EditorPlatform: 3918e3fc78b5a79bad01e8451be0beb8 -> 
  custom:scripting/monoscript/fileName/GameManager.cs: 7cbdab9c4177b646065340f98a1bb89e -> 
  custom:scripting/monoscript/fileName/BulletSpawner.cs: 07f4d43d5afce3bf1a1f5d4cebdaa402 -> 8a90a9ec341e444208dea5fc31a0933f
  custom:video-decoder-ogg-theora: a1e56fd34408186e4bbccfd4996cb3dc -> 
  custom:scripting/monoscript/fileName/EnemySpaceship.cs: 41a55b57737353fb9fccd9b5bdfd6f1f -> 
  custom:scripting/monoscript/fileName/LayerMaskToIntExtension.cs: b2221b9da2139f7d1e6c3194640006c1 -> 6961948ffe58dd3c1db5ec0b74815dfd
  custom:scripting/monoscript/fileName/SpaceshipFactory.cs: a336b4230a52f9ffd092a914239c15c7 -> 
  custom:framework-osx-AVFoundation: e770b220cccbd017edd2c1fefb359320 -> 
  custom:scripting/monoscript/fileName/BulletFactory.cs: faf67a7f4535467c3e75de1d068c66b5 -> 
  custom:video-encoder-webm-vp8: eb34c28f22e8b96e1ab97ce403110664 -> 
  custom:scripting/monoscript/fileName/FactoryController.cs: 1803547532a53abbbb96a9a985d883e2 -> 
  custom:scripting/monoscript/fileName/EnemyController.cs: 36f24d4e31b618e8ec9a0acf56f0adfd -> 
  custom:audio-decoder-ogg-vorbis: bf7c407c2cedff20999df2af8eb42d56 -> 
  custom:scripting/monoscript/fileName/Bullet.cs: 872cf5cad6b1a9955c23406522b9cf77 -> 6258a3063046a09b965729d4164f206b
  custom:CustomObjectIndexerAttribute: 9a22284fe3817be447336de3de66b15e -> 
  custom:scripting/monoscript/fileName/PlayerManager.cs: a77c9f80bd85d83fac231c440136003f -> 
  custom:container-demuxer-webm: 4f35f7cbe854078d1ac9338744f61a02 -> 
  custom:scripting/monoscript/fileName/IWeapon.cs: fccf9f8b881f5a6cd15657495ae102ec -> 18a68f1a963ed4b9271c312bd01d86af
  custom:audio-encoder-webm-vorbis: bf7c407c2cedff20999df2af8eb42d56 -> 
  custom:scripting/monoscript/fileName/EnemySpawner.cs: e39a243dda0d2d8cc62ad435ae8ecfae -> 
  custom:scripting/monoscript/fileName/IPoolable.cs: d18cf3b77b5562204bad4377c97fa3bb -> 
  custom:container-muxer-webm: aa71ff27fc2769a1b78a27578f13a17b -> 
========================================================================
Received Import Request.
  Time since last request: 295119.453594 seconds.
  path: Assets/Prefabs/Spaceships/EnemySpaceship.prefab
  artifactKey: Guid(5c9221267a9d54b339e970fa63728bda) Importer(815301076,1909f56bfc062723c751e8b465ee728b)
Start importing Assets/Prefabs/Spaceships/EnemySpaceship.prefab using Guid(5c9221267a9d54b339e970fa63728bda) Importer(815301076,1909f56bfc062723c751e8b465ee728b) [PhysX] Initialized MultithreadedTaskDispatcher with 12 workers.
[PhysX] Initialized MultithreadedTaskDispatcher with 12 workers.
 -> (artifact id: '3be270c110496f7c007beae9778fcd97') in 0.082689 seconds
Number of updated asset objects reloaded before import = 0
Number of asset objects unloaded after import = 20
========================================================================
Received Import Request.
  Time since last request: 22.747722 seconds.
  path: Assets/Prefabs/Bullets/EnemyBullet.prefab
  artifactKey: Guid(16e4de1167d484818b4834989bedafee) Importer(815301076,1909f56bfc062723c751e8b465ee728b)
Start importing Assets/Prefabs/Bullets/EnemyBullet.prefab using Guid(16e4de1167d484818b4834989bedafee) Importer(815301076,1909f56bfc062723c751e8b465ee728b) [PhysX] Initialized MultithreadedTaskDispatcher with 12 workers.
[PhysX] Initialized MultithreadedTaskDispatcher with 12 workers.
 -> (artifact id: '77ae3a18ac4a1da14e6419eb93dfcb91') in 0.010238 seconds
Number of updated asset objects reloaded before import = 0
Number of asset objects unloaded after import = 15
========================================================================
Received Prepare
Caller must complete domain reload
Begin MonoManager ReloadAssembly
Symbol file LoadedFromMemory is not a mono symbol file
- Loaded All Assemblies, in  0.414 seconds
Native extension for iOS target not found
Native extension for Android target not found
Native extension for OSXStandalone target not found
[Package Manager] Server::EnsureServerProcessIsRunning -- launch failed, reason: Unity was launched with the -noUpm command-line argument
[Package Manager] UpmClient::Send -- Unable to send message (not connected to UPM process).
[Package Manager] Cannot connect to Unity Package Manager local server
Mono: successfully reloaded assembly
- Finished resetting the current domain, in  1.512 seconds
Domain Reload Profiling: 1927ms
	BeginReloadAssembly (157ms)
		ExecutionOrderSort (0ms)
		DisableScriptedObjects (7ms)
		BackupInstance (0ms)
		ReleaseScriptingObjects (0ms)
		CreateAndSetChildDomain (59ms)
	RebuildCommonClasses (38ms)
	RebuildNativeTypeToScriptingClass (12ms)
	initialDomainReloadingComplete (25ms)
	LoadAllAssembliesAndSetupDomain (182ms)
		LoadAssemblies (234ms)
		RebuildTransferFunctionScriptingTraits (0ms)
		AnalyzeDomain (12ms)
			TypeCache.Refresh (6ms)
				TypeCache.ScanAssembly (0ms)
			ScanForSourceGeneratedMonoScriptInfo (0ms)
			ResolveRequiredComponents (4ms)
	FinalizeReload (1513ms)
		ReleaseScriptCaches (0ms)
		RebuildScriptCaches (0ms)
		SetupLoadedEditorAssemblies (723ms)
			LogAssemblyErrors (0ms)
			InitializePlatformSupportModulesInManaged (77ms)
			SetLoadedEditorAssemblies (5ms)
			RefreshPlugins (0ms)
			BeforeProcessingInitializeOnLoad (66ms)
			ProcessInitializeOnLoadAttributes (351ms)
			ProcessInitializeOnLoadMethodAttributes (223ms)
			AfterProcessingInitializeOnLoad (1ms)
			EditorAssembliesLoaded (0ms)
		ExecutionOrderSort2 (0ms)
		AwakeInstancesAfterBackupRestoration (5ms)
Refreshing native plugins compatible for Editor in 7.78 ms, found 2 plugins.
Preloading 0 native plugins for Editor in 0.00 ms.
Unloading 2483 Unused Serialized files (Serialized files now loaded: 0)
Unloading 13 unused Assets / (26.9 KB). Loaded Objects now: 2993.
Memory consumption went from 124.8 MB to 124.8 MB.
Total: 6.516097 ms (FindLiveObjects: 0.211841 ms CreateObjectMapping: 0.154450 ms MarkObjects: 6.106132 ms  DeleteObjects: 0.042788 ms)

Prepare: number of updated asset objects reloaded= 0
AssetImportParameters requested are different than current active one (requested -> active):
  custom:video-decoder-webm-vp8: 9c59270c3fd7afecdb556c50c9e8de78 -> 
  custom:scripting/monoscript/fileName/Spawner.cs: bb808fe5ba46e80f45756954ecbedb2a -> 90647cc400823b41df847a6cbfc29026
  custom:scripting/monoscript/fileName/IPoolReleasable.cs: cee9ced9ab4121fd17704fbe349d8cd9 -> 90647cc400823b41df847a6cbfc29026
  custom:SearchIndexIgnoredProperties: e643bd26f0fe6173181afceb89e7c659 -> 
  custom:container-demuxer-ogg: 62fdf1f143b41e24485cea50d1cbac27 -> 
  custom:AudioImporter_EditorPlatform: 3918e3fc78b5a79bad01e8451be0beb8 -> 
  custom:scripting/monoscript/fileName/GameManager.cs: 7cbdab9c4177b646065340f98a1bb89e -> 
  custom:scripting/monoscript/fileName/BulletSpawner.cs: 07f4d43d5afce3bf1a1f5d4cebdaa402 -> 8a90a9ec341e444208dea5fc31a0933f
  custom:video-decoder-ogg-theora: a1e56fd34408186e4bbccfd4996cb3dc -> 
  custom:scripting/monoscript/fileName/EnemySpaceship.cs: 41a55b57737353fb9fccd9b5bdfd6f1f -> 
  custom:scripting/monoscript/fileName/LayerMaskToIntExtension.cs: b2221b9da2139f7d1e6c3194640006c1 -> 6961948ffe58dd3c1db5ec0b74815dfd
  custom:scripting/monoscript/fileName/SpaceshipFactory.cs: a336b4230a52f9ffd092a914239c15c7 -> 
  custom:framework-osx-AVFoundation: e770b220cccbd017edd2c1fefb359320 -> 
  custom:scripting/monoscript/fileName/BulletFactory.cs: faf67a7f4535467c3e75de1d068c66b5 -> 
  custom:video-encoder-webm-vp8: eb34c28f22e8b96e1ab97ce403110664 -> 
  custom:scripting/monoscript/fileName/FactoryController.cs: 1803547532a53abbbb96a9a985d883e2 -> 
  custom:scripting/monoscript/fileName/EnemyController.cs: 36f24d4e31b618e8ec9a0acf56f0adfd -> 
  custom:audio-decoder-ogg-vorbis: bf7c407c2cedff20999df2af8eb42d56 -> 
  custom:scripting/monoscript/fileName/Bullet.cs: 872cf5cad6b1a9955c23406522b9cf77 -> 6258a3063046a09b965729d4164f206b
  custom:CustomObjectIndexerAttribute: 9a22284fe3817be447336de3de66b15e -> 
  custom:scripting/monoscript/fileName/PlayerManager.cs: a77c9f80bd85d83fac231c440136003f -> 
  custom:container-demuxer-webm: 4f35f7cbe854078d1ac9338744f61a02 -> 
  custom:scripting/monoscript/fileName/IWeapon.cs: fccf9f8b881f5a6cd15657495ae102ec -> 18a68f1a963ed4b9271c312bd01d86af
  custom:audio-encoder-webm-vorbis: bf7c407c2cedff20999df2af8eb42d56 -> 
  custom:scripting/monoscript/fileName/EnemySpawner.cs: e39a243dda0d2d8cc62ad435ae8ecfae -> 
  custom:scripting/monoscript/fileName/IPoolable.cs: d18cf3b77b5562204bad4377c97fa3bb -> 
  custom:container-muxer-webm: aa71ff27fc2769a1b78a27578f13a17b -> 
========================================================================
Received Prepare
Caller must complete domain reload
Begin MonoManager ReloadAssembly
Symbol file LoadedFromMemory is not a mono symbol file
- Loaded All Assemblies, in  0.557 seconds
Native extension for iOS target not found
Native extension for Android target not found
Native extension for OSXStandalone target not found
[Package Manager] Server::EnsureServerProcessIsRunning -- launch failed, reason: Unity was launched with the -noUpm command-line argument
[Package Manager] UpmClient::Send -- Unable to send message (not connected to UPM process).
[Package Manager] Cannot connect to Unity Package Manager local server
Mono: successfully reloaded assembly
- Finished resetting the current domain, in  1.451 seconds
Domain Reload Profiling: 2008ms
	BeginReloadAssembly (150ms)
		ExecutionOrderSort (0ms)
		DisableScriptedObjects (6ms)
		BackupInstance (0ms)
		ReleaseScriptingObjects (0ms)
		CreateAndSetChildDomain (45ms)
	RebuildCommonClasses (49ms)
	RebuildNativeTypeToScriptingClass (19ms)
	initialDomainReloadingComplete (25ms)
	LoadAllAssembliesAndSetupDomain (315ms)
		LoadAssemblies (352ms)
		RebuildTransferFunctionScriptingTraits (0ms)
		AnalyzeDomain (34ms)
			TypeCache.Refresh (14ms)
				TypeCache.ScanAssembly (1ms)
			ScanForSourceGeneratedMonoScriptInfo (11ms)
			ResolveRequiredComponents (6ms)
	FinalizeReload (1452ms)
		ReleaseScriptCaches (0ms)
		RebuildScriptCaches (0ms)
		SetupLoadedEditorAssemblies (622ms)
			LogAssemblyErrors (0ms)
			InitializePlatformSupportModulesInManaged (72ms)
			SetLoadedEditorAssemblies (4ms)
			RefreshPlugins (0ms)
			BeforeProcessingInitializeOnLoad (61ms)
			ProcessInitializeOnLoadAttributes (314ms)
			ProcessInitializeOnLoadMethodAttributes (171ms)
			AfterProcessingInitializeOnLoad (1ms)
			EditorAssembliesLoaded (0ms)
		ExecutionOrderSort2 (0ms)
		AwakeInstancesAfterBackupRestoration (6ms)
Refreshing native plugins compatible for Editor in 5.45 ms, found 2 plugins.
Preloading 0 native plugins for Editor in 0.00 ms.
Unloading 2484 Unused Serialized files (Serialized files now loaded: 0)
Unloading 13 unused Assets / (27.0 KB). Loaded Objects now: 2996.
Memory consumption went from 133.3 MB to 133.3 MB.
Total: 5.994648 ms (FindLiveObjects: 0.208683 ms CreateObjectMapping: 0.147662 ms MarkObjects: 5.589479 ms  DeleteObjects: 0.048094 ms)

Prepare: number of updated asset objects reloaded= 0
AssetImportParameters requested are different than current active one (requested -> active):
  custom:video-decoder-webm-vp8: 9c59270c3fd7afecdb556c50c9e8de78 -> 
  custom:scripting/monoscript/fileName/Spawner.cs: bb808fe5ba46e80f45756954ecbedb2a -> 90647cc400823b41df847a6cbfc29026
  custom:scripting/monoscript/fileName/IPoolReleasable.cs: cee9ced9ab4121fd17704fbe349d8cd9 -> 90647cc400823b41df847a6cbfc29026
  custom:SearchIndexIgnoredProperties: e643bd26f0fe6173181afceb89e7c659 -> 
  custom:container-demuxer-ogg: 62fdf1f143b41e24485cea50d1cbac27 -> 
  custom:AudioImporter_EditorPlatform: 3918e3fc78b5a79bad01e8451be0beb8 -> 
  custom:scripting/monoscript/fileName/GameManager.cs: 7cbdab9c4177b646065340f98a1bb89e -> 
  custom:scripting/monoscript/fileName/BulletSpawner.cs: 07f4d43d5afce3bf1a1f5d4cebdaa402 -> 8a90a9ec341e444208dea5fc31a0933f
  custom:video-decoder-ogg-theora: a1e56fd34408186e4bbccfd4996cb3dc -> 
  custom:scripting/monoscript/fileName/EnemySpaceship.cs: 41a55b57737353fb9fccd9b5bdfd6f1f -> 
  custom:scripting/monoscript/fileName/LayerMaskToIntExtension.cs: b2221b9da2139f7d1e6c3194640006c1 -> 6961948ffe58dd3c1db5ec0b74815dfd
  custom:scripting/monoscript/fileName/SpaceshipFactory.cs: a336b4230a52f9ffd092a914239c15c7 -> 
  custom:framework-osx-AVFoundation: e770b220cccbd017edd2c1fefb359320 -> 
  custom:scripting/monoscript/fileName/BulletFactory.cs: faf67a7f4535467c3e75de1d068c66b5 -> 
  custom:video-encoder-webm-vp8: eb34c28f22e8b96e1ab97ce403110664 -> 
  custom:scripting/monoscript/fileName/FactoryController.cs: 1803547532a53abbbb96a9a985d883e2 -> 
  custom:scripting/monoscript/fileName/EnemyController.cs: 36f24d4e31b618e8ec9a0acf56f0adfd -> 
  custom:audio-decoder-ogg-vorbis: bf7c407c2cedff20999df2af8eb42d56 -> 
  custom:scripting/monoscript/fileName/Bullet.cs: 872cf5cad6b1a9955c23406522b9cf77 -> 6258a3063046a09b965729d4164f206b
  custom:CustomObjectIndexerAttribute: 9a22284fe3817be447336de3de66b15e -> 
  custom:scripting/monoscript/fileName/PlayerManager.cs: a77c9f80bd85d83fac231c440136003f -> 
  custom:container-demuxer-webm: 4f35f7cbe854078d1ac9338744f61a02 -> 
  custom:scripting/monoscript/fileName/IWeapon.cs: fccf9f8b881f5a6cd15657495ae102ec -> 18a68f1a963ed4b9271c312bd01d86af
  custom:audio-encoder-webm-vorbis: bf7c407c2cedff20999df2af8eb42d56 -> 
  custom:scripting/monoscript/fileName/EnemySpawner.cs: e39a243dda0d2d8cc62ad435ae8ecfae -> 
  custom:scripting/monoscript/fileName/IPoolable.cs: d18cf3b77b5562204bad4377c97fa3bb -> 
  custom:container-muxer-webm: aa71ff27fc2769a1b78a27578f13a17b -> 
========================================================================
Received Prepare
Caller must complete domain reload
Begin MonoManager ReloadAssembly
Symbol file LoadedFromMemory is not a mono symbol file
- Loaded All Assemblies, in  0.494 seconds
Native extension for iOS target not found
Native extension for Android target not found
Native extension for OSXStandalone target not found
[Package Manager] Server::EnsureServerProcessIsRunning -- launch failed, reason: Unity was launched with the -noUpm command-line argument
[Package Manager] UpmClient::Send -- Unable to send message (not connected to UPM process).
[Package Manager] Cannot connect to Unity Package Manager local server
Mono: successfully reloaded assembly
- Finished resetting the current domain, in  1.492 seconds
Domain Reload Profiling: 1986ms
	BeginReloadAssembly (151ms)
		ExecutionOrderSort (0ms)
		DisableScriptedObjects (6ms)
		BackupInstance (0ms)
		ReleaseScriptingObjects (0ms)
		CreateAndSetChildDomain (45ms)
	RebuildCommonClasses (38ms)
	RebuildNativeTypeToScriptingClass (12ms)
	initialDomainReloadingComplete (26ms)
	LoadAllAssembliesAndSetupDomain (266ms)
		LoadAssemblies (313ms)
		RebuildTransferFunctionScriptingTraits (0ms)
		AnalyzeDomain (26ms)
			TypeCache.Refresh (12ms)
				TypeCache.ScanAssembly (0ms)
			ScanForSourceGeneratedMonoScriptInfo (8ms)
			ResolveRequiredComponents (4ms)
	FinalizeReload (1493ms)
		ReleaseScriptCaches (0ms)
		RebuildScriptCaches (0ms)
		SetupLoadedEditorAssemblies (694ms)
			LogAssemblyErrors (0ms)
			InitializePlatformSupportModulesInManaged (87ms)
			SetLoadedEditorAssemblies (5ms)
			RefreshPlugins (0ms)
			BeforeProcessingInitializeOnLoad (87ms)
			ProcessInitializeOnLoadAttributes (344ms)
			ProcessInitializeOnLoadMethodAttributes (169ms)
			AfterProcessingInitializeOnLoad (1ms)
			EditorAssembliesLoaded (0ms)
		ExecutionOrderSort2 (0ms)
		AwakeInstancesAfterBackupRestoration (5ms)
Refreshing native plugins compatible for Editor in 6.54 ms, found 2 plugins.
Preloading 0 native plugins for Editor in 0.00 ms.
Unloading 2484 Unused Serialized files (Serialized files now loaded: 0)
Unloading 13 unused Assets / (26.9 KB). Loaded Objects now: 2999.
Memory consumption went from 141.7 MB to 141.6 MB.
Total: 6.355424 ms (FindLiveObjects: 0.201536 ms CreateObjectMapping: 0.194827 ms MarkObjects: 5.923080 ms  DeleteObjects: 0.035193 ms)

Prepare: number of updated asset objects reloaded= 0
AssetImportParameters requested are different than current active one (requested -> active):
  custom:video-decoder-webm-vp8: 9c59270c3fd7afecdb556c50c9e8de78 -> 
  custom:scripting/monoscript/fileName/Spawner.cs: bb808fe5ba46e80f45756954ecbedb2a -> 90647cc400823b41df847a6cbfc29026
  custom:scripting/monoscript/fileName/IPoolReleasable.cs: cee9ced9ab4121fd17704fbe349d8cd9 -> 90647cc400823b41df847a6cbfc29026
  custom:SearchIndexIgnoredProperties: e643bd26f0fe6173181afceb89e7c659 -> 
  custom:container-demuxer-ogg: 62fdf1f143b41e24485cea50d1cbac27 -> 
  custom:AudioImporter_EditorPlatform: 3918e3fc78b5a79bad01e8451be0beb8 -> 
  custom:scripting/monoscript/fileName/GameManager.cs: 7cbdab9c4177b646065340f98a1bb89e -> 
  custom:scripting/monoscript/fileName/BulletSpawner.cs: 07f4d43d5afce3bf1a1f5d4cebdaa402 -> 8a90a9ec341e444208dea5fc31a0933f
  custom:video-decoder-ogg-theora: a1e56fd34408186e4bbccfd4996cb3dc -> 
  custom:scripting/monoscript/fileName/EnemySpaceship.cs: 41a55b57737353fb9fccd9b5bdfd6f1f -> 
  custom:scripting/monoscript/fileName/LayerMaskToIntExtension.cs: b2221b9da2139f7d1e6c3194640006c1 -> 6961948ffe58dd3c1db5ec0b74815dfd
  custom:scripting/monoscript/fileName/SpaceshipFactory.cs: a336b4230a52f9ffd092a914239c15c7 -> 
  custom:framework-osx-AVFoundation: e770b220cccbd017edd2c1fefb359320 -> 
  custom:scripting/monoscript/fileName/BulletFactory.cs: faf67a7f4535467c3e75de1d068c66b5 -> 
  custom:video-encoder-webm-vp8: eb34c28f22e8b96e1ab97ce403110664 -> 
  custom:scripting/monoscript/fileName/FactoryController.cs: 1803547532a53abbbb96a9a985d883e2 -> 
  custom:scripting/monoscript/fileName/EnemyController.cs: 36f24d4e31b618e8ec9a0acf56f0adfd -> 
  custom:audio-decoder-ogg-vorbis: bf7c407c2cedff20999df2af8eb42d56 -> 
  custom:scripting/monoscript/fileName/Bullet.cs: 872cf5cad6b1a9955c23406522b9cf77 -> 6258a3063046a09b965729d4164f206b
  custom:CustomObjectIndexerAttribute: 9a22284fe3817be447336de3de66b15e -> 
  custom:scripting/monoscript/fileName/PlayerManager.cs: a77c9f80bd85d83fac231c440136003f -> 
  custom:container-demuxer-webm: 4f35f7cbe854078d1ac9338744f61a02 -> 
  custom:scripting/monoscript/fileName/IWeapon.cs: fccf9f8b881f5a6cd15657495ae102ec -> 18a68f1a963ed4b9271c312bd01d86af
  custom:audio-encoder-webm-vorbis: bf7c407c2cedff20999df2af8eb42d56 -> 
  custom:scripting/monoscript/fileName/EnemySpawner.cs: e39a243dda0d2d8cc62ad435ae8ecfae -> 
  custom:scripting/monoscript/fileName/IPoolable.cs: d18cf3b77b5562204bad4377c97fa3bb -> 
  custom:container-muxer-webm: aa71ff27fc2769a1b78a27578f13a17b -> 
========================================================================
Received Prepare
Caller must complete domain reload
Begin MonoManager ReloadAssembly
Symbol file LoadedFromMemory is not a mono symbol file
- Loaded All Assemblies, in  0.497 seconds
Native extension for iOS target not found
Native extension for Android target not found
Native extension for OSXStandalone target not found
[Package Manager] Server::EnsureServerProcessIsRunning -- launch failed, reason: Unity was launched with the -noUpm command-line argument
[Package Manager] UpmClient::Send -- Unable to send message (not connected to UPM process).
[Package Manager] Cannot connect to Unity Package Manager local server
Mono: successfully reloaded assembly
- Finished resetting the current domain, in  1.471 seconds
Domain Reload Profiling: 1967ms
	BeginReloadAssembly (155ms)
		ExecutionOrderSort (0ms)
		DisableScriptedObjects (6ms)
		BackupInstance (0ms)
		ReleaseScriptingObjects (0ms)
		CreateAndSetChildDomain (48ms)
	RebuildCommonClasses (40ms)
	RebuildNativeTypeToScriptingClass (13ms)
	initialDomainReloadingComplete (27ms)
	LoadAllAssembliesAndSetupDomain (261ms)
		LoadAssemblies (307ms)
		RebuildTransferFunctionScriptingTraits (0ms)
		AnalyzeDomain (26ms)
			TypeCache.Refresh (10ms)
				TypeCache.ScanAssembly (0ms)
			ScanForSourceGeneratedMonoScriptInfo (8ms)
			ResolveRequiredComponents (4ms)
	FinalizeReload (1471ms)
		ReleaseScriptCaches (0ms)
		RebuildScriptCaches (0ms)
		SetupLoadedEditorAssemblies (674ms)
			LogAssemblyErrors (0ms)
			InitializePlatformSupportModulesInManaged (77ms)
			SetLoadedEditorAssemblies (4ms)
			RefreshPlugins (0ms)
			BeforeProcessingInitializeOnLoad (62ms)
			ProcessInitializeOnLoadAttributes (353ms)
			ProcessInitializeOnLoadMethodAttributes (177ms)
			AfterProcessingInitializeOnLoad (1ms)
			EditorAssembliesLoaded (0ms)
		ExecutionOrderSort2 (0ms)
		AwakeInstancesAfterBackupRestoration (5ms)
Refreshing native plugins compatible for Editor in 7.19 ms, found 2 plugins.
Preloading 0 native plugins for Editor in 0.00 ms.
Unloading 2484 Unused Serialized files (Serialized files now loaded: 0)
Unloading 13 unused Assets / (27.0 KB). Loaded Objects now: 3002.
Memory consumption went from 150.0 MB to 149.9 MB.
Total: 6.778875 ms (FindLiveObjects: 0.246369 ms CreateObjectMapping: 0.186284 ms MarkObjects: 6.304668 ms  DeleteObjects: 0.040753 ms)

Prepare: number of updated asset objects reloaded= 0
AssetImportParameters requested are different than current active one (requested -> active):
  custom:video-decoder-webm-vp8: 9c59270c3fd7afecdb556c50c9e8de78 -> 
  custom:scripting/monoscript/fileName/Spawner.cs: bb808fe5ba46e80f45756954ecbedb2a -> 90647cc400823b41df847a6cbfc29026
  custom:scripting/monoscript/fileName/IPoolReleasable.cs: cee9ced9ab4121fd17704fbe349d8cd9 -> 90647cc400823b41df847a6cbfc29026
  custom:SearchIndexIgnoredProperties: e643bd26f0fe6173181afceb89e7c659 -> 
  custom:container-demuxer-ogg: 62fdf1f143b41e24485cea50d1cbac27 -> 
  custom:AudioImporter_EditorPlatform: 3918e3fc78b5a79bad01e8451be0beb8 -> 
  custom:scripting/monoscript/fileName/GameManager.cs: 7cbdab9c4177b646065340f98a1bb89e -> 
  custom:scripting/monoscript/fileName/AttackComponent.cs: 38fcce2ee99a6c75881146fe69a3e942 -> 94c266d7c80e25d37d30245d87ceaa31
  custom:scripting/monoscript/fileName/BulletSpawner.cs: 07f4d43d5afce3bf1a1f5d4cebdaa402 -> 8a90a9ec341e444208dea5fc31a0933f
  custom:video-decoder-ogg-theora: a1e56fd34408186e4bbccfd4996cb3dc -> 
  custom:scripting/monoscript/fileName/MoveComponent.cs: e675081d9303b8f79985c992c7de3fc0 -> 8cea3fbf55f22f52508d594fbb5143c0
  custom:scripting/monoscript/fileName/EnemySpaceship.cs: 41a55b57737353fb9fccd9b5bdfd6f1f -> 
  custom:scripting/monoscript/fileName/LayerMaskToIntExtension.cs: b2221b9da2139f7d1e6c3194640006c1 -> 6961948ffe58dd3c1db5ec0b74815dfd
  custom:scripting/monoscript/fileName/CollisionDataComponent.cs: d666257c05347923bb2d3ca3d3264cd7 -> e97da0a46727cfbc30790c5c236e06f3
  custom:scripting/monoscript/fileName/HealthComponent.cs: 64cb2d734fec54010bb0911be970704f -> 90d9e4dd1bf0d59b821a8e2571d0c502
  custom:scripting/monoscript/fileName/SpaceshipFactory.cs: a336b4230a52f9ffd092a914239c15c7 -> 
  custom:framework-osx-AVFoundation: e770b220cccbd017edd2c1fefb359320 -> 
  custom:scripting/monoscript/fileName/BulletFactory.cs: faf67a7f4535467c3e75de1d068c66b5 -> 
  custom:scripting/monoscript/fileName/SpaceshipSpawner.cs: e595896969e0459607e9a4ab09452c6f -> 3d75d840b0573376ce039a3c62b466a2
  custom:video-encoder-webm-vp8: eb34c28f22e8b96e1ab97ce403110664 -> 
  custom:scripting/precompiled-assembly-types:Gameplay: 04517a78053abf88c7873e09381f8437 -> 8765d663b878d3a0ce28c71d8234d1b4
  custom:scripting/monoscript/fileName/FactoryController.cs: 1803547532a53abbbb96a9a985d883e2 -> 
  custom:scripting/monoscript/fileName/EnemyController.cs: 36f24d4e31b618e8ec9a0acf56f0adfd -> 
  custom:audio-decoder-ogg-vorbis: bf7c407c2cedff20999df2af8eb42d56 -> 
  custom:scripting/monoscript/fileName/EnemyDriverComponent.cs: 571dfcdde74f607a3eaca10cf205403c -> d318aa1a00ef90fcc11664e176180813
  custom:scripting/monoscript/fileName/Bullet.cs: 872cf5cad6b1a9955c23406522b9cf77 -> 6258a3063046a09b965729d4164f206b
  custom:CustomObjectIndexerAttribute: 9a22284fe3817be447336de3de66b15e -> 
  custom:scripting/monoscript/fileName/PlayerManager.cs: a77c9f80bd85d83fac231c440136003f -> 
  custom:container-demuxer-webm: 4f35f7cbe854078d1ac9338744f61a02 -> 
  custom:scripting/monoscript/fileName/DamageComponent.cs: ad3de152cea9d9883546921b5e720680 -> 500f859f6e72a29e2e978c3e472046b5
  custom:scripting/monoscript/fileName/IWeapon.cs: fccf9f8b881f5a6cd15657495ae102ec -> 18a68f1a963ed4b9271c312bd01d86af
  custom:audio-encoder-webm-vorbis: bf7c407c2cedff20999df2af8eb42d56 -> 
  custom:scripting/monoscript/fileName/EnemySpawner.cs: e39a243dda0d2d8cc62ad435ae8ecfae -> 
  custom:scripting/monoscript/fileName/Spaceship.cs: 4f44b68d286098b73f6113d6c5776924 -> 92bdb62baec5f16f686f08e21923e9cf
  custom:scripting/monoscript/fileName/IPoolable.cs: d18cf3b77b5562204bad4377c97fa3bb -> 
  custom:container-muxer-webm: aa71ff27fc2769a1b78a27578f13a17b -> 
========================================================================
Received Prepare
Caller must complete domain reload
Begin MonoManager ReloadAssembly
Symbol file LoadedFromMemory is not a mono symbol file
- Loaded All Assemblies, in  0.533 seconds
Native extension for iOS target not found
Native extension for Android target not found
Native extension for OSXStandalone target not found
[Package Manager] Server::EnsureServerProcessIsRunning -- launch failed, reason: Unity was launched with the -noUpm command-line argument
[Package Manager] UpmClient::Send -- Unable to send message (not connected to UPM process).
[Package Manager] Cannot connect to Unity Package Manager local server
Mono: successfully reloaded assembly
- Finished resetting the current domain, in  1.488 seconds
Domain Reload Profiling: 2021ms
	BeginReloadAssembly (201ms)
		ExecutionOrderSort (0ms)
		DisableScriptedObjects (7ms)
		BackupInstance (0ms)
		ReleaseScriptingObjects (0ms)
		CreateAndSetChildDomain (82ms)
	RebuildCommonClasses (39ms)
	RebuildNativeTypeToScriptingClass (13ms)
	initialDomainReloadingComplete (28ms)
	LoadAllAssembliesAndSetupDomain (252ms)
		LoadAssemblies (307ms)
		RebuildTransferFunctionScriptingTraits (0ms)
		AnalyzeDomain (23ms)
			TypeCache.Refresh (10ms)
				TypeCache.ScanAssembly (1ms)
			ScanForSourceGeneratedMonoScriptInfo (7ms)
			ResolveRequiredComponents (4ms)
	FinalizeReload (1489ms)
		ReleaseScriptCaches (0ms)
		RebuildScriptCaches (0ms)
		SetupLoadedEditorAssemblies (661ms)
			LogAssemblyErrors (0ms)
			InitializePlatformSupportModulesInManaged (71ms)
			SetLoadedEditorAssemblies (4ms)
			RefreshPlugins (0ms)
			BeforeProcessingInitializeOnLoad (69ms)
			ProcessInitializeOnLoadAttributes (330ms)
			ProcessInitializeOnLoadMethodAttributes (185ms)
			AfterProcessingInitializeOnLoad (1ms)
			EditorAssembliesLoaded (0ms)
		ExecutionOrderSort2 (0ms)
		AwakeInstancesAfterBackupRestoration (5ms)
Refreshing native plugins compatible for Editor in 8.28 ms, found 2 plugins.
Preloading 0 native plugins for Editor in 0.00 ms.
Unloading 2484 Unused Serialized files (Serialized files now loaded: 0)
Unloading 13 unused Assets / (27.0 KB). Loaded Objects now: 3005.
Memory consumption went from 158.3 MB to 158.2 MB.
Total: 8.014663 ms (FindLiveObjects: 0.500837 ms CreateObjectMapping: 0.301936 ms MarkObjects: 7.155277 ms  DeleteObjects: 0.055654 ms)

Prepare: number of updated asset objects reloaded= 0
AssetImportParameters requested are different than current active one (requested -> active):
  custom:video-decoder-webm-vp8: 9c59270c3fd7afecdb556c50c9e8de78 -> 
  custom:scripting/monoscript/fileName/Spawner.cs: bb808fe5ba46e80f45756954ecbedb2a -> 90647cc400823b41df847a6cbfc29026
  custom:scripting/monoscript/fileName/IPoolReleasable.cs: cee9ced9ab4121fd17704fbe349d8cd9 -> 90647cc400823b41df847a6cbfc29026
  custom:SearchIndexIgnoredProperties: e643bd26f0fe6173181afceb89e7c659 -> 
  custom:container-demuxer-ogg: 62fdf1f143b41e24485cea50d1cbac27 -> 
  custom:AudioImporter_EditorPlatform: 3918e3fc78b5a79bad01e8451be0beb8 -> 
  custom:scripting/monoscript/fileName/GameManager.cs: 7cbdab9c4177b646065340f98a1bb89e -> 
  custom:scripting/monoscript/fileName/AttackComponent.cs: 58072ce04f4fb8facbfe11907df29ac3 -> 94c266d7c80e25d37d30245d87ceaa31
  custom:scripting/monoscript/fileName/BulletSpawner.cs: 07f4d43d5afce3bf1a1f5d4cebdaa402 -> 8a90a9ec341e444208dea5fc31a0933f
  custom:video-decoder-ogg-theora: a1e56fd34408186e4bbccfd4996cb3dc -> 
  custom:scripting/monoscript/fileName/MoveComponent.cs: c5abaf6bb23ebda85ee9171b49b20dfd -> 8cea3fbf55f22f52508d594fbb5143c0
  custom:scripting/monoscript/fileName/EnemySpaceship.cs: 41a55b57737353fb9fccd9b5bdfd6f1f -> 
  custom:scripting/monoscript/fileName/LayerMaskToIntExtension.cs: b2221b9da2139f7d1e6c3194640006c1 -> 6961948ffe58dd3c1db5ec0b74815dfd
  custom:scripting/monoscript/fileName/CollisionDataComponent.cs: ea89e3a9ad11111669c6ee4ba4364566 -> e97da0a46727cfbc30790c5c236e06f3
  custom:scripting/monoscript/fileName/HealthComponent.cs: 6c5502887da7b153978d26f33c9f1e7e -> 90d9e4dd1bf0d59b821a8e2571d0c502
  custom:scripting/monoscript/fileName/SpaceshipFactory.cs: a336b4230a52f9ffd092a914239c15c7 -> 
  custom:framework-osx-AVFoundation: e770b220cccbd017edd2c1fefb359320 -> 
  custom:scripting/monoscript/fileName/BulletFactory.cs: faf67a7f4535467c3e75de1d068c66b5 -> 
  custom:scripting/monoscript/fileName/SpaceshipSpawner.cs: 417ad2857056265ff1168df3333774d9 -> 3d75d840b0573376ce039a3c62b466a2
  custom:video-encoder-webm-vp8: eb34c28f22e8b96e1ab97ce403110664 -> 
  custom:scripting/precompiled-assembly-types:Gameplay: 8892a25b22101a3d5f60a16b9df231fc -> 8765d663b878d3a0ce28c71d8234d1b4
  custom:scripting/monoscript/fileName/FactoryController.cs: 1803547532a53abbbb96a9a985d883e2 -> 
  custom:scripting/monoscript/fileName/EnemyController.cs: 36f24d4e31b618e8ec9a0acf56f0adfd -> 
  custom:audio-decoder-ogg-vorbis: bf7c407c2cedff20999df2af8eb42d56 -> 
  custom:scripting/monoscript/fileName/EnemyDriverComponent.cs: bd96e8f2f4b75c9a70644dc914546748 -> d318aa1a00ef90fcc11664e176180813
  custom:scripting/monoscript/fileName/Bullet.cs: 872cf5cad6b1a9955c23406522b9cf77 -> 6258a3063046a09b965729d4164f206b
  custom:CustomObjectIndexerAttribute: 9a22284fe3817be447336de3de66b15e -> 
  custom:scripting/monoscript/fileName/PlayerManager.cs: a77c9f80bd85d83fac231c440136003f -> 
  custom:container-demuxer-webm: 4f35f7cbe854078d1ac9338744f61a02 -> 
  custom:scripting/monoscript/fileName/DamageComponent.cs: 657c6d7b9e2cca078d1f0b9910bf16a7 -> 500f859f6e72a29e2e978c3e472046b5
  custom:scripting/monoscript/fileName/IWeapon.cs: fccf9f8b881f5a6cd15657495ae102ec -> 18a68f1a963ed4b9271c312bd01d86af
  custom:audio-encoder-webm-vorbis: bf7c407c2cedff20999df2af8eb42d56 -> 
  custom:scripting/monoscript/fileName/EnemySpawner.cs: e39a243dda0d2d8cc62ad435ae8ecfae -> 
  custom:scripting/monoscript/fileName/Spaceship.cs: 3af465ac2f27ef1b7ff6ebdab7d76acb -> 92bdb62baec5f16f686f08e21923e9cf
  custom:scripting/monoscript/fileName/IPoolable.cs: d18cf3b77b5562204bad4377c97fa3bb -> 
  custom:container-muxer-webm: aa71ff27fc2769a1b78a27578f13a17b -> 
========================================================================
Received Prepare
Caller must complete domain reload
Begin MonoManager ReloadAssembly
Symbol file LoadedFromMemory is not a mono symbol file
- Loaded All Assemblies, in  0.477 seconds
Native extension for iOS target not found
Native extension for Android target not found
Native extension for OSXStandalone target not found
[Package Manager] Server::EnsureServerProcessIsRunning -- launch failed, reason: Unity was launched with the -noUpm command-line argument
[Package Manager] UpmClient::Send -- Unable to send message (not connected to UPM process).
[Package Manager] Cannot connect to Unity Package Manager local server
Mono: successfully reloaded assembly
- Finished resetting the current domain, in  1.139 seconds
Domain Reload Profiling: 1616ms
	BeginReloadAssembly (190ms)
		ExecutionOrderSort (0ms)
		DisableScriptedObjects (10ms)
		BackupInstance (0ms)
		ReleaseScriptingObjects (0ms)
		CreateAndSetChildDomain (55ms)
	RebuildCommonClasses (39ms)
	RebuildNativeTypeToScriptingClass (13ms)
	initialDomainReloadingComplete (26ms)
	LoadAllAssembliesAndSetupDomain (209ms)
		LoadAssemblies (275ms)
		RebuildTransferFunctionScriptingTraits (0ms)
		AnalyzeDomain (23ms)
			TypeCache.Refresh (8ms)
				TypeCache.ScanAssembly (0ms)
			ScanForSourceGeneratedMonoScriptInfo (8ms)
			ResolveRequiredComponents (4ms)
	FinalizeReload (1139ms)
		ReleaseScriptCaches (0ms)
		RebuildScriptCaches (0ms)
		SetupLoadedEditorAssemblies (648ms)
			LogAssemblyErrors (0ms)
			InitializePlatformSupportModulesInManaged (72ms)
			SetLoadedEditorAssemblies (5ms)
			RefreshPlugins (0ms)
			BeforeProcessingInitializeOnLoad (63ms)
			ProcessInitializeOnLoadAttributes (336ms)
			ProcessInitializeOnLoadMethodAttributes (170ms)
			AfterProcessingInitializeOnLoad (1ms)
			EditorAssembliesLoaded (0ms)
		ExecutionOrderSort2 (0ms)
		AwakeInstancesAfterBackupRestoration (5ms)
Refreshing native plugins compatible for Editor in 5.57 ms, found 2 plugins.
Preloading 0 native plugins for Editor in 0.00 ms.
Unloading 2484 Unused Serialized files (Serialized files now loaded: 0)
Unloading 13 unused Assets / (27.0 KB). Loaded Objects now: 3008.
Memory consumption went from 166.6 MB to 166.5 MB.
Total: 6.071432 ms (FindLiveObjects: 0.219722 ms CreateObjectMapping: 0.161790 ms MarkObjects: 5.592893 ms  DeleteObjects: 0.096366 ms)

Prepare: number of updated asset objects reloaded= 0
AssetImportParameters requested are different than current active one (requested -> active):
  custom:video-decoder-webm-vp8: 9c59270c3fd7afecdb556c50c9e8de78 -> 
  custom:scripting/monoscript/fileName/Spawner.cs: bb808fe5ba46e80f45756954ecbedb2a -> 90647cc400823b41df847a6cbfc29026
  custom:scripting/monoscript/fileName/IPoolReleasable.cs: cee9ced9ab4121fd17704fbe349d8cd9 -> 90647cc400823b41df847a6cbfc29026
  custom:SearchIndexIgnoredProperties: e643bd26f0fe6173181afceb89e7c659 -> 
  custom:container-demuxer-ogg: 62fdf1f143b41e24485cea50d1cbac27 -> 
  custom:AudioImporter_EditorPlatform: 3918e3fc78b5a79bad01e8451be0beb8 -> 
  custom:scripting/monoscript/fileName/GameManager.cs: 7cbdab9c4177b646065340f98a1bb89e -> 
  custom:scripting/monoscript/fileName/AttackComponent.cs: 58072ce04f4fb8facbfe11907df29ac3 -> 94c266d7c80e25d37d30245d87ceaa31
  custom:scripting/monoscript/fileName/BulletSpawner.cs: 07f4d43d5afce3bf1a1f5d4cebdaa402 -> 8a90a9ec341e444208dea5fc31a0933f
  custom:video-decoder-ogg-theora: a1e56fd34408186e4bbccfd4996cb3dc -> 
  custom:scripting/monoscript/fileName/MoveComponent.cs: c5abaf6bb23ebda85ee9171b49b20dfd -> 8cea3fbf55f22f52508d594fbb5143c0
  custom:scripting/monoscript/fileName/EnemySpaceship.cs: 41a55b57737353fb9fccd9b5bdfd6f1f -> 
  custom:scripting/monoscript/fileName/LayerMaskToIntExtension.cs: b2221b9da2139f7d1e6c3194640006c1 -> 6961948ffe58dd3c1db5ec0b74815dfd
  custom:scripting/monoscript/fileName/CollisionDataComponent.cs: ea89e3a9ad11111669c6ee4ba4364566 -> e97da0a46727cfbc30790c5c236e06f3
  custom:scripting/monoscript/fileName/HealthComponent.cs: 6c5502887da7b153978d26f33c9f1e7e -> 90d9e4dd1bf0d59b821a8e2571d0c502
  custom:scripting/monoscript/fileName/SpaceshipFactory.cs: a336b4230a52f9ffd092a914239c15c7 -> 
  custom:framework-osx-AVFoundation: e770b220cccbd017edd2c1fefb359320 -> 
  custom:scripting/monoscript/fileName/BulletFactory.cs: faf67a7f4535467c3e75de1d068c66b5 -> 
  custom:scripting/monoscript/fileName/SpaceshipSpawner.cs: 417ad2857056265ff1168df3333774d9 -> 3d75d840b0573376ce039a3c62b466a2
  custom:video-encoder-webm-vp8: eb34c28f22e8b96e1ab97ce403110664 -> 
  custom:scripting/precompiled-assembly-types:Gameplay: 1e8b76e42f838b1046c92ae15395d48c -> 8765d663b878d3a0ce28c71d8234d1b4
  custom:scripting/monoscript/fileName/FactoryController.cs: 1803547532a53abbbb96a9a985d883e2 -> 
  custom:scripting/monoscript/fileName/EnemyController.cs: 36f24d4e31b618e8ec9a0acf56f0adfd -> 
  custom:audio-decoder-ogg-vorbis: bf7c407c2cedff20999df2af8eb42d56 -> 
  custom:scripting/monoscript/fileName/EnemyDriverComponent.cs: bd96e8f2f4b75c9a70644dc914546748 -> d318aa1a00ef90fcc11664e176180813
  custom:scripting/monoscript/fileName/Bullet.cs: 872cf5cad6b1a9955c23406522b9cf77 -> 6258a3063046a09b965729d4164f206b
  custom:CustomObjectIndexerAttribute: 9a22284fe3817be447336de3de66b15e -> 
  custom:scripting/monoscript/fileName/EnemyAIComponent.cs: 699b7dfc7e762989cac6ecb65635ecae -> 
  custom:scripting/monoscript/fileName/PlayerManager.cs: a77c9f80bd85d83fac231c440136003f -> 
  custom:container-demuxer-webm: 4f35f7cbe854078d1ac9338744f61a02 -> 
  custom:scripting/monoscript/fileName/DamageComponent.cs: 657c6d7b9e2cca078d1f0b9910bf16a7 -> 500f859f6e72a29e2e978c3e472046b5
  custom:scripting/monoscript/fileName/IWeapon.cs: fccf9f8b881f5a6cd15657495ae102ec -> 18a68f1a963ed4b9271c312bd01d86af
  custom:audio-encoder-webm-vorbis: bf7c407c2cedff20999df2af8eb42d56 -> 
  custom:scripting/monoscript/fileName/EnemySpawner.cs: e39a243dda0d2d8cc62ad435ae8ecfae -> 
  custom:scripting/monoscript/fileName/Spaceship.cs: 3af465ac2f27ef1b7ff6ebdab7d76acb -> 92bdb62baec5f16f686f08e21923e9cf
  custom:scripting/monoscript/fileName/IPoolable.cs: d18cf3b77b5562204bad4377c97fa3bb -> 
  custom:container-muxer-webm: aa71ff27fc2769a1b78a27578f13a17b -> 
========================================================================
Received Prepare
Caller must complete domain reload
Begin MonoManager ReloadAssembly
Symbol file LoadedFromMemory is not a mono symbol file
- Loaded All Assemblies, in  0.524 seconds
Native extension for iOS target not found
Native extension for Android target not found
Native extension for OSXStandalone target not found
[Package Manager] Server::EnsureServerProcessIsRunning -- launch failed, reason: Unity was launched with the -noUpm command-line argument
[Package Manager] UpmClient::Send -- Unable to send message (not connected to UPM process).
[Package Manager] Cannot connect to Unity Package Manager local server
Mono: successfully reloaded assembly
- Finished resetting the current domain, in  1.414 seconds
Domain Reload Profiling: 1937ms
	BeginReloadAssembly (172ms)
		ExecutionOrderSort (0ms)
		DisableScriptedObjects (6ms)
		BackupInstance (0ms)
		ReleaseScriptingObjects (0ms)
		CreateAndSetChildDomain (53ms)
	RebuildCommonClasses (39ms)
	RebuildNativeTypeToScriptingClass (13ms)
	initialDomainReloadingComplete (25ms)
	LoadAllAssembliesAndSetupDomain (274ms)
		LoadAssemblies (331ms)
		RebuildTransferFunctionScriptingTraits (0ms)
		AnalyzeDomain (26ms)
			TypeCache.Refresh (11ms)
				TypeCache.ScanAssembly (1ms)
			ScanForSourceGeneratedMonoScriptInfo (8ms)
			ResolveRequiredComponents (4ms)
	FinalizeReload (1414ms)
		ReleaseScriptCaches (0ms)
		RebuildScriptCaches (0ms)
		SetupLoadedEditorAssemblies (621ms)
			LogAssemblyErrors (0ms)
			InitializePlatformSupportModulesInManaged (72ms)
			SetLoadedEditorAssemblies (4ms)
			RefreshPlugins (0ms)
			BeforeProcessingInitializeOnLoad (62ms)
			ProcessInitializeOnLoadAttributes (316ms)
			ProcessInitializeOnLoadMethodAttributes (166ms)
			AfterProcessingInitializeOnLoad (1ms)
			EditorAssembliesLoaded (0ms)
		ExecutionOrderSort2 (0ms)
		AwakeInstancesAfterBackupRestoration (6ms)
Refreshing native plugins compatible for Editor in 6.60 ms, found 2 plugins.
Preloading 0 native plugins for Editor in 0.00 ms.
Unloading 2484 Unused Serialized files (Serialized files now loaded: 0)
Unloading 13 unused Assets / (27.0 KB). Loaded Objects now: 3011.
Memory consumption went from 174.9 MB to 174.8 MB.
Total: 6.302594 ms (FindLiveObjects: 0.245546 ms CreateObjectMapping: 0.151002 ms MarkObjects: 5.853623 ms  DeleteObjects: 0.051609 ms)

Prepare: number of updated asset objects reloaded= 0
AssetImportParameters requested are different than current active one (requested -> active):
  custom:video-decoder-webm-vp8: 9c59270c3fd7afecdb556c50c9e8de78 -> 
  custom:scripting/monoscript/fileName/Spawner.cs: bb808fe5ba46e80f45756954ecbedb2a -> 90647cc400823b41df847a6cbfc29026
  custom:scripting/monoscript/fileName/IPoolReleasable.cs: cee9ced9ab4121fd17704fbe349d8cd9 -> 90647cc400823b41df847a6cbfc29026
  custom:SearchIndexIgnoredProperties: e643bd26f0fe6173181afceb89e7c659 -> 
  custom:container-demuxer-ogg: 62fdf1f143b41e24485cea50d1cbac27 -> 
  custom:AudioImporter_EditorPlatform: 3918e3fc78b5a79bad01e8451be0beb8 -> 
  custom:scripting/monoscript/fileName/GameManager.cs: 7cbdab9c4177b646065340f98a1bb89e -> 
  custom:scripting/monoscript/fileName/AttackComponent.cs: 58072ce04f4fb8facbfe11907df29ac3 -> 94c266d7c80e25d37d30245d87ceaa31
  custom:scripting/monoscript/fileName/BulletSpawner.cs: 07f4d43d5afce3bf1a1f5d4cebdaa402 -> 8a90a9ec341e444208dea5fc31a0933f
  custom:video-decoder-ogg-theora: a1e56fd34408186e4bbccfd4996cb3dc -> 
  custom:scripting/monoscript/fileName/MoveComponent.cs: c5abaf6bb23ebda85ee9171b49b20dfd -> 8cea3fbf55f22f52508d594fbb5143c0
  custom:scripting/monoscript/fileName/EnemySpaceship.cs: 41a55b57737353fb9fccd9b5bdfd6f1f -> 
  custom:scripting/monoscript/fileName/LayerMaskToIntExtension.cs: b2221b9da2139f7d1e6c3194640006c1 -> 6961948ffe58dd3c1db5ec0b74815dfd
  custom:scripting/monoscript/fileName/CollisionDataComponent.cs: ea89e3a9ad11111669c6ee4ba4364566 -> e97da0a46727cfbc30790c5c236e06f3
  custom:scripting/monoscript/fileName/HealthComponent.cs: 6c5502887da7b153978d26f33c9f1e7e -> 90d9e4dd1bf0d59b821a8e2571d0c502
  custom:scripting/monoscript/fileName/SpaceshipFactory.cs: a336b4230a52f9ffd092a914239c15c7 -> 
  custom:framework-osx-AVFoundation: e770b220cccbd017edd2c1fefb359320 -> 
  custom:scripting/monoscript/fileName/BulletFactory.cs: faf67a7f4535467c3e75de1d068c66b5 -> 
  custom:scripting/monoscript/fileName/SpaceshipSpawner.cs: 417ad2857056265ff1168df3333774d9 -> 3d75d840b0573376ce039a3c62b466a2
  custom:video-encoder-webm-vp8: eb34c28f22e8b96e1ab97ce403110664 -> 
  custom:scripting/precompiled-assembly-types:Gameplay: 36b5eeb31919d8958ac3adfb4872a16c -> 8765d663b878d3a0ce28c71d8234d1b4
  custom:scripting/monoscript/fileName/FactoryController.cs: 1803547532a53abbbb96a9a985d883e2 -> 
  custom:scripting/monoscript/fileName/EnemyController.cs: 36f24d4e31b618e8ec9a0acf56f0adfd -> 
  custom:audio-decoder-ogg-vorbis: bf7c407c2cedff20999df2af8eb42d56 -> 
  custom:scripting/monoscript/fileName/EnemyDriverComponent.cs: bd96e8f2f4b75c9a70644dc914546748 -> d318aa1a00ef90fcc11664e176180813
  custom:scripting/monoscript/fileName/Bullet.cs: 872cf5cad6b1a9955c23406522b9cf77 -> 6258a3063046a09b965729d4164f206b
  custom:CustomObjectIndexerAttribute: 9a22284fe3817be447336de3de66b15e -> 
  custom:scripting/monoscript/fileName/EnemyAIComponent.cs: e2167f96feb6d2ffb11a4dc87e5ed1d1 -> 
  custom:scripting/monoscript/fileName/PlayerManager.cs: a77c9f80bd85d83fac231c440136003f -> 
  custom:container-demuxer-webm: 4f35f7cbe854078d1ac9338744f61a02 -> 
  custom:scripting/monoscript/fileName/DamageComponent.cs: 657c6d7b9e2cca078d1f0b9910bf16a7 -> 500f859f6e72a29e2e978c3e472046b5
  custom:scripting/monoscript/fileName/IWeapon.cs: fccf9f8b881f5a6cd15657495ae102ec -> 18a68f1a963ed4b9271c312bd01d86af
  custom:audio-encoder-webm-vorbis: bf7c407c2cedff20999df2af8eb42d56 -> 
  custom:scripting/monoscript/fileName/EnemySpawner.cs: 2c02b40d3011e9f6898d2cd47231ef02 -> 
  custom:scripting/monoscript/fileName/Spaceship.cs: 3af465ac2f27ef1b7ff6ebdab7d76acb -> 92bdb62baec5f16f686f08e21923e9cf
  custom:scripting/monoscript/fileName/IPoolable.cs: d18cf3b77b5562204bad4377c97fa3bb -> 
  custom:container-muxer-webm: aa71ff27fc2769a1b78a27578f13a17b -> 
========================================================================
Received Prepare
Caller must complete domain reload
Begin MonoManager ReloadAssembly
Symbol file LoadedFromMemory is not a mono symbol file
- Loaded All Assemblies, in  0.407 seconds
Native extension for iOS target not found
Native extension for Android target not found
Native extension for OSXStandalone target not found
[Package Manager] Server::EnsureServerProcessIsRunning -- launch failed, reason: Unity was launched with the -noUpm command-line argument
[Package Manager] UpmClient::Send -- Unable to send message (not connected to UPM process).
[Package Manager] Cannot connect to Unity Package Manager local server
Mono: successfully reloaded assembly
- Finished resetting the current domain, in  1.211 seconds
Domain Reload Profiling: 1619ms
	BeginReloadAssembly (148ms)
		ExecutionOrderSort (0ms)
		DisableScriptedObjects (6ms)
		BackupInstance (0ms)
		ReleaseScriptingObjects (0ms)
		CreateAndSetChildDomain (45ms)
	RebuildCommonClasses (38ms)
	RebuildNativeTypeToScriptingClass (12ms)
	initialDomainReloadingComplete (24ms)
	LoadAllAssembliesAndSetupDomain (184ms)
		LoadAssemblies (240ms)
		RebuildTransferFunctionScriptingTraits (0ms)
		AnalyzeDomain (14ms)
			TypeCache.Refresh (6ms)
				TypeCache.ScanAssembly (0ms)
			ScanForSourceGeneratedMonoScriptInfo (0ms)
			ResolveRequiredComponents (4ms)
	FinalizeReload (1212ms)
		ReleaseScriptCaches (0ms)
		RebuildScriptCaches (0ms)
		SetupLoadedEditorAssemblies (750ms)
			LogAssemblyErrors (0ms)
			InitializePlatformSupportModulesInManaged (77ms)
			SetLoadedEditorAssemblies (5ms)
			RefreshPlugins (0ms)
			BeforeProcessingInitializeOnLoad (68ms)
			ProcessInitializeOnLoadAttributes (389ms)
			ProcessInitializeOnLoadMethodAttributes (210ms)
			AfterProcessingInitializeOnLoad (1ms)
			EditorAssembliesLoaded (1ms)
		ExecutionOrderSort2 (0ms)
		AwakeInstancesAfterBackupRestoration (6ms)
Refreshing native plugins compatible for Editor in 7.66 ms, found 2 plugins.
Preloading 0 native plugins for Editor in 0.00 ms.
Unloading 2484 Unused Serialized files (Serialized files now loaded: 0)
Unloading 13 unused Assets / (27.0 KB). Loaded Objects now: 3014.
Memory consumption went from 183.2 MB to 183.1 MB.
Total: 7.044600 ms (FindLiveObjects: 0.208250 ms CreateObjectMapping: 0.162481 ms MarkObjects: 6.613960 ms  DeleteObjects: 0.058854 ms)

Prepare: number of updated asset objects reloaded= 0
AssetImportParameters requested are different than current active one (requested -> active):
  custom:video-decoder-webm-vp8: 9c59270c3fd7afecdb556c50c9e8de78 -> 
  custom:scripting/monoscript/fileName/Spawner.cs: bb808fe5ba46e80f45756954ecbedb2a -> 90647cc400823b41df847a6cbfc29026
  custom:scripting/monoscript/fileName/IPoolReleasable.cs: cee9ced9ab4121fd17704fbe349d8cd9 -> 90647cc400823b41df847a6cbfc29026
  custom:SearchIndexIgnoredProperties: e643bd26f0fe6173181afceb89e7c659 -> 
  custom:container-demuxer-ogg: 62fdf1f143b41e24485cea50d1cbac27 -> 
  custom:AudioImporter_EditorPlatform: 3918e3fc78b5a79bad01e8451be0beb8 -> 
  custom:scripting/monoscript/fileName/GameManager.cs: 7cbdab9c4177b646065340f98a1bb89e -> 
  custom:scripting/monoscript/fileName/AttackComponent.cs: 58072ce04f4fb8facbfe11907df29ac3 -> 94c266d7c80e25d37d30245d87ceaa31
  custom:scripting/monoscript/fileName/BulletSpawner.cs: 07f4d43d5afce3bf1a1f5d4cebdaa402 -> 8a90a9ec341e444208dea5fc31a0933f
  custom:video-decoder-ogg-theora: a1e56fd34408186e4bbccfd4996cb3dc -> 
  custom:scripting/monoscript/fileName/MoveComponent.cs: c5abaf6bb23ebda85ee9171b49b20dfd -> 8cea3fbf55f22f52508d594fbb5143c0
  custom:scripting/monoscript/fileName/EnemySpaceship.cs: 41a55b57737353fb9fccd9b5bdfd6f1f -> 
  custom:scripting/monoscript/fileName/LayerMaskToIntExtension.cs: b2221b9da2139f7d1e6c3194640006c1 -> 6961948ffe58dd3c1db5ec0b74815dfd
  custom:scripting/monoscript/fileName/CollisionDataComponent.cs: ea89e3a9ad11111669c6ee4ba4364566 -> e97da0a46727cfbc30790c5c236e06f3
  custom:scripting/monoscript/fileName/HealthComponent.cs: 6c5502887da7b153978d26f33c9f1e7e -> 90d9e4dd1bf0d59b821a8e2571d0c502
  custom:scripting/monoscript/fileName/SpaceshipFactory.cs: a336b4230a52f9ffd092a914239c15c7 -> 
  custom:framework-osx-AVFoundation: e770b220cccbd017edd2c1fefb359320 -> 
  custom:scripting/monoscript/fileName/BulletFactory.cs: faf67a7f4535467c3e75de1d068c66b5 -> 
  custom:scripting/monoscript/fileName/SpaceshipSpawner.cs: 417ad2857056265ff1168df3333774d9 -> 3d75d840b0573376ce039a3c62b466a2
  custom:video-encoder-webm-vp8: eb34c28f22e8b96e1ab97ce403110664 -> 
  custom:scripting/precompiled-assembly-types:Gameplay: 36b5eeb31919d8958ac3adfb4872a16c -> 8765d663b878d3a0ce28c71d8234d1b4
  custom:scripting/monoscript/fileName/FactoryController.cs: 1803547532a53abbbb96a9a985d883e2 -> 
  custom:scripting/monoscript/fileName/EnemyController.cs: 36f24d4e31b618e8ec9a0acf56f0adfd -> 
  custom:audio-decoder-ogg-vorbis: bf7c407c2cedff20999df2af8eb42d56 -> 
  custom:scripting/monoscript/fileName/EnemyDriverComponent.cs: bd96e8f2f4b75c9a70644dc914546748 -> d318aa1a00ef90fcc11664e176180813
  custom:scripting/monoscript/fileName/Bullet.cs: 872cf5cad6b1a9955c23406522b9cf77 -> 6258a3063046a09b965729d4164f206b
  custom:CustomObjectIndexerAttribute: 9a22284fe3817be447336de3de66b15e -> 
  custom:scripting/monoscript/fileName/EnemyAIComponent.cs: e2167f96feb6d2ffb11a4dc87e5ed1d1 -> 
  custom:scripting/monoscript/fileName/PlayerManager.cs: a77c9f80bd85d83fac231c440136003f -> 
  custom:container-demuxer-webm: 4f35f7cbe854078d1ac9338744f61a02 -> 
  custom:scripting/monoscript/fileName/DamageComponent.cs: 657c6d7b9e2cca078d1f0b9910bf16a7 -> 500f859f6e72a29e2e978c3e472046b5
  custom:scripting/monoscript/fileName/IWeapon.cs: fccf9f8b881f5a6cd15657495ae102ec -> 18a68f1a963ed4b9271c312bd01d86af
  custom:audio-encoder-webm-vorbis: bf7c407c2cedff20999df2af8eb42d56 -> 
  custom:scripting/monoscript/fileName/EnemySpawner.cs: 2c02b40d3011e9f6898d2cd47231ef02 -> 
  custom:scripting/monoscript/fileName/Spaceship.cs: 3af465ac2f27ef1b7ff6ebdab7d76acb -> 92bdb62baec5f16f686f08e21923e9cf
  custom:scripting/monoscript/fileName/IPoolable.cs: d18cf3b77b5562204bad4377c97fa3bb -> 
  custom:container-muxer-webm: aa71ff27fc2769a1b78a27578f13a17b -> 
========================================================================
Received Prepare
Caller must complete domain reload
Begin MonoManager ReloadAssembly
Symbol file LoadedFromMemory is not a mono symbol file
- Loaded All Assemblies, in  0.476 seconds
Native extension for iOS target not found
Native extension for Android target not found
Native extension for OSXStandalone target not found
[Package Manager] Server::EnsureServerProcessIsRunning -- launch failed, reason: Unity was launched with the -noUpm command-line argument
[Package Manager] UpmClient::Send -- Unable to send message (not connected to UPM process).
[Package Manager] Cannot connect to Unity Package Manager local server
Mono: successfully reloaded assembly
- Finished resetting the current domain, in  1.492 seconds
Domain Reload Profiling: 1968ms
	BeginReloadAssembly (157ms)
		ExecutionOrderSort (0ms)
		DisableScriptedObjects (6ms)
		BackupInstance (0ms)
		ReleaseScriptingObjects (0ms)
		CreateAndSetChildDomain (48ms)
	RebuildCommonClasses (42ms)
	RebuildNativeTypeToScriptingClass (12ms)
	initialDomainReloadingComplete (26ms)
	LoadAllAssembliesAndSetupDomain (238ms)
		LoadAssemblies (290ms)
		RebuildTransferFunctionScriptingTraits (0ms)
		AnalyzeDomain (23ms)
			TypeCache.Refresh (9ms)
				TypeCache.ScanAssembly (0ms)
			ScanForSourceGeneratedMonoScriptInfo (8ms)
			ResolveRequiredComponents (4ms)
	FinalizeReload (1493ms)
		ReleaseScriptCaches (0ms)
		RebuildScriptCaches (0ms)
		SetupLoadedEditorAssemblies (640ms)
			LogAssemblyErrors (0ms)
			InitializePlatformSupportModulesInManaged (87ms)
			SetLoadedEditorAssemblies (5ms)
			RefreshPlugins (0ms)
			BeforeProcessingInitializeOnLoad (61ms)
			ProcessInitializeOnLoadAttributes (317ms)
			ProcessInitializeOnLoadMethodAttributes (168ms)
			AfterProcessingInitializeOnLoad (1ms)
			EditorAssembliesLoaded (0ms)
		ExecutionOrderSort2 (0ms)
		AwakeInstancesAfterBackupRestoration (5ms)
Refreshing native plugins compatible for Editor in 6.85 ms, found 2 plugins.
Preloading 0 native plugins for Editor in 0.00 ms.
Unloading 2484 Unused Serialized files (Serialized files now loaded: 0)
Unloading 13 unused Assets / (27.1 KB). Loaded Objects now: 3017.
Memory consumption went from 191.5 MB to 191.4 MB.
Total: 6.281611 ms (FindLiveObjects: 0.191709 ms CreateObjectMapping: 0.153807 ms MarkObjects: 5.898324 ms  DeleteObjects: 0.036975 ms)

Prepare: number of updated asset objects reloaded= 0
AssetImportParameters requested are different than current active one (requested -> active):
  custom:video-decoder-webm-vp8: 9c59270c3fd7afecdb556c50c9e8de78 -> 
  custom:scripting/monoscript/fileName/Spawner.cs: bb808fe5ba46e80f45756954ecbedb2a -> 90647cc400823b41df847a6cbfc29026
  custom:scripting/monoscript/fileName/IPoolReleasable.cs: cee9ced9ab4121fd17704fbe349d8cd9 -> 90647cc400823b41df847a6cbfc29026
  custom:SearchIndexIgnoredProperties: e643bd26f0fe6173181afceb89e7c659 -> 
  custom:container-demuxer-ogg: 62fdf1f143b41e24485cea50d1cbac27 -> 
  custom:AudioImporter_EditorPlatform: 3918e3fc78b5a79bad01e8451be0beb8 -> 
  custom:scripting/monoscript/fileName/GameManager.cs: 7cbdab9c4177b646065340f98a1bb89e -> 
  custom:scripting/monoscript/fileName/AttackComponent.cs: 58072ce04f4fb8facbfe11907df29ac3 -> 94c266d7c80e25d37d30245d87ceaa31
  custom:scripting/monoscript/fileName/BulletSpawner.cs: 07f4d43d5afce3bf1a1f5d4cebdaa402 -> 8a90a9ec341e444208dea5fc31a0933f
  custom:video-decoder-ogg-theora: a1e56fd34408186e4bbccfd4996cb3dc -> 
  custom:scripting/monoscript/fileName/MoveComponent.cs: c5abaf6bb23ebda85ee9171b49b20dfd -> 8cea3fbf55f22f52508d594fbb5143c0
  custom:scripting/monoscript/fileName/EnemySpaceship.cs: 41a55b57737353fb9fccd9b5bdfd6f1f -> 
  custom:scripting/monoscript/fileName/LayerMaskToIntExtension.cs: b2221b9da2139f7d1e6c3194640006c1 -> 6961948ffe58dd3c1db5ec0b74815dfd
  custom:scripting/monoscript/fileName/CollisionDataComponent.cs: ea89e3a9ad11111669c6ee4ba4364566 -> e97da0a46727cfbc30790c5c236e06f3
  custom:scripting/monoscript/fileName/HealthComponent.cs: 6c5502887da7b153978d26f33c9f1e7e -> 90d9e4dd1bf0d59b821a8e2571d0c502
  custom:scripting/monoscript/fileName/SpaceshipFactory.cs: a336b4230a52f9ffd092a914239c15c7 -> 
  custom:framework-osx-AVFoundation: e770b220cccbd017edd2c1fefb359320 -> 
  custom:scripting/monoscript/fileName/BulletFactory.cs: faf67a7f4535467c3e75de1d068c66b5 -> 
  custom:scripting/monoscript/fileName/SpaceshipSpawner.cs: 417ad2857056265ff1168df3333774d9 -> 3d75d840b0573376ce039a3c62b466a2
  custom:video-encoder-webm-vp8: eb34c28f22e8b96e1ab97ce403110664 -> 
  custom:scripting/precompiled-assembly-types:Gameplay: a45a205a92519d8e6e21698f1f0cf177 -> 8765d663b878d3a0ce28c71d8234d1b4
  custom:scripting/monoscript/fileName/FactoryController.cs: 1803547532a53abbbb96a9a985d883e2 -> 
  custom:scripting/monoscript/fileName/EnemyController.cs: 36f24d4e31b618e8ec9a0acf56f0adfd -> 
  custom:audio-decoder-ogg-vorbis: bf7c407c2cedff20999df2af8eb42d56 -> 
  custom:scripting/monoscript/fileName/EnemyDriverComponent.cs: bd96e8f2f4b75c9a70644dc914546748 -> d318aa1a00ef90fcc11664e176180813
  custom:scripting/monoscript/fileName/Bullet.cs: 872cf5cad6b1a9955c23406522b9cf77 -> 6258a3063046a09b965729d4164f206b
  custom:CustomObjectIndexerAttribute: 9a22284fe3817be447336de3de66b15e -> 
  custom:scripting/monoscript/fileName/EnemyAIComponent.cs: e2167f96feb6d2ffb11a4dc87e5ed1d1 -> 
  custom:scripting/monoscript/fileName/PlayerManager.cs: a77c9f80bd85d83fac231c440136003f -> 
  custom:container-demuxer-webm: 4f35f7cbe854078d1ac9338744f61a02 -> 
  custom:scripting/monoscript/fileName/DamageComponent.cs: 657c6d7b9e2cca078d1f0b9910bf16a7 -> 500f859f6e72a29e2e978c3e472046b5
  custom:scripting/monoscript/fileName/IWeapon.cs: fccf9f8b881f5a6cd15657495ae102ec -> 18a68f1a963ed4b9271c312bd01d86af
  custom:audio-encoder-webm-vorbis: bf7c407c2cedff20999df2af8eb42d56 -> 
  custom:scripting/monoscript/fileName/EnemySpawner.cs: 2c02b40d3011e9f6898d2cd47231ef02 -> 
  custom:scripting/monoscript/fileName/Spaceship.cs: 3af465ac2f27ef1b7ff6ebdab7d76acb -> 92bdb62baec5f16f686f08e21923e9cf
  custom:scripting/monoscript/fileName/IPoolable.cs: d18cf3b77b5562204bad4377c97fa3bb -> 
  custom:container-muxer-webm: aa71ff27fc2769a1b78a27578f13a17b -> 
========================================================================
Received Prepare
Caller must complete domain reload
Begin MonoManager ReloadAssembly
Symbol file LoadedFromMemory is not a mono symbol file
- Loaded All Assemblies, in  0.496 seconds
Native extension for iOS target not found
Native extension for Android target not found
Native extension for OSXStandalone target not found
[Package Manager] Server::EnsureServerProcessIsRunning -- launch failed, reason: Unity was launched with the -noUpm command-line argument
[Package Manager] UpmClient::Send -- Unable to send message (not connected to UPM process).
[Package Manager] Cannot connect to Unity Package Manager local server
Mono: successfully reloaded assembly
- Finished resetting the current domain, in  1.731 seconds
Domain Reload Profiling: 2227ms
	BeginReloadAssembly (162ms)
		ExecutionOrderSort (0ms)
		DisableScriptedObjects (6ms)
		BackupInstance (0ms)
		ReleaseScriptingObjects (0ms)
		CreateAndSetChildDomain (49ms)
	RebuildCommonClasses (38ms)
	RebuildNativeTypeToScriptingClass (12ms)
	initialDomainReloadingComplete (25ms)
	LoadAllAssembliesAndSetupDomain (259ms)
		LoadAssemblies (325ms)
		RebuildTransferFunctionScriptingTraits (0ms)
		AnalyzeDomain (12ms)
			TypeCache.Refresh (6ms)
				TypeCache.ScanAssembly (0ms)
			ScanForSourceGeneratedMonoScriptInfo (0ms)
			ResolveRequiredComponents (4ms)
	FinalizeReload (1731ms)
		ReleaseScriptCaches (0ms)
		RebuildScriptCaches (0ms)
		SetupLoadedEditorAssemblies (813ms)
			LogAssemblyErrors (0ms)
			InitializePlatformSupportModulesInManaged (110ms)
			SetLoadedEditorAssemblies (7ms)
			RefreshPlugins (0ms)
			BeforeProcessingInitializeOnLoad (92ms)
			ProcessInitializeOnLoadAttributes (393ms)
			ProcessInitializeOnLoadMethodAttributes (209ms)
			AfterProcessingInitializeOnLoad (1ms)
			EditorAssembliesLoaded (0ms)
		ExecutionOrderSort2 (0ms)
		AwakeInstancesAfterBackupRestoration (6ms)
Refreshing native plugins compatible for Editor in 15.96 ms, found 2 plugins.
Preloading 0 native plugins for Editor in 0.00 ms.
Unloading 2484 Unused Serialized files (Serialized files now loaded: 0)
Unloading 13 unused Assets / (27.1 KB). Loaded Objects now: 3020.
Memory consumption went from 199.8 MB to 199.7 MB.
Total: 7.933745 ms (FindLiveObjects: 0.235433 ms CreateObjectMapping: 0.210786 ms MarkObjects: 7.434895 ms  DeleteObjects: 0.051480 ms)

Prepare: number of updated asset objects reloaded= 0
AssetImportParameters requested are different than current active one (requested -> active):
  custom:video-decoder-webm-vp8: 9c59270c3fd7afecdb556c50c9e8de78 -> 
  custom:scripting/monoscript/fileName/Spawner.cs: bb808fe5ba46e80f45756954ecbedb2a -> 90647cc400823b41df847a6cbfc29026
  custom:scripting/monoscript/fileName/IPoolReleasable.cs: cee9ced9ab4121fd17704fbe349d8cd9 -> 90647cc400823b41df847a6cbfc29026
  custom:SearchIndexIgnoredProperties: e643bd26f0fe6173181afceb89e7c659 -> 
  custom:container-demuxer-ogg: 62fdf1f143b41e24485cea50d1cbac27 -> 
  custom:AudioImporter_EditorPlatform: 3918e3fc78b5a79bad01e8451be0beb8 -> 
  custom:scripting/monoscript/fileName/GameManager.cs: 7cbdab9c4177b646065340f98a1bb89e -> 
  custom:scripting/monoscript/fileName/AttackComponent.cs: 58072ce04f4fb8facbfe11907df29ac3 -> 94c266d7c80e25d37d30245d87ceaa31
  custom:scripting/monoscript/fileName/BulletSpawner.cs: 07f4d43d5afce3bf1a1f5d4cebdaa402 -> 8a90a9ec341e444208dea5fc31a0933f
  custom:video-decoder-ogg-theora: a1e56fd34408186e4bbccfd4996cb3dc -> 
  custom:scripting/monoscript/fileName/MoveComponent.cs: c5abaf6bb23ebda85ee9171b49b20dfd -> 8cea3fbf55f22f52508d594fbb5143c0
  custom:scripting/monoscript/fileName/EnemySpaceship.cs: 41a55b57737353fb9fccd9b5bdfd6f1f -> 
  custom:scripting/monoscript/fileName/LayerMaskToIntExtension.cs: b2221b9da2139f7d1e6c3194640006c1 -> 6961948ffe58dd3c1db5ec0b74815dfd
  custom:scripting/monoscript/fileName/CollisionDataComponent.cs: ea89e3a9ad11111669c6ee4ba4364566 -> e97da0a46727cfbc30790c5c236e06f3
  custom:scripting/monoscript/fileName/HealthComponent.cs: 6c5502887da7b153978d26f33c9f1e7e -> 90d9e4dd1bf0d59b821a8e2571d0c502
  custom:scripting/monoscript/fileName/SpaceshipFactory.cs: a336b4230a52f9ffd092a914239c15c7 -> 
  custom:framework-osx-AVFoundation: e770b220cccbd017edd2c1fefb359320 -> 
  custom:scripting/monoscript/fileName/BulletFactory.cs: faf67a7f4535467c3e75de1d068c66b5 -> 
  custom:scripting/monoscript/fileName/SpaceshipSpawner.cs: 417ad2857056265ff1168df3333774d9 -> 3d75d840b0573376ce039a3c62b466a2
  custom:video-encoder-webm-vp8: eb34c28f22e8b96e1ab97ce403110664 -> 
  custom:scripting/precompiled-assembly-types:Gameplay: a45a205a92519d8e6e21698f1f0cf177 -> 8765d663b878d3a0ce28c71d8234d1b4
  custom:scripting/monoscript/fileName/FactoryController.cs: 1803547532a53abbbb96a9a985d883e2 -> 
  custom:scripting/monoscript/fileName/EnemyController.cs: 36f24d4e31b618e8ec9a0acf56f0adfd -> 
  custom:audio-decoder-ogg-vorbis: bf7c407c2cedff20999df2af8eb42d56 -> 
  custom:scripting/monoscript/fileName/EnemyDriverComponent.cs: bd96e8f2f4b75c9a70644dc914546748 -> d318aa1a00ef90fcc11664e176180813
  custom:scripting/monoscript/fileName/Bullet.cs: 872cf5cad6b1a9955c23406522b9cf77 -> 6258a3063046a09b965729d4164f206b
  custom:CustomObjectIndexerAttribute: 9a22284fe3817be447336de3de66b15e -> 
  custom:scripting/monoscript/fileName/EnemyAIComponent.cs: e2167f96feb6d2ffb11a4dc87e5ed1d1 -> 
  custom:scripting/monoscript/fileName/PlayerManager.cs: a77c9f80bd85d83fac231c440136003f -> 
  custom:container-demuxer-webm: 4f35f7cbe854078d1ac9338744f61a02 -> 
  custom:scripting/monoscript/fileName/DamageComponent.cs: 657c6d7b9e2cca078d1f0b9910bf16a7 -> 500f859f6e72a29e2e978c3e472046b5
  custom:scripting/monoscript/fileName/IWeapon.cs: fccf9f8b881f5a6cd15657495ae102ec -> 18a68f1a963ed4b9271c312bd01d86af
  custom:audio-encoder-webm-vorbis: bf7c407c2cedff20999df2af8eb42d56 -> 
  custom:scripting/monoscript/fileName/EnemySpawner.cs: 2c02b40d3011e9f6898d2cd47231ef02 -> 
  custom:scripting/monoscript/fileName/Spaceship.cs: 3af465ac2f27ef1b7ff6ebdab7d76acb -> 92bdb62baec5f16f686f08e21923e9cf
  custom:scripting/monoscript/fileName/IPoolable.cs: d18cf3b77b5562204bad4377c97fa3bb -> 
  custom:container-muxer-webm: aa71ff27fc2769a1b78a27578f13a17b -> 
