Unity Editor version:    2022.3.42f1 (2dcb6a0abc42)
Branch:                  2022.3/staging
Build type:              Release
Batch mode:              YES
macOS version:           Version 15.0.1 (Build 24A348)
Darwin version:          24.0.0
Architecture:            x86_64
Running under Rosetta:   NO
Available memory:        32768 MB
Using pre-set license
Pro License: YES

COMMAND LINE ARGUMENTS:
/Applications/Unity/2022.3.42f1/Unity.app/Contents/MacOS/Unity
-adb2
-batchMode
-noUpm
-name
AssetImportWorker1
-projectPath
/Users/antonbandarenka/UnityProjects/Unity_FS_Dev/Space Invaders
-logFile
Logs/AssetImportWorker1.log
-srvPort
63778
Successfully changed project path to: /Users/antonbandarenka/UnityProjects/Unity_FS_Dev/Space Invaders
/Users/antonbandarenka/UnityProjects/Unity_FS_Dev/Space Invaders
[UnityMemory] Configuration Parameters - Can be set up in boot.config
    "memorysetup-bucket-allocator-granularity=16"
    "memorysetup-bucket-allocator-bucket-count=8"
    "memorysetup-bucket-allocator-block-size=33554432"
    "memorysetup-bucket-allocator-block-count=8"
    "memorysetup-main-allocator-block-size=16777216"
    "memorysetup-thread-allocator-block-size=16777216"
    "memorysetup-gfx-main-allocator-block-size=16777216"
    "memorysetup-gfx-thread-allocator-block-size=16777216"
    "memorysetup-cache-allocator-block-size=4194304"
    "memorysetup-typetree-allocator-block-size=2097152"
    "memorysetup-profiler-bucket-allocator-granularity=16"
    "memorysetup-profiler-bucket-allocator-bucket-count=8"
    "memorysetup-profiler-bucket-allocator-block-size=33554432"
    "memorysetup-profiler-bucket-allocator-block-count=8"
    "memorysetup-profiler-allocator-block-size=16777216"
    "memorysetup-profiler-editor-allocator-block-size=1048576"
    "memorysetup-temp-allocator-size-main=16777216"
    "memorysetup-job-temp-allocator-block-size=2097152"
    "memorysetup-job-temp-allocator-block-size-background=1048576"
    "memorysetup-job-temp-allocator-reduction-small-platforms=262144"
    "memorysetup-allocator-temp-initial-block-size-main=262144"
    "memorysetup-allocator-temp-initial-block-size-worker=262144"
    "memorysetup-temp-allocator-size-background-worker=32768"
    "memorysetup-temp-allocator-size-job-worker=262144"
    "memorysetup-temp-allocator-size-preload-manager=33554432"
    "memorysetup-temp-allocator-size-nav-mesh-worker=65536"
    "memorysetup-temp-allocator-size-audio-worker=65536"
    "memorysetup-temp-allocator-size-cloud-worker=32768"
    "memorysetup-temp-allocator-size-gi-baking-worker=262144"
    "memorysetup-temp-allocator-size-gfx=262144"
Player connection [140704561870464]  Target information:

Player connection [140704561870464]  * "[IP] 10.0.1.10 [Port] 0 [Flags] 2 [Guid] 1750761450 [EditorId] 1750761450 [Version] 1048832 [Id] OSXEditor(0,iMac-Anton.local) [Debug] 1 [PackageName] OSXEditor [ProjectName] Editor" 

Player connection [140704561870464]  * "[IP] 10.0.1.20 [Port] 0 [Flags] 2 [Guid] 1750761450 [EditorId] 1750761450 [Version] 1048832 [Id] OSXEditor(0,iMac-Anton.local) [Debug] 1 [PackageName] OSXEditor [ProjectName] Editor" 

Player connection [140704561870464]  * "[IP] 10.5.0.2 [Port] 0 [Flags] 2 [Guid] 1750761450 [EditorId] 1750761450 [Version] 1048832 [Id] OSXEditor(0,iMac-Anton.local) [Debug] 1 [PackageName] OSXEditor [ProjectName] Editor" 

Player connection [140704561870464] Host joined multi-casting on [225.0.0.222:54997]...
Player connection [140704561870464] Host joined alternative multi-casting on [225.0.0.222:34997]...
[PhysX] Initialized MultithreadedTaskDispatcher with 12 workers.
Refreshing native plugins compatible for Editor in 20.80 ms, found 2 plugins.
Preloading 0 native plugins for Editor in 0.00 ms.
Initialize engine version: 2022.3.42f1 (2dcb6a0abc42)
[Subsystems] Discovering subsystems at path /Applications/Unity/2022.3.42f1/Unity.app/Contents/Resources/UnitySubsystems
[Subsystems] Discovering subsystems at path /Users/antonbandarenka/UnityProjects/Unity_FS_Dev/Space Invaders/Assets
GfxDevice: creating device client; threaded=0; jobified=0
iMac preferred device: AMD Radeon Pro 5300 (high power)
Metal devices available: 1
0: AMD Radeon Pro 5300 (high power)
Using device AMD Radeon Pro 5300 (high power)
Initializing Metal device caps: AMD Radeon Pro 5300
Initialize mono
Mono path[0] = '/Applications/Unity/2022.3.42f1/Unity.app/Contents/Managed'
Mono path[1] = '/Applications/Unity/2022.3.42f1/Unity.app/Contents/MonoBleedingEdge/lib/mono/unityjit-macos'
Mono config path = '/Applications/Unity/2022.3.42f1/Unity.app/Contents/MonoBleedingEdge/etc'
Using monoOptions --debugger-agent=transport=dt_socket,embedding=1,server=y,suspend=n,address=127.0.0.1:56426
Begin MonoManager ReloadAssembly
Registering precompiled unity dll's ...
Register platform support module: /Applications/Unity/2022.3.42f1/Unity.app/Contents/PlaybackEngines/MacStandaloneSupport/UnityEditor.OSXStandalone.Extensions.dll
Register platform support module: /Applications/Unity/2022.3.42f1/PlaybackEngines/AndroidPlayer/UnityEditor.Android.Extensions.dll
Register platform support module: /Applications/Unity/2022.3.42f1/PlaybackEngines/iOSSupport/UnityEditor.iOS.Extensions.dll
Registered in 0.002327 seconds.
- Loaded All Assemblies, in  0.516 seconds
[usbmuxd] Start listen thread
[usbmuxd] Listen thread started
[usbmuxd] Send listen message
Native extension for iOS target not found
Native extension for Android target not found
Android Extension - Scanning For ADB Devices 172 ms
Native extension for OSXStandalone target not found
Mono: successfully reloaded assembly
- Finished resetting the current domain, in  0.732 seconds
Domain Reload Profiling: 1248ms
	BeginReloadAssembly (191ms)
		ExecutionOrderSort (0ms)
		DisableScriptedObjects (0ms)
		BackupInstance (0ms)
		ReleaseScriptingObjects (0ms)
		CreateAndSetChildDomain (1ms)
	RebuildCommonClasses (55ms)
	RebuildNativeTypeToScriptingClass (16ms)
	initialDomainReloadingComplete (63ms)
	LoadAllAssembliesAndSetupDomain (190ms)
		LoadAssemblies (194ms)
		RebuildTransferFunctionScriptingTraits (0ms)
		AnalyzeDomain (185ms)
			TypeCache.Refresh (182ms)
				TypeCache.ScanAssembly (165ms)
			ScanForSourceGeneratedMonoScriptInfo (0ms)
			ResolveRequiredComponents (1ms)
	FinalizeReload (733ms)
		ReleaseScriptCaches (0ms)
		RebuildScriptCaches (0ms)
		SetupLoadedEditorAssemblies (680ms)
			LogAssemblyErrors (0ms)
			InitializePlatformSupportModulesInManaged (446ms)
			SetLoadedEditorAssemblies (4ms)
			RefreshPlugins (0ms)
			BeforeProcessingInitializeOnLoad (3ms)
			ProcessInitializeOnLoadAttributes (177ms)
			ProcessInitializeOnLoadMethodAttributes (50ms)
			AfterProcessingInitializeOnLoad (0ms)
			EditorAssembliesLoaded (0ms)
		ExecutionOrderSort2 (0ms)
		AwakeInstancesAfterBackupRestoration (0ms)
========================================================================
Worker process is ready to serve import requests
Caller must complete domain reload
Begin MonoManager ReloadAssembly
Assembly 'Library/ScriptAssemblies/Gameplay.dll' will not be loaded due to errors:
Unable to resolve reference 'Module.Spaceships'. Is the assembly missing or incompatible with the current platform?
Reference validation can be disabled in the Plugin Inspector.
Unable to resolve reference 'Module.Factories'. Is the assembly missing or incompatible with the current platform?
Reference validation can be disabled in the Plugin Inspector.
Unable to resolve reference 'Module.Bullets'. Is the assembly missing or incompatible with the current platform?
Reference validation can be disabled in the Plugin Inspector.
Symbol file LoadedFromMemory is not a mono symbol file
- Loaded All Assemblies, in  0.826 seconds
Native extension for iOS target not found
Native extension for Android target not found
Native extension for OSXStandalone target not found
Package Manager log level set to [2]
[Package Manager] Server::EnsureServerProcessIsRunning -- launch failed, reason: Unity was launched with the -noUpm command-line argument
[Package Manager] UpmClient::Send -- Unable to send message (not connected to UPM process).
[Package Manager] Cannot connect to Unity Package Manager local server
Mono: successfully reloaded assembly
- Finished resetting the current domain, in  0.878 seconds
Domain Reload Profiling: 1703ms
	BeginReloadAssembly (183ms)
		ExecutionOrderSort (0ms)
		DisableScriptedObjects (6ms)
		BackupInstance (0ms)
		ReleaseScriptingObjects (0ms)
		CreateAndSetChildDomain (39ms)
	RebuildCommonClasses (41ms)
	RebuildNativeTypeToScriptingClass (13ms)
	initialDomainReloadingComplete (45ms)
	LoadAllAssembliesAndSetupDomain (544ms)
		LoadAssemblies (472ms)
		RebuildTransferFunctionScriptingTraits (0ms)
		AnalyzeDomain (171ms)
			TypeCache.Refresh (146ms)
				TypeCache.ScanAssembly (122ms)
			ScanForSourceGeneratedMonoScriptInfo (19ms)
			ResolveRequiredComponents (3ms)
	FinalizeReload (878ms)
		ReleaseScriptCaches (0ms)
		RebuildScriptCaches (0ms)
		SetupLoadedEditorAssemblies (672ms)
			LogAssemblyErrors (0ms)
			InitializePlatformSupportModulesInManaged (71ms)
			SetLoadedEditorAssemblies (5ms)
			RefreshPlugins (0ms)
			BeforeProcessingInitializeOnLoad (66ms)
			ProcessInitializeOnLoadAttributes (355ms)
			ProcessInitializeOnLoadMethodAttributes (173ms)
			AfterProcessingInitializeOnLoad (1ms)
			EditorAssembliesLoaded (0ms)
		ExecutionOrderSort2 (0ms)
		AwakeInstancesAfterBackupRestoration (4ms)
Launching external process: /Applications/Unity/2022.3.42f1/Unity.app/Contents/Tools/UnityShaderCompiler
Launched and connected shader compiler UnityShaderCompiler after 0.05 seconds
Refreshing native plugins compatible for Editor in 6.72 ms, found 2 plugins.
Preloading 0 native plugins for Editor in 0.00 ms.
Unloading 2496 Unused Serialized files (Serialized files now loaded: 0)
Unloading 22 unused Assets / (47.1 KB). Loaded Objects now: 2974.
Memory consumption went from 120.6 MB to 120.6 MB.
Total: 7.698651 ms (FindLiveObjects: 0.307058 ms CreateObjectMapping: 0.208617 ms MarkObjects: 7.062608 ms  DeleteObjects: 0.119328 ms)

AssetImportParameters requested are different than current active one (requested -> active):
  custom:video-decoder-webm-vp8: 9c59270c3fd7afecdb556c50c9e8de78 -> 
  custom:SearchIndexIgnoredProperties: e643bd26f0fe6173181afceb89e7c659 -> 
  custom:scripting/precompiled-assembly-types:Module.Spaceships: 693ebd3933391a34eed71fd13e0829e3 -> 
  custom:container-demuxer-ogg: 62fdf1f143b41e24485cea50d1cbac27 -> 
  custom:AudioImporter_EditorPlatform: 3918e3fc78b5a79bad01e8451be0beb8 -> 
  custom:scripting/monoscript/fileName/GameManager.cs: 99b4af300dbabab1bf0651d18542362c -> 
  custom:scripting/precompiled-assembly-types:Module.Bullets: 8f9529c460c9a719604a37bcb8bd6e92 -> 
  custom:video-decoder-ogg-theora: a1e56fd34408186e4bbccfd4996cb3dc -> 
  custom:scripting/monoscript/fileName/EnemySpaceship.cs: 180e62b4b1160ae3b42279d7cb1441c2 -> 
  custom:scripting/monoscript/fileName/FactoryData.cs: 77645cd056fc21f1102ceafa1de57791 -> 
  custom:scripting/monoscript/fileName/SpaceshipFactory.cs: 29d47236862beee4ad2813f6b1a4d420 -> 
  custom:framework-osx-AVFoundation: e770b220cccbd017edd2c1fefb359320 -> 
  custom:scripting/monoscript/fileName/BulletFactory.cs: c2a038eb3c09976663a0645fac9d0470 -> 
  custom:video-encoder-webm-vp8: eb34c28f22e8b96e1ab97ce403110664 -> 
  custom:scripting/precompiled-assembly-types:Gameplay: 423b762ff8b8220790c29f64059ac872 -> 
  custom:scripting/monoscript/fileName/PlayerSpaceship.cs: f34c1243d79a602d8c9f49f458e5a346 -> 
  custom:scripting/monoscript/fileName/FactoryController.cs: 1f9bc35c960d1e9f58bec472ee616bed -> 
  custom:scripting/monoscript/fileName/EnemyController.cs: fe1713ebcb3d2fe550e51ea3a1f80c41 -> 
  custom:audio-decoder-ogg-vorbis: bf7c407c2cedff20999df2af8eb42d56 -> 
  custom:scripting/monoscript/fileName/PlayerController.cs: ef9137aea129f72ae480f78a6f1e992a -> 
  custom:scripting/monoscript/fileName/InputListener.cs: 9ebd68d3dc6e38d3aa74e8807b3e0f15 -> 16cdd86a54d143679f8d878256715e2a
  custom:scripting/monoscript/fileName/Bullet.cs: 33692b9af6fe626002a2debe144ec0cb -> 
  custom:CustomObjectIndexerAttribute: 9a22284fe3817be447336de3de66b15e -> 
  custom:scripting/precompiled-assembly-types:Module.Factories: 57c1167acc0efd8ff633b1b12cadf5d7 -> 
  custom:container-demuxer-webm: 4f35f7cbe854078d1ac9338744f61a02 -> 
  custom:audio-encoder-webm-vorbis: bf7c407c2cedff20999df2af8eb42d56 -> 
  custom:scripting/monoscript/fileName/LevelBackground.cs: ac3060594d71fb283152c1f8ff93e1f5 -> 61bc142b2b8d0d93a494e19ebbe067f5
  custom:scripting/monoscript/fileName/GetRandomItemExtension.cs: 4202164e9072840d139a04d01844a31c -> a7af28d9cd70671ea9adccbf56e26bc7
  custom:scripting/monoscript/fileName/SpaceshipBase.cs: 82bc4b10cae2af6bf0c4f9a6ed9e7667 -> 
  custom:container-muxer-webm: aa71ff27fc2769a1b78a27578f13a17b -> 
  custom:scripting/monoscript/fileName/ObjectPool.cs: d81fe1a86eaaaaa888ee50e17a01544a -> 90647cc400823b41df847a6cbfc29026
========================================================================
Received Prepare
Caller must complete domain reload
Begin MonoManager ReloadAssembly
Symbol file LoadedFromMemory is not a mono symbol file
- Loaded All Assemblies, in  0.543 seconds
Native extension for iOS target not found
Native extension for Android target not found
Native extension for OSXStandalone target not found
[Package Manager] Server::EnsureServerProcessIsRunning -- launch failed, reason: Unity was launched with the -noUpm command-line argument
[Package Manager] UpmClient::Send -- Unable to send message (not connected to UPM process).
[Package Manager] Cannot connect to Unity Package Manager local server
Mono: successfully reloaded assembly
- Finished resetting the current domain, in  1.375 seconds
Domain Reload Profiling: 1919ms
	BeginReloadAssembly (158ms)
		ExecutionOrderSort (0ms)
		DisableScriptedObjects (6ms)
		BackupInstance (0ms)
		ReleaseScriptingObjects (0ms)
		CreateAndSetChildDomain (47ms)
	RebuildCommonClasses (39ms)
	RebuildNativeTypeToScriptingClass (13ms)
	initialDomainReloadingComplete (25ms)
	LoadAllAssembliesAndSetupDomain (308ms)
		LoadAssemblies (363ms)
		RebuildTransferFunctionScriptingTraits (0ms)
		AnalyzeDomain (22ms)
			TypeCache.Refresh (8ms)
				TypeCache.ScanAssembly (0ms)
			ScanForSourceGeneratedMonoScriptInfo (8ms)
			ResolveRequiredComponents (3ms)
	FinalizeReload (1376ms)
		ReleaseScriptCaches (0ms)
		RebuildScriptCaches (0ms)
		SetupLoadedEditorAssemblies (622ms)
			LogAssemblyErrors (0ms)
			InitializePlatformSupportModulesInManaged (68ms)
			SetLoadedEditorAssemblies (4ms)
			RefreshPlugins (0ms)
			BeforeProcessingInitializeOnLoad (61ms)
			ProcessInitializeOnLoadAttributes (324ms)
			ProcessInitializeOnLoadMethodAttributes (163ms)
			AfterProcessingInitializeOnLoad (1ms)
			EditorAssembliesLoaded (0ms)
		ExecutionOrderSort2 (0ms)
		AwakeInstancesAfterBackupRestoration (4ms)
Refreshing native plugins compatible for Editor in 5.35 ms, found 2 plugins.
Preloading 0 native plugins for Editor in 0.00 ms.
Unloading 2476 Unused Serialized files (Serialized files now loaded: 0)
Unloading 13 unused Assets / (26.9 KB). Loaded Objects now: 2977.
Memory consumption went from 124.1 MB to 124.1 MB.
Total: 5.995365 ms (FindLiveObjects: 0.187542 ms CreateObjectMapping: 0.185488 ms MarkObjects: 5.587184 ms  DeleteObjects: 0.034307 ms)

Prepare: number of updated asset objects reloaded= 0
AssetImportParameters requested are different than current active one (requested -> active):
  custom:video-decoder-webm-vp8: 9c59270c3fd7afecdb556c50c9e8de78 -> 
  custom:SearchIndexIgnoredProperties: e643bd26f0fe6173181afceb89e7c659 -> 
  custom:container-demuxer-ogg: 62fdf1f143b41e24485cea50d1cbac27 -> 
  custom:AudioImporter_EditorPlatform: 3918e3fc78b5a79bad01e8451be0beb8 -> 
  custom:scripting/monoscript/fileName/GameManager.cs: 21ade924daf7e6eb33dc4f2b3eac6060 -> 
  custom:video-decoder-ogg-theora: a1e56fd34408186e4bbccfd4996cb3dc -> 
  custom:scripting/monoscript/fileName/EnemySpaceship.cs: 2c2b4ee8139c058baa1f4128a150ec7c -> 
  custom:scripting/monoscript/fileName/FactoryData.cs: 2e72705bfb5ed6fc6284efae2fb4f4a2 -> 
  custom:scripting/monoscript/fileName/SpaceshipFactory.cs: a96b8e44d38b38828c09833320c36ee2 -> 
  custom:framework-osx-AVFoundation: e770b220cccbd017edd2c1fefb359320 -> 
  custom:scripting/monoscript/fileName/BulletFactory.cs: 7d448f6cf742f7dfb239c8cd14208423 -> 
  custom:video-encoder-webm-vp8: eb34c28f22e8b96e1ab97ce403110664 -> 
  custom:scripting/monoscript/fileName/PlayerSpaceship.cs: aa83c35a321eec9ae806eb33fa21bb5c -> 
  custom:scripting/monoscript/fileName/FactoryController.cs: ef7cfa5f62bce51d5c0764139c13ebdb -> 
  custom:scripting/monoscript/fileName/EnemyController.cs: 374e69e7828afdff4695d54f237572f2 -> 
  custom:audio-decoder-ogg-vorbis: bf7c407c2cedff20999df2af8eb42d56 -> 
  custom:scripting/monoscript/fileName/PlayerController.cs: 2987f984c4b242ec2885ed6cbaf241cf -> 
  custom:scripting/monoscript/fileName/InputListener.cs: 9ebd68d3dc6e38d3aa74e8807b3e0f15 -> 16cdd86a54d143679f8d878256715e2a
  custom:scripting/monoscript/fileName/Bullet.cs: 1bfd58c50acd936c7c953a5850570d25 -> 
  custom:CustomObjectIndexerAttribute: 9a22284fe3817be447336de3de66b15e -> 
  custom:container-demuxer-webm: 4f35f7cbe854078d1ac9338744f61a02 -> 
  custom:audio-encoder-webm-vorbis: bf7c407c2cedff20999df2af8eb42d56 -> 
  custom:scripting/monoscript/fileName/LevelBackground.cs: ac3060594d71fb283152c1f8ff93e1f5 -> 61bc142b2b8d0d93a494e19ebbe067f5
  custom:scripting/monoscript/fileName/GetRandomItemExtension.cs: 4202164e9072840d139a04d01844a31c -> a7af28d9cd70671ea9adccbf56e26bc7
  custom:scripting/precompiled-assembly-types:Assembly-CSharp: 47c516d7d8fb3f631425f387255fb783 -> 
  custom:scripting/monoscript/fileName/SpaceshipBase.cs: c9759f6e7473cd1a7c632bf26299f63c -> 
  custom:container-muxer-webm: aa71ff27fc2769a1b78a27578f13a17b -> 
  custom:scripting/monoscript/fileName/ObjectPool.cs: d81fe1a86eaaaaa888ee50e17a01544a -> 90647cc400823b41df847a6cbfc29026
========================================================================
Received Prepare
Caller must complete domain reload
Begin MonoManager ReloadAssembly
Symbol file LoadedFromMemory is not a mono symbol file
- Loaded All Assemblies, in  0.488 seconds
Native extension for iOS target not found
Native extension for Android target not found
Native extension for OSXStandalone target not found
[Package Manager] Server::EnsureServerProcessIsRunning -- launch failed, reason: Unity was launched with the -noUpm command-line argument
[Package Manager] UpmClient::Send -- Unable to send message (not connected to UPM process).
[Package Manager] Cannot connect to Unity Package Manager local server
Mono: successfully reloaded assembly
- Finished resetting the current domain, in  1.652 seconds
Domain Reload Profiling: 2140ms
	BeginReloadAssembly (155ms)
		ExecutionOrderSort (0ms)
		DisableScriptedObjects (6ms)
		BackupInstance (0ms)
		ReleaseScriptingObjects (0ms)
		CreateAndSetChildDomain (45ms)
	RebuildCommonClasses (39ms)
	RebuildNativeTypeToScriptingClass (12ms)
	initialDomainReloadingComplete (24ms)
	LoadAllAssembliesAndSetupDomain (258ms)
		LoadAssemblies (301ms)
		RebuildTransferFunctionScriptingTraits (0ms)
		AnalyzeDomain (32ms)
			TypeCache.Refresh (9ms)
				TypeCache.ScanAssembly (0ms)
			ScanForSourceGeneratedMonoScriptInfo (14ms)
			ResolveRequiredComponents (6ms)
	FinalizeReload (1652ms)
		ReleaseScriptCaches (0ms)
		RebuildScriptCaches (0ms)
		SetupLoadedEditorAssemblies (722ms)
			LogAssemblyErrors (0ms)
			InitializePlatformSupportModulesInManaged (77ms)
			SetLoadedEditorAssemblies (4ms)
			RefreshPlugins (0ms)
			BeforeProcessingInitializeOnLoad (66ms)
			ProcessInitializeOnLoadAttributes (338ms)
			ProcessInitializeOnLoadMethodAttributes (235ms)
			AfterProcessingInitializeOnLoad (1ms)
			EditorAssembliesLoaded (0ms)
		ExecutionOrderSort2 (0ms)
		AwakeInstancesAfterBackupRestoration (6ms)
Refreshing native plugins compatible for Editor in 5.87 ms, found 2 plugins.
Preloading 0 native plugins for Editor in 0.00 ms.
Unloading 2476 Unused Serialized files (Serialized files now loaded: 0)
Unloading 13 unused Assets / (26.9 KB). Loaded Objects now: 2980.
Memory consumption went from 132.4 MB to 132.4 MB.
Total: 6.367000 ms (FindLiveObjects: 0.209060 ms CreateObjectMapping: 0.266238 ms MarkObjects: 5.850647 ms  DeleteObjects: 0.040044 ms)

Prepare: number of updated asset objects reloaded= 0
AssetImportParameters requested are different than current active one (requested -> active):
  custom:video-decoder-webm-vp8: 9c59270c3fd7afecdb556c50c9e8de78 -> 
  custom:SearchIndexIgnoredProperties: e643bd26f0fe6173181afceb89e7c659 -> 
  custom:container-demuxer-ogg: 62fdf1f143b41e24485cea50d1cbac27 -> 
  custom:AudioImporter_EditorPlatform: 3918e3fc78b5a79bad01e8451be0beb8 -> 
  custom:scripting/monoscript/fileName/GameManager.cs: 827def024d9925591b218928d5334c2b -> 
  custom:video-decoder-ogg-theora: a1e56fd34408186e4bbccfd4996cb3dc -> 
  custom:scripting/monoscript/fileName/EnemySpaceship.cs: 2c2b4ee8139c058baa1f4128a150ec7c -> 
  custom:scripting/monoscript/fileName/FactoryData.cs: 2e72705bfb5ed6fc6284efae2fb4f4a2 -> 
  custom:scripting/monoscript/fileName/SpaceshipFactory.cs: a96b8e44d38b38828c09833320c36ee2 -> 
  custom:framework-osx-AVFoundation: e770b220cccbd017edd2c1fefb359320 -> 
  custom:scripting/monoscript/fileName/BulletFactory.cs: 7d448f6cf742f7dfb239c8cd14208423 -> 
  custom:video-encoder-webm-vp8: eb34c28f22e8b96e1ab97ce403110664 -> 
  custom:scripting/monoscript/fileName/PlayerSpaceship.cs: aa83c35a321eec9ae806eb33fa21bb5c -> 
  custom:scripting/monoscript/fileName/FactoryController.cs: fb5aa676dfc92c3c580328603a9ef4e1 -> 
  custom:scripting/monoscript/fileName/EnemyController.cs: cbcfac75cc7ccb110f93abf2ddf071f6 -> 
  custom:audio-decoder-ogg-vorbis: bf7c407c2cedff20999df2af8eb42d56 -> 
  custom:scripting/monoscript/fileName/PlayerController.cs: e104fb57a69958af34ece97089b95f71 -> 
  custom:scripting/monoscript/fileName/InputListener.cs: 9ebd68d3dc6e38d3aa74e8807b3e0f15 -> 16cdd86a54d143679f8d878256715e2a
  custom:scripting/monoscript/fileName/Bullet.cs: 1bfd58c50acd936c7c953a5850570d25 -> 
  custom:CustomObjectIndexerAttribute: 9a22284fe3817be447336de3de66b15e -> 
  custom:container-demuxer-webm: 4f35f7cbe854078d1ac9338744f61a02 -> 
  custom:audio-encoder-webm-vorbis: bf7c407c2cedff20999df2af8eb42d56 -> 
  custom:scripting/monoscript/fileName/LevelBackground.cs: ac3060594d71fb283152c1f8ff93e1f5 -> 61bc142b2b8d0d93a494e19ebbe067f5
  custom:scripting/monoscript/fileName/GetRandomItemExtension.cs: 4202164e9072840d139a04d01844a31c -> a7af28d9cd70671ea9adccbf56e26bc7
  custom:scripting/precompiled-assembly-types:Assembly-CSharp: 7c59219f6cf343bb01fa7ed757e99cfb -> 
  custom:scripting/monoscript/fileName/SpaceshipBase.cs: c9759f6e7473cd1a7c632bf26299f63c -> 
  custom:container-muxer-webm: aa71ff27fc2769a1b78a27578f13a17b -> 
  custom:scripting/monoscript/fileName/ObjectPool.cs: d81fe1a86eaaaaa888ee50e17a01544a -> 90647cc400823b41df847a6cbfc29026
========================================================================
Received Prepare
Caller must complete domain reload
Begin MonoManager ReloadAssembly
Symbol file LoadedFromMemory is not a mono symbol file
- Loaded All Assemblies, in  0.466 seconds
Native extension for iOS target not found
Native extension for Android target not found
Native extension for OSXStandalone target not found
[Package Manager] Server::EnsureServerProcessIsRunning -- launch failed, reason: Unity was launched with the -noUpm command-line argument
[Package Manager] UpmClient::Send -- Unable to send message (not connected to UPM process).
[Package Manager] Cannot connect to Unity Package Manager local server
Mono: successfully reloaded assembly
- Finished resetting the current domain, in  1.392 seconds
Domain Reload Profiling: 1858ms
	BeginReloadAssembly (153ms)
		ExecutionOrderSort (0ms)
		DisableScriptedObjects (6ms)
		BackupInstance (0ms)
		ReleaseScriptingObjects (0ms)
		CreateAndSetChildDomain (44ms)
	RebuildCommonClasses (38ms)
	RebuildNativeTypeToScriptingClass (12ms)
	initialDomainReloadingComplete (24ms)
	LoadAllAssembliesAndSetupDomain (238ms)
		LoadAssemblies (292ms)
		RebuildTransferFunctionScriptingTraits (0ms)
		AnalyzeDomain (22ms)
			TypeCache.Refresh (9ms)
				TypeCache.ScanAssembly (0ms)
			ScanForSourceGeneratedMonoScriptInfo (7ms)
			ResolveRequiredComponents (3ms)
	FinalizeReload (1392ms)
		ReleaseScriptCaches (0ms)
		RebuildScriptCaches (0ms)
		SetupLoadedEditorAssemblies (631ms)
			LogAssemblyErrors (0ms)
			InitializePlatformSupportModulesInManaged (71ms)
			SetLoadedEditorAssemblies (4ms)
			RefreshPlugins (0ms)
			BeforeProcessingInitializeOnLoad (60ms)
			ProcessInitializeOnLoadAttributes (328ms)
			ProcessInitializeOnLoadMethodAttributes (166ms)
			AfterProcessingInitializeOnLoad (1ms)
			EditorAssembliesLoaded (0ms)
		ExecutionOrderSort2 (0ms)
		AwakeInstancesAfterBackupRestoration (5ms)
Refreshing native plugins compatible for Editor in 5.90 ms, found 2 plugins.
Preloading 0 native plugins for Editor in 0.00 ms.
Unloading 2476 Unused Serialized files (Serialized files now loaded: 0)
Unloading 13 unused Assets / (26.9 KB). Loaded Objects now: 2983.
Memory consumption went from 140.7 MB to 140.7 MB.
Total: 6.136266 ms (FindLiveObjects: 0.187416 ms CreateObjectMapping: 0.156303 ms MarkObjects: 5.733834 ms  DeleteObjects: 0.057876 ms)

Prepare: number of updated asset objects reloaded= 0
AssetImportParameters requested are different than current active one (requested -> active):
  custom:video-decoder-webm-vp8: 9c59270c3fd7afecdb556c50c9e8de78 -> 
  custom:SearchIndexIgnoredProperties: e643bd26f0fe6173181afceb89e7c659 -> 
  custom:container-demuxer-ogg: 62fdf1f143b41e24485cea50d1cbac27 -> 
  custom:AudioImporter_EditorPlatform: 3918e3fc78b5a79bad01e8451be0beb8 -> 
  custom:scripting/monoscript/fileName/GameManager.cs: aeddc0998b115fbb9447e00c233b0f3a -> 
  custom:video-decoder-ogg-theora: a1e56fd34408186e4bbccfd4996cb3dc -> 
  custom:scripting/monoscript/fileName/EnemySpaceship.cs: e068cbb7e9cf46709664eaf91243bf8a -> 
  custom:scripting/monoscript/fileName/FactoryData.cs: 375c59363c4423c725b5175aa4d028b6 -> 
  custom:scripting/monoscript/fileName/SpaceshipFactory.cs: 12b71548f5bdf31d478baba25e7b8bcd -> 
  custom:framework-osx-AVFoundation: e770b220cccbd017edd2c1fefb359320 -> 
  custom:scripting/monoscript/fileName/BulletFactory.cs: 8319296b81a3424a4543b3e304a99891 -> 
  custom:video-encoder-webm-vp8: eb34c28f22e8b96e1ab97ce403110664 -> 
  custom:scripting/precompiled-assembly-types:Gameplay: 6e442a2acc3f2430fb1ad3ca453eedb8 -> 
  custom:scripting/monoscript/fileName/PlayerSpaceship.cs: cbbe6b2f9155fbedca5cb0e769a09614 -> 
  custom:scripting/monoscript/fileName/FactoryController.cs: 439ca0a90a22043e158788948dbcafb6 -> 
  custom:scripting/monoscript/fileName/EnemyController.cs: 0f67c5dcc245e654a1866e0f3bc11611 -> 
  custom:audio-decoder-ogg-vorbis: bf7c407c2cedff20999df2af8eb42d56 -> 
  custom:scripting/monoscript/fileName/PlayerController.cs: 335dab55f43d1bda8cd82d56e29cbc91 -> 
  custom:scripting/monoscript/fileName/InputListener.cs: 9ebd68d3dc6e38d3aa74e8807b3e0f15 -> 16cdd86a54d143679f8d878256715e2a
  custom:scripting/monoscript/fileName/Bullet.cs: ca29e53dffbbb4804b9edfd8e2c14c5f -> 
  custom:CustomObjectIndexerAttribute: 9a22284fe3817be447336de3de66b15e -> 
  custom:container-demuxer-webm: 4f35f7cbe854078d1ac9338744f61a02 -> 
  custom:audio-encoder-webm-vorbis: bf7c407c2cedff20999df2af8eb42d56 -> 
  custom:scripting/monoscript/fileName/LevelBackground.cs: ac3060594d71fb283152c1f8ff93e1f5 -> 61bc142b2b8d0d93a494e19ebbe067f5
  custom:scripting/monoscript/fileName/GetRandomItemExtension.cs: 4202164e9072840d139a04d01844a31c -> a7af28d9cd70671ea9adccbf56e26bc7
  custom:scripting/monoscript/fileName/SpaceshipBase.cs: 3a57e375ea4d0cc69a8e43642206e71f -> 
  custom:container-muxer-webm: aa71ff27fc2769a1b78a27578f13a17b -> 
  custom:scripting/monoscript/fileName/ObjectPool.cs: d81fe1a86eaaaaa888ee50e17a01544a -> 90647cc400823b41df847a6cbfc29026
